<?xml version="1.0" encoding="UTF-8"?>
<coverage generated="1774587328960" clover="3.2.0">
  <project timestamp="1774587328961" name="All files">
    <metrics statements="445" coveredstatements="413" conditionals="118" coveredconditionals="88" methods="137" coveredmethods="130" elements="700" coveredelements="631" complexity="0" loc="445" ncloc="445" packages="8" files="15" classes="15"/>
    <package name="publishTab">
      <metrics statements="36" coveredstatements="33" conditionals="3" coveredconditionals="1" methods="7" coveredmethods="4"/>
      <file name="bootstrap.tsx" path="C:\Users\CedricArnould\source\repos\PublishHtmlTab\src\publishTab\bootstrap.tsx">
        <metrics statements="23" coveredstatements="20" conditionals="3" coveredconditionals="1" methods="7" coveredmethods="4"/>
        <line num="1" count="1" type="stmt"/>
        <line num="2" count="1" type="stmt"/>
        <line num="3" count="1" type="stmt"/>
        <line num="7" count="1" type="stmt"/>
        <line num="8" count="1" type="stmt"/>
        <line num="10" count="1" type="stmt"/>
        <line num="19" count="1" type="stmt"/>
        <line num="21" count="2" type="stmt"/>
        <line num="23" count="2" type="stmt"/>
        <line num="25" count="2" type="stmt"/>
        <line num="26" count="2" type="stmt"/>
        <line num="27" count="2" type="stmt"/>
        <line num="28" count="0" type="stmt"/>
        <line num="33" count="0" type="stmt"/>
        <line num="50" count="2" type="stmt"/>
        <line num="51" count="2" type="stmt"/>
        <line num="53" count="2" type="stmt"/>
        <line num="56" count="2" type="cond" truecount="1" falsecount="0"/>
        <line num="57" count="1" type="stmt"/>
        <line num="60" count="1" type="stmt"/>
        <line num="61" count="1" type="stmt"/>
        <line num="63" count="1" type="stmt"/>
        <line num="82" count="0" type="cond" truecount="0" falsecount="2"/>
      </file>
      <file name="constants.ts" path="C:\Users\CedricArnould\source\repos\PublishHtmlTab\src\publishTab\constants.ts">
        <metrics statements="13" coveredstatements="13" conditionals="0" coveredconditionals="0" methods="0" coveredmethods="0"/>
        <line num="1" count="7" type="stmt"/>
        <line num="2" count="7" type="stmt"/>
        <line num="3" count="7" type="stmt"/>
        <line num="5" count="7" type="stmt"/>
        <line num="8" count="7" type="stmt"/>
        <line num="9" count="7" type="stmt"/>
        <line num="10" count="7" type="stmt"/>
        <line num="11" count="7" type="stmt"/>
        <line num="13" count="7" type="stmt"/>
        <line num="16" count="7" type="stmt"/>
        <line num="17" count="7" type="stmt"/>
        <line num="18" count="7" type="stmt"/>
        <line num="20" count="7" type="stmt"/>
      </file>
    </package>
    <package name="publishTab.services.attachments">
      <metrics statements="58" coveredstatements="56" conditionals="10" coveredconditionals="7" methods="17" coveredmethods="16"/>
      <file name="AttachmentClient.ts" path="C:\Users\CedricArnould\source\repos\PublishHtmlTab\src\publishTab\services\attachments\AttachmentClient.ts">
        <metrics statements="48" coveredstatements="46" conditionals="10" coveredconditionals="7" methods="15" coveredmethods="14"/>
        <line num="1" count="2" type="stmt"/>
        <line num="10" count="2" type="stmt"/>
        <line num="12" count="9" type="stmt"/>
        <line num="13" count="9" type="stmt"/>
        <line num="14" count="9" type="stmt"/>
        <line num="16" count="9" type="stmt"/>
        <line num="25" count="9" type="stmt"/>
        <line num="26" count="9" type="stmt"/>
        <line num="27" count="9" type="stmt"/>
        <line num="36" count="1" type="stmt"/>
        <line num="45" count="0" type="stmt"/>
        <line num="54" count="8" type="stmt"/>
        <line num="68" count="2" type="cond" truecount="1" falsecount="0"/>
        <line num="69" count="1" type="stmt"/>
        <line num="73" count="1" type="stmt"/>
        <line num="79" count="2" type="stmt"/>
        <line num="90" count="4" type="cond" truecount="1" falsecount="1"/>
        <line num="93" count="4" type="stmt"/>
        <line num="104" count="1" type="cond" truecount="1" falsecount="1"/>
        <line num="107" count="1" type="stmt"/>
        <line num="123" count="1" type="stmt"/>
        <line num="127" count="1" type="stmt"/>
        <line num="128" count="1" type="stmt"/>
        <line num="129" count="1" type="stmt"/>
        <line num="131" count="1" type="stmt"/>
        <line num="132" count="1" type="stmt"/>
        <line num="133" count="1" type="stmt"/>
        <line num="135" count="1" type="stmt"/>
        <line num="150" count="7" type="stmt"/>
        <line num="151" count="7" type="stmt"/>
        <line num="154" count="7" type="cond" truecount="0" falsecount="1"/>
        <line num="155" count="0" type="stmt"/>
        <line num="158" count="7" type="stmt"/>
        <line num="174" count="6" type="cond" truecount="1" falsecount="0"/>
        <line num="175" count="5" type="stmt"/>
        <line num="176" count="5" type="stmt"/>
        <line num="183" count="6" type="stmt"/>
        <line num="187" count="6" type="stmt"/>
        <line num="192" count="6" type="cond" truecount="1" falsecount="0"/>
        <line num="193" count="1" type="stmt"/>
        <line num="196" count="5" type="stmt"/>
        <line num="211" count="5" type="stmt"/>
        <line num="215" count="4" type="stmt"/>
        <line num="226" count="5" type="stmt"/>
        <line num="227" count="5" type="stmt"/>
        <line num="229" count="5" type="stmt"/>
        <line num="230" count="50" type="stmt"/>
        <line num="233" count="5" type="stmt"/>
      </file>
      <file name="BuildAttachmentClient.ts" path="C:\Users\CedricArnould\source\repos\PublishHtmlTab\src\publishTab\services\attachments\BuildAttachmentClient.ts">
        <metrics statements="10" coveredstatements="10" conditionals="0" coveredconditionals="0" methods="2" coveredmethods="2"/>
        <line num="1" count="1" type="stmt"/>
        <line num="2" count="1" type="stmt"/>
        <line num="4" count="1" type="stmt"/>
        <line num="9" count="1" type="stmt"/>
        <line num="14" count="1" type="stmt"/>
        <line num="19" count="2" type="stmt"/>
        <line num="20" count="2" type="stmt"/>
        <line num="31" count="2" type="stmt"/>
        <line num="33" count="2" type="stmt"/>
        <line num="51" count="1" type="stmt"/>
      </file>
    </package>
    <package name="publishTab.services.navigation">
      <metrics statements="16" coveredstatements="16" conditionals="4" coveredconditionals="3" methods="3" coveredmethods="3"/>
      <file name="HostNavigationService.ts" path="C:\Users\CedricArnould\source\repos\PublishHtmlTab\src\publishTab\services\navigation\HostNavigationService.ts">
        <metrics statements="16" coveredstatements="16" conditionals="4" coveredconditionals="3" methods="3" coveredmethods="3"/>
        <line num="1" count="1" type="stmt"/>
        <line num="8" count="1" type="stmt"/>
        <line num="13" count="1" type="stmt"/>
        <line num="23" count="2" type="stmt"/>
        <line num="24" count="2" type="stmt"/>
        <line num="25" count="1" type="stmt"/>
        <line num="30" count="1" type="stmt"/>
        <line num="45" count="4" type="cond" truecount="1" falsecount="0"/>
        <line num="46" count="1" type="stmt"/>
        <line num="49" count="3" type="stmt"/>
        <line num="51" count="3" type="stmt"/>
        <line num="52" count="2" type="stmt"/>
        <line num="57" count="1" type="stmt"/>
        <line num="67" count="5" type="cond" truecount="1" falsecount="0"/>
        <line num="68" count="4" type="stmt"/>
        <line num="74" count="5" type="stmt"/>
      </file>
    </package>
    <package name="publishTab.services.reports">
      <metrics statements="149" coveredstatements="133" conditionals="28" coveredconditionals="19" methods="41" coveredmethods="39"/>
      <file name="ReportHtmlService.ts" path="C:\Users\CedricArnould\source\repos\PublishHtmlTab\src\publishTab\services\reports\ReportHtmlService.ts">
        <metrics statements="149" coveredstatements="133" conditionals="28" coveredconditionals="19" methods="41" coveredmethods="39"/>
        <line num="1" count="1" type="stmt"/>
        <line num="8" count="1" type="stmt"/>
        <line num="9" count="1" type="stmt"/>
        <line num="15" count="1" type="stmt"/>
        <line num="26" count="1" type="stmt"/>
        <line num="28" count="5" type="stmt"/>
        <line num="29" count="5" type="stmt"/>
        <line num="30" count="5" type="stmt"/>
        <line num="38" count="5" type="stmt"/>
        <line num="48" count="1" type="stmt"/>
        <line num="49" count="1" type="stmt"/>
        <line num="50" count="1" type="stmt"/>
        <line num="51" count="1" type="stmt"/>
        <line num="66" count="6" type="cond" truecount="1" falsecount="0"/>
        <line num="69" count="1" type="stmt"/>
        <line num="70" count="1" type="stmt"/>
        <line num="73" count="5" type="stmt"/>
        <line num="77" count="5" type="cond" truecount="1" falsecount="0"/>
        <line num="78" count="1" type="stmt"/>
        <line num="81" count="4" type="stmt"/>
        <line num="82" count="4" type="stmt"/>
        <line num="87" count="4" type="stmt"/>
        <line num="103" count="4" type="stmt"/>
        <line num="104" count="4" type="stmt"/>
        <line num="105" count="4" type="stmt"/>
        <line num="106" count="4" type="stmt"/>
        <line num="112" count="4" type="stmt"/>
        <line num="113" count="4" type="stmt"/>
        <line num="115" count="4" type="stmt"/>
        <line num="133" count="4" type="stmt"/>
        <line num="135" count="4" type="stmt"/>
        <line num="141" count="4" type="stmt"/>
        <line num="147" count="4" type="stmt"/>
        <line num="148" count="4" type="stmt"/>
        <line num="164" count="4" type="stmt"/>
        <line num="169" count="12" type="stmt"/>
        <line num="194" count="4" type="stmt"/>
        <line num="220" count="4" type="stmt"/>
        <line num="226" count="4" type="stmt"/>
        <line num="228" count="1" type="stmt"/>
        <line num="252" count="4" type="stmt"/>
        <line num="256" count="4" type="stmt"/>
        <line num="258" count="3" type="stmt"/>
        <line num="280" count="1" type="stmt"/>
        <line num="281" count="1" type="cond" truecount="2" falsecount="1"/>
        <line num="282" count="0" type="stmt"/>
        <line num="285" count="1" type="stmt"/>
        <line num="290" count="1" type="cond" truecount="0" falsecount="1"/>
        <line num="291" count="0" type="stmt"/>
        <line num="294" count="1" type="stmt"/>
        <line num="297" count="1" type="stmt"/>
        <line num="298" count="1" type="stmt"/>
        <line num="303" count="1" type="stmt"/>
        <line num="319" count="3" type="stmt"/>
        <line num="320" count="3" type="cond" truecount="2" falsecount="1"/>
        <line num="321" count="0" type="stmt"/>
        <line num="324" count="3" type="stmt"/>
        <line num="329" count="3" type="cond" truecount="0" falsecount="1"/>
        <line num="330" count="0" type="stmt"/>
        <line num="333" count="3" type="stmt"/>
        <line num="336" count="3" type="stmt"/>
        <line num="354" count="4" type="stmt"/>
        <line num="357" count="3" type="stmt"/>
        <line num="381" count="3" type="stmt"/>
        <line num="382" count="3" type="cond" truecount="2" falsecount="1"/>
        <line num="383" count="0" type="stmt"/>
        <line num="386" count="3" type="stmt"/>
        <line num="391" count="3" type="cond" truecount="1" falsecount="0"/>
        <line num="392" count="1" type="stmt"/>
        <line num="393" count="1" type="stmt"/>
        <line num="396" count="2" type="stmt"/>
        <line num="400" count="2" type="stmt"/>
        <line num="401" count="2" type="cond" truecount="1" falsecount="0"/>
        <line num="402" count="1" type="stmt"/>
        <line num="403" count="1" type="stmt"/>
        <line num="406" count="1" type="stmt"/>
        <line num="420" count="1" type="stmt"/>
        <line num="421" count="1" type="stmt"/>
        <line num="422" count="1" type="stmt"/>
        <line num="433" count="1" type="stmt"/>
        <line num="434" count="1" type="stmt"/>
        <line num="448" count="1" type="stmt"/>
        <line num="449" count="1" type="stmt"/>
        <line num="450" count="1" type="stmt"/>
        <line num="451" count="1" type="stmt"/>
        <line num="471" count="12" type="stmt"/>
        <line num="472" count="1" type="stmt"/>
        <line num="473" count="1" type="cond" truecount="2" falsecount="1"/>
        <line num="474" count="0" type="stmt"/>
        <line num="477" count="1" type="stmt"/>
        <line num="481" count="1" type="stmt"/>
        <line num="482" count="1" type="cond" truecount="1" falsecount="0"/>
        <line num="483" count="1" type="stmt"/>
        <line num="501" count="4" type="stmt"/>
        <line num="502" count="2" type="cond" truecount="0" falsecount="1"/>
        <line num="503" count="0" type="stmt"/>
        <line num="506" count="2" type="stmt"/>
        <line num="521" count="4" type="stmt"/>
        <line num="522" count="4" type="stmt"/>
        <line num="529" count="4" type="cond" truecount="1" falsecount="0"/>
        <line num="530" count="4" type="stmt"/>
        <line num="531" count="4" type="stmt"/>
        <line num="534" count="0" type="stmt"/>
        <line num="548" count="4" type="stmt"/>
        <line num="549" count="4" type="stmt"/>
        <line num="551" count="4" type="cond" truecount="1" falsecount="0"/>
        <line num="552" count="4" type="stmt"/>
        <line num="553" count="4" type="stmt"/>
        <line num="556" count="0" type="stmt"/>
        <line num="566" count="4" type="stmt"/>
        <line num="579" count="4" type="stmt"/>
        <line num="609" count="4" type="stmt"/>
        <line num="639" count="4" type="stmt"/>
        <line num="641" count="4" type="stmt"/>
        <line num="642" count="12" type="stmt"/>
        <line num="644" count="12" type="stmt"/>
        <line num="645" count="12" type="stmt"/>
        <line num="650" count="0" type="stmt"/>
        <line num="654" count="4" type="stmt"/>
        <line num="670" count="7" type="stmt"/>
        <line num="675" count="7" type="stmt"/>
        <line num="676" count="25" type="stmt"/>
        <line num="693" count="3" type="stmt"/>
        <line num="696" count="3" type="cond" truecount="3" falsecount="0"/>
        <line num="697" count="1" type="stmt"/>
        <line num="700" count="2" type="stmt"/>
        <line num="704" count="2" type="stmt"/>
        <line num="705" count="2" type="cond" truecount="0" falsecount="1"/>
        <line num="706" count="0" type="stmt"/>
        <line num="709" count="2" type="stmt"/>
        <line num="722" count="3" type="stmt"/>
        <line num="723" count="3" type="cond" truecount="0" falsecount="1"/>
        <line num="724" count="0" type="stmt"/>
        <line num="728" count="3" type="stmt"/>
        <line num="731" count="0" type="stmt"/>
        <line num="732" count="0" type="stmt"/>
        <line num="735" count="3" type="stmt"/>
        <line num="736" count="3" type="stmt"/>
        <line num="747" count="3" type="stmt"/>
        <line num="748" count="3" type="cond" truecount="1" falsecount="0"/>
        <line num="749" count="1" type="stmt"/>
        <line num="753" count="2" type="stmt"/>
        <line num="755" count="2" type="stmt"/>
        <line num="758" count="2" type="stmt"/>
        <line num="759" count="2" type="stmt"/>
        <line num="762" count="0" type="stmt"/>
        <line num="763" count="0" type="stmt"/>
        <line num="766" count="2" type="stmt"/>
        <line num="767" count="2" type="stmt"/>
      </file>
    </package>
    <package name="publishTab.ui.components">
      <metrics statements="60" coveredstatements="55" conditionals="36" coveredconditionals="29" methods="24" coveredmethods="23"/>
      <file name="AnimatedTabBar.tsx" path="C:\Users\CedricArnould\source\repos\PublishHtmlTab\src\publishTab\ui\components\AnimatedTabBar.tsx">
        <metrics statements="16" coveredstatements="16" conditionals="12" coveredconditionals="11" methods="10" coveredmethods="10"/>
        <line num="1" count="1" type="stmt"/>
        <line num="4" count="1" type="stmt"/>
        <line num="12" count="1" type="stmt"/>
        <line num="20" count="3" type="stmt"/>
        <line num="22" count="3" type="stmt"/>
        <line num="55" count="3" type="stmt"/>
        <line num="64" count="6" type="stmt"/>
        <line num="87" count="6" type="stmt"/>
        <line num="88" count="6" type="cond" truecount="1" falsecount="1"/>
        <line num="92" count="6" type="stmt"/>
        <line num="98" count="1" type="stmt"/>
        <line num="124" count="3" type="stmt"/>
        <line num="144" count="6" type="stmt"/>
        <line num="159" count="3" type="stmt"/>
        <line num="186" count="6" type="stmt"/>
        <line num="206" count="6" type="stmt"/>
      </file>
      <file name="PublishTabHeader.tsx" path="C:\Users\CedricArnould\source\repos\PublishHtmlTab\src\publishTab\ui\components\PublishTabHeader.tsx">
        <metrics statements="27" coveredstatements="23" conditionals="17" coveredconditionals="12" methods="10" coveredmethods="9"/>
        <line num="1" count="1" type="stmt"/>
        <line num="3" count="1" type="stmt"/>
        <line num="5" count="1" type="stmt"/>
        <line num="6" count="1" type="stmt"/>
        <line num="14" count="1" type="stmt"/>
        <line num="16" count="3" type="stmt"/>
        <line num="18" count="3" type="cond" truecount="2" falsecount="0"/>
        <line num="35" count="1" type="cond" truecount="1" falsecount="0"/>
        <line num="36" count="1" type="stmt"/>
        <line num="47" count="0" type="stmt"/>
        <line num="61" count="2" type="cond" truecount="1" falsecount="0"/>
        <line num="62" count="1" type="cond" truecount="1" falsecount="1"/>
        <line num="66" count="1" type="stmt"/>
        <line num="74" count="1" type="stmt"/>
        <line num="88" count="1" type="stmt"/>
        <line num="97" count="1" type="cond" truecount="1" falsecount="1"/>
        <line num="125" count="1" type="stmt"/>
        <line num="156" count="3" type="stmt"/>
        <line num="182" count="2" type="cond" truecount="1" falsecount="1"/>
        <line num="185" count="2" type="stmt"/>
        <line num="188" count="2" type="cond" truecount="2" falsecount="0"/>
        <line num="190" count="2" type="stmt"/>
        <line num="195" count="1" type="cond" truecount="0" falsecount="1"/>
        <line num="196" count="0" type="stmt"/>
        <line num="198" count="1" type="stmt"/>
        <line num="216" count="0" type="stmt"/>
        <line num="217" count="0" type="stmt"/>
      </file>
      <file name="PublishTabView.tsx" path="C:\Users\CedricArnould\source\repos\PublishHtmlTab\src\publishTab\ui\components\PublishTabView.tsx">
        <metrics statements="12" coveredstatements="11" conditionals="4" coveredconditionals="3" methods="3" coveredmethods="3"/>
        <line num="1" count="1" type="stmt"/>
        <line num="4" count="1" type="stmt"/>
        <line num="5" count="1" type="stmt"/>
        <line num="6" count="1" type="stmt"/>
        <line num="14" count="1" type="stmt"/>
        <line num="15" count="3" type="stmt"/>
        <line num="50" count="3" type="cond" truecount="0" falsecount="1"/>
        <line num="51" count="0" type="stmt"/>
        <line num="54" count="3" type="stmt"/>
        <line num="64" count="3" type="cond" truecount="3" falsecount="0"/>
        <line num="65" count="2" type="stmt"/>
        <line num="68" count="1" type="stmt"/>
      </file>
      <file name="ReportViewer.tsx" path="C:\Users\CedricArnould\source\repos\PublishHtmlTab\src\publishTab\ui\components\ReportViewer.tsx">
        <metrics statements="5" coveredstatements="5" conditionals="3" coveredconditionals="3" methods="1" coveredmethods="1"/>
        <line num="1" count="1" type="stmt"/>
        <line num="13" count="1" type="stmt"/>
        <line num="14" count="3" type="cond" truecount="1" falsecount="0"/>
        <line num="16" count="2" type="stmt"/>
        <line num="29" count="1" type="stmt"/>
      </file>
    </package>
    <package name="publishTab.ui.hooks">
      <metrics statements="68" coveredstatements="63" conditionals="11" coveredconditionals="6" methods="23" coveredmethods="23"/>
      <file name="useAnimatedTabs.ts" path="C:\Users\CedricArnould\source\repos\PublishHtmlTab\src\publishTab\ui\hooks\useAnimatedTabs.ts">
        <metrics statements="68" coveredstatements="63" conditionals="11" coveredconditionals="6" methods="23" coveredmethods="23"/>
        <line num="1" count="1" type="stmt"/>
        <line num="5" count="1" type="stmt"/>
        <line num="6" count="1" type="stmt"/>
        <line num="26" count="1" type="stmt"/>
        <line num="37" count="14" type="stmt"/>
        <line num="38" count="14" type="stmt"/>
        <line num="39" count="14" type="stmt"/>
        <line num="40" count="14" type="stmt"/>
        <line num="41" count="14" type="stmt"/>
        <line num="43" count="14" type="stmt"/>
        <line num="45" count="14" type="stmt"/>
        <line num="50" count="1" type="stmt"/>
        <line num="53" count="1" type="stmt"/>
        <line num="68" count="14" type="stmt"/>
        <line num="71" count="14" type="stmt"/>
        <line num="72" count="28" type="stmt"/>
        <line num="73" count="56" type="stmt"/>
        <line num="78" count="14" type="stmt"/>
        <line num="94" count="14" type="stmt"/>
        <line num="98" count="14" type="stmt"/>
        <line num="100" count="14" type="stmt"/>
        <line num="101" count="14" type="stmt"/>
        <line num="102" count="4" type="stmt"/>
        <line num="105" count="14" type="stmt"/>
        <line num="121" count="14" type="stmt"/>
        <line num="122" count="5" type="stmt"/>
        <line num="123" count="5" type="cond" truecount="0" falsecount="1"/>
        <line num="124" count="0" type="stmt"/>
        <line num="127" count="5" type="stmt"/>
        <line num="147" count="14" type="stmt"/>
        <line num="149" count="4" type="cond" truecount="1" falsecount="1"/>
        <line num="153" count="4" type="stmt"/>
        <line num="154" count="4" type="stmt"/>
        <line num="155" count="8" type="stmt"/>
        <line num="156" count="8" type="cond" truecount="1" falsecount="0"/>
        <line num="157" count="8" type="stmt"/>
        <line num="161" count="4" type="stmt"/>
        <line num="162" count="4" type="stmt"/>
        <line num="163" count="4" type="stmt"/>
        <line num="181" count="14" type="stmt"/>
        <line num="186" count="14" type="stmt"/>
        <line num="188" count="14" type="stmt"/>
        <line num="189" count="8" type="stmt"/>
        <line num="190" count="8" type="cond" truecount="0" falsecount="1"/>
        <line num="191" count="0" type="stmt"/>
        <line num="192" count="0" type="stmt"/>
        <line num="195" count="8" type="stmt"/>
        <line num="196" count="8" type="stmt"/>
        <line num="197" count="8" type="stmt"/>
        <line num="199" count="8" type="stmt"/>
        <line num="200" count="8" type="stmt"/>
        <line num="201" count="8" type="stmt"/>
        <line num="205" count="14" type="stmt"/>
        <line num="219" count="14" type="stmt"/>
        <line num="220" count="9" type="stmt"/>
        <line num="221" count="9" type="cond" truecount="0" falsecount="1"/>
        <line num="222" count="0" type="stmt"/>
        <line num="225" count="9" type="stmt"/>
        <line num="229" count="9" type="stmt"/>
        <line num="231" count="9" type="stmt"/>
        <line num="253" count="14" type="stmt"/>
        <line num="254" count="4" type="stmt"/>
        <line num="255" count="4" type="stmt"/>
        <line num="272" count="14" type="stmt"/>
        <line num="274" count="2" type="stmt"/>
        <line num="275" count="2" type="cond" truecount="0" falsecount="1"/>
        <line num="276" count="0" type="stmt"/>
        <line num="279" count="2" type="stmt"/>
      </file>
    </package>
    <package name="publishTab.ui.icons">
      <metrics statements="5" coveredstatements="5" conditionals="0" coveredconditionals="0" methods="2" coveredmethods="2"/>
      <file name="DownloadIcon.tsx" path="C:\Users\CedricArnould\source\repos\PublishHtmlTab\src\publishTab\ui\icons\DownloadIcon.tsx">
        <metrics statements="5" coveredstatements="5" conditionals="0" coveredconditionals="0" methods="2" coveredmethods="2"/>
        <line num="1" count="1" type="stmt"/>
        <line num="3" count="1" type="stmt"/>
        <line num="14" count="1" type="stmt"/>
        <line num="15" count="2" type="stmt"/>
        <line num="25" count="6" type="stmt"/>
      </file>
    </package>
    <package name="publishTab.utils">
      <metrics statements="53" coveredstatements="52" conditionals="26" coveredconditionals="23" methods="20" coveredmethods="20"/>
      <file name="html.ts" path="C:\Users\CedricArnould\source\repos\PublishHtmlTab\src\publishTab\utils\html.ts">
        <metrics statements="10" coveredstatements="10" conditionals="2" coveredconditionals="1" methods="5" coveredmethods="5"/>
        <line num="1" count="2" type="stmt"/>
        <line num="11" count="2" type="stmt"/>
        <line num="12" count="17" type="stmt"/>
        <line num="15" count="279" type="cond" truecount="1" falsecount="1"/>
        <line num="31" count="2" type="stmt"/>
        <line num="32" count="2" type="stmt"/>
        <line num="42" count="2" type="stmt"/>
        <line num="43" count="1" type="stmt"/>
        <line num="53" count="2" type="stmt"/>
        <line num="58" count="6" type="stmt"/>
      </file>
      <file name="reportManifest.ts" path="C:\Users\CedricArnould\source\repos\PublishHtmlTab\src\publishTab\utils\reportManifest.ts">
        <metrics statements="23" coveredstatements="22" conditionals="14" coveredconditionals="13" methods="10" coveredmethods="10"/>
        <line num="2" count="2" type="stmt"/>
        <line num="10" count="2" type="stmt"/>
        <line num="14" count="20" type="cond" truecount="2" falsecount="0"/>
        <line num="24" count="2" type="stmt"/>
        <line num="28" count="7" type="stmt"/>
        <line num="29" count="7" type="stmt"/>
        <line num="39" count="2" type="stmt"/>
        <line num="40" count="56" type="cond" truecount="3" falsecount="0"/>
        <line num="49" count="2" type="stmt"/>
        <line num="50" count="7" type="stmt"/>
        <line num="51" count="7" type="cond" truecount="2" falsecount="0"/>
        <line num="62" count="2" type="stmt"/>
        <line num="63" count="7" type="stmt"/>
        <line num="64" count="7" type="stmt"/>
        <line num="78" count="2" type="stmt"/>
        <line num="81" count="2" type="cond" truecount="0" falsecount="1"/>
        <line num="82" count="0" type="stmt"/>
        <line num="85" count="2" type="stmt"/>
        <line num="86" count="4" type="stmt"/>
        <line num="88" count="1" type="stmt"/>
        <line num="91" count="2" type="cond" truecount="2" falsecount="0"/>
        <line num="102" count="2" type="stmt"/>
        <line num="103" count="1" type="stmt"/>
      </file>
      <file name="reportPaths.ts" path="C:\Users\CedricArnould\source\repos\PublishHtmlTab\src\publishTab\utils\reportPaths.ts">
        <metrics statements="20" coveredstatements="20" conditionals="10" coveredconditionals="9" methods="5" coveredmethods="5"/>
        <line num="1" count="3" type="stmt"/>
        <line num="3" count="3" type="stmt"/>
        <line num="11" count="3" type="stmt"/>
        <line num="12" count="17" type="stmt"/>
        <line num="25" count="3" type="stmt"/>
        <line num="26" count="59" type="stmt"/>
        <line num="36" count="3" type="stmt"/>
        <line num="41" count="14" type="stmt"/>
        <line num="42" count="14" type="cond" truecount="2" falsecount="0"/>
        <line num="43" count="14" type="stmt"/>
        <line num="44" count="14" type="stmt"/>
        <line num="55" count="3" type="stmt"/>
        <line num="56" count="2" type="stmt"/>
        <line num="57" count="2" type="stmt"/>
        <line num="58" count="2" type="stmt"/>
        <line num="67" count="3" type="stmt"/>
        <line num="70" count="3" type="cond" truecount="3" falsecount="0"/>
        <line num="71" count="2" type="stmt"/>
        <line num="74" count="1" type="stmt"/>
        <line num="75" count="1" type="cond" truecount="1" falsecount="1"/>
      </file>
    </package>
  </project>
</coverage>
