{"total": {"lines":{"total":675,"covered":571,"skipped":0,"pct":84.59},"statements":{"total":685,"covered":577,"skipped":0,"pct":84.23},"functions":{"total":201,"covered":182,"skipped":0,"pct":90.54},"branches":{"total":222,"covered":149,"skipped":0,"pct":67.11},"branchesTrue":{"total":0,"covered":0,"skipped":0,"pct":100}}
,"C:\\Users\\CedricArnould\\source\\repos\\PublishHtmlTab\\src\\publishTab\\bootstrap.tsx": {"lines":{"total":23,"covered":20,"skipped":0,"pct":86.95},"functions":{"total":7,"covered":4,"skipped":0,"pct":57.14},"statements":{"total":23,"covered":20,"skipped":0,"pct":86.95},"branches":{"total":3,"covered":1,"skipped":0,"pct":33.33}}
,"C:\\Users\\CedricArnould\\source\\repos\\PublishHtmlTab\\src\\publishTab\\constants.ts": {"lines":{"total":13,"covered":13,"skipped":0,"pct":100},"functions":{"total":0,"covered":0,"skipped":0,"pct":100},"statements":{"total":13,"covered":13,"skipped":0,"pct":100},"branches":{"total":0,"covered":0,"skipped":0,"pct":100}}
,"C:\\Users\\CedricArnould\\source\\repos\\PublishHtmlTab\\src\\publishTab\\controllers\\PublishTabContainer.tsx": {"lines":{"total":230,"covered":158,"skipped":0,"pct":68.69},"functions":{"total":64,"covered":52,"skipped":0,"pct":81.25},"statements":{"total":239,"covered":163,"skipped":0,"pct":68.2},"branches":{"total":104,"covered":61,"skipped":0,"pct":58.65}}
,"C:\\Users\\CedricArnould\\source\\repos\\PublishHtmlTab\\src\\publishTab\\services\\attachments\\AttachmentClient.ts": {"lines":{"total":48,"covered":46,"skipped":0,"pct":95.83},"functions":{"total":15,"covered":14,"skipped":0,"pct":93.33},"statements":{"total":48,"covered":46,"skipped":0,"pct":95.83},"branches":{"total":10,"covered":7,"skipped":0,"pct":70}}
,"C:\\Users\\CedricArnould\\source\\repos\\PublishHtmlTab\\src\\publishTab\\services\\attachments\\BuildAttachmentClient.ts": {"lines":{"total":10,"covered":10,"skipped":0,"pct":100},"functions":{"total":2,"covered":2,"skipped":0,"pct":100},"statements":{"total":10,"covered":10,"skipped":0,"pct":100},"branches":{"total":0,"covered":0,"skipped":0,"pct":100}}
,"C:\\Users\\CedricArnould\\source\\repos\\PublishHtmlTab\\src\\publishTab\\services\\navigation\\HostNavigationService.ts": {"lines":{"total":16,"covered":16,"skipped":0,"pct":100},"functions":{"total":3,"covered":3,"skipped":0,"pct":100},"statements":{"total":16,"covered":16,"skipped":0,"pct":100},"branches":{"total":4,"covered":3,"skipped":0,"pct":75}}
,"C:\\Users\\CedricArnould\\source\\repos\\PublishHtmlTab\\src\\publishTab\\services\\reports\\ReportHtmlService.ts": {"lines":{"total":149,"covered":133,"skipped":0,"pct":89.26},"functions":{"total":41,"covered":39,"skipped":0,"pct":95.12},"statements":{"total":150,"covered":134,"skipped":0,"pct":89.33},"branches":{"total":28,"covered":19,"skipped":0,"pct":67.85}}
,"C:\\Users\\CedricArnould\\source\\repos\\PublishHtmlTab\\src\\publishTab\\ui\\components\\AnimatedTabBar.tsx": {"lines":{"total":16,"covered":16,"skipped":0,"pct":100},"functions":{"total":10,"covered":10,"skipped":0,"pct":100},"statements":{"total":16,"covered":16,"skipped":0,"pct":100},"branches":{"total":12,"covered":11,"skipped":0,"pct":91.66}}
,"C:\\Users\\CedricArnould\\source\\repos\\PublishHtmlTab\\src\\publishTab\\ui\\components\\PublishTabHeader.tsx": {"lines":{"total":27,"covered":23,"skipped":0,"pct":85.18},"functions":{"total":10,"covered":9,"skipped":0,"pct":90},"statements":{"total":27,"covered":23,"skipped":0,"pct":85.18},"branches":{"total":17,"covered":12,"skipped":0,"pct":70.58}}
,"C:\\Users\\CedricArnould\\source\\repos\\PublishHtmlTab\\src\\publishTab\\ui\\components\\PublishTabView.tsx": {"lines":{"total":12,"covered":11,"skipped":0,"pct":91.66},"functions":{"total":3,"covered":3,"skipped":0,"pct":100},"statements":{"total":12,"covered":11,"skipped":0,"pct":91.66},"branches":{"total":4,"covered":3,"skipped":0,"pct":75}}
,"C:\\Users\\CedricArnould\\source\\repos\\PublishHtmlTab\\src\\publishTab\\ui\\components\\ReportViewer.tsx": {"lines":{"total":5,"covered":5,"skipped":0,"pct":100},"functions":{"total":1,"covered":1,"skipped":0,"pct":100},"statements":{"total":5,"covered":5,"skipped":0,"pct":100},"branches":{"total":3,"covered":3,"skipped":0,"pct":100}}
,"C:\\Users\\CedricArnould\\source\\repos\\PublishHtmlTab\\src\\publishTab\\ui\\hooks\\useAnimatedTabs.ts": {"lines":{"total":68,"covered":63,"skipped":0,"pct":92.64},"functions":{"total":23,"covered":23,"skipped":0,"pct":100},"statements":{"total":68,"covered":63,"skipped":0,"pct":92.64},"branches":{"total":11,"covered":6,"skipped":0,"pct":54.54}}
,"C:\\Users\\CedricArnould\\source\\repos\\PublishHtmlTab\\src\\publishTab\\ui\\icons\\DownloadIcon.tsx": {"lines":{"total":5,"covered":5,"skipped":0,"pct":100},"functions":{"total":2,"covered":2,"skipped":0,"pct":100},"statements":{"total":5,"covered":5,"skipped":0,"pct":100},"branches":{"total":0,"covered":0,"skipped":0,"pct":100}}
,"C:\\Users\\CedricArnould\\source\\repos\\PublishHtmlTab\\src\\publishTab\\utils\\html.ts": {"lines":{"total":10,"covered":10,"skipped":0,"pct":100},"functions":{"total":5,"covered":5,"skipped":0,"pct":100},"statements":{"total":10,"covered":10,"skipped":0,"pct":100},"branches":{"total":2,"covered":1,"skipped":0,"pct":50}}
,"C:\\Users\\CedricArnould\\source\\repos\\PublishHtmlTab\\src\\publishTab\\utils\\reportManifest.ts": {"lines":{"total":23,"covered":22,"skipped":0,"pct":95.65},"functions":{"total":10,"covered":10,"skipped":0,"pct":100},"statements":{"total":23,"covered":22,"skipped":0,"pct":95.65},"branches":{"total":14,"covered":13,"skipped":0,"pct":92.85}}
,"C:\\Users\\CedricArnould\\source\\repos\\PublishHtmlTab\\src\\publishTab\\utils\\reportPaths.ts": {"lines":{"total":20,"covered":20,"skipped":0,"pct":100},"functions":{"total":5,"covered":5,"skipped":0,"pct":100},"statements":{"total":20,"covered":20,"skipped":0,"pct":100},"branches":{"total":10,"covered":9,"skipped":0,"pct":90}}
}
