{"C:\\Users\\CedricArnould\\source\\repos\\PublishHtmlTab\\src\\publishTab\\bootstrap.tsx": {"path":"C:\\Users\\CedricArnould\\source\\repos\\PublishHtmlTab\\src\\publishTab\\bootstrap.tsx","statementMap":{"0":{"start":{"line":19,"column":0},"end":{"line":19,"column":16}},"1":{"start":{"line":1,"column":0},"end":{"line":1,"column":31}},"2":{"start":{"line":2,"column":0},"end":{"line":2,"column":38}},"3":{"start":{"line":3,"column":0},"end":{"line":3,"column":50}},"4":{"start":{"line":7,"column":0},"end":{"line":7,"column":72}},"5":{"start":{"line":8,"column":0},"end":{"line":8,"column":85}},"6":{"start":{"line":10,"column":21},"end":{"line":10,"column":22}},"7":{"start":{"line":21,"column":2},"end":{"line":21,"column":13}},"8":{"start":{"line":23,"column":2},"end":{"line":34,"column":7}},"9":{"start":{"line":25,"column":28},"end":{"line":25,"column":50}},"10":{"start":{"line":26,"column":6},"end":{"line":30,"column":9}},"11":{"start":{"line":27,"column":8},"end":{"line":29,"column":11}},"12":{"start":{"line":28,"column":10},"end":{"line":28,"column":38}},"13":{"start":{"line":33,"column":6},"end":{"line":33,"column":34}},"14":{"start":{"line":50,"column":27},"end":{"line":50,"column":59}},"15":{"start":{"line":51,"column":2},"end":{"line":51,"column":32}},"16":{"start":{"line":53,"column":27},"end":{"line":54,"column":null}},"17":{"start":{"line":56,"column":2},"end":{"line":58,"column":3}},"18":{"start":{"line":57,"column":4},"end":{"line":57,"column":11}},"19":{"start":{"line":60,"column":20},"end":{"line":60,"column":51}},"20":{"start":{"line":61,"column":2},"end":{"line":61,"column":22}},"21":{"start":{"line":63,"column":2},"end":{"line":70,"column":4}},"22":{"start":{"line":82,"column":2},"end":{"line":82,"column":67}}},"fnMap":{"0":{"name":"initializePublishTab","decl":{"start":{"line":19,"column":16},"end":{"line":19,"column":36}},"loc":{"start":{"line":19,"column":55},"end":{"line":35,"column":1}}},"1":{"name":"(anonymous_10)","decl":{"start":{"line":24,"column":10},"end":{"line":24,"column":13}},"loc":{"start":{"line":24,"column":15},"end":{"line":31,"column":5}}},"2":{"name":"(anonymous_11)","decl":{"start":{"line":26,"column":35},"end":{"line":26,"column":36}},"loc":{"start":{"line":26,"column":52},"end":{"line":30,"column":7}}},"3":{"name":"(anonymous_12)","decl":{"start":{"line":27,"column":57},"end":{"line":27,"column":58}},"loc":{"start":{"line":27,"column":67},"end":{"line":29,"column":9}}},"4":{"name":"(anonymous_13)","decl":{"start":{"line":32,"column":11},"end":{"line":32,"column":12}},"loc":{"start":{"line":32,"column":21},"end":{"line":34,"column":5}}},"5":{"name":"renderBuildReports","decl":{"start":{"line":45,"column":15},"end":{"line":45,"column":33}},"loc":{"start":{"line":47,"column":20},"end":{"line":71,"column":1}}},"6":{"name":"normalizeError","decl":{"start":{"line":81,"column":9},"end":{"line":81,"column":23}},"loc":{"start":{"line":81,"column":38},"end":{"line":83,"column":1}}}},"branchMap":{"0":{"loc":{"start":{"line":56,"column":2},"end":{"line":58,"column":3}},"type":"if","locations":[{"start":{"line":56,"column":2},"end":{"line":58,"column":3}}]},"1":{"loc":{"start":{"line":82,"column":9},"end":{"line":82,"column":66}},"type":"cond-expr","locations":[{"start":{"line":82,"column":34},"end":{"line":82,"column":39}},{"start":{"line":82,"column":42},"end":{"line":82,"column":66}}]}},"s":{"0":1,"1":1,"2":1,"3":1,"4":1,"5":1,"6":1,"7":2,"8":2,"9":2,"10":2,"11":2,"12":0,"13":0,"14":2,"15":2,"16":2,"17":2,"18":1,"19":1,"20":1,"21":1,"22":0},"f":{"0":2,"1":2,"2":2,"3":0,"4":0,"5":2,"6":0},"b":{"0":[1],"1":[0,0]}}
,"C:\\Users\\CedricArnould\\source\\repos\\PublishHtmlTab\\src\\publishTab\\constants.ts": {"path":"C:\\Users\\CedricArnould\\source\\repos\\PublishHtmlTab\\src\\publishTab\\constants.ts","statementMap":{"0":{"start":{"line":1,"column":13},"end":{"line":1,"column":53}},"1":{"start":{"line":2,"column":13},"end":{"line":2,"column":55}},"2":{"start":{"line":3,"column":13},"end":{"line":3,"column":63}},"3":{"start":{"line":5,"column":13},"end":{"line":6,"column":80}},"4":{"start":{"line":8,"column":13},"end":{"line":8,"column":78}},"5":{"start":{"line":9,"column":13},"end":{"line":9,"column":72}},"6":{"start":{"line":10,"column":13},"end":{"line":10,"column":77}},"7":{"start":{"line":11,"column":13},"end":{"line":12,"column":39}},"8":{"start":{"line":13,"column":13},"end":{"line":14,"column":39}},"9":{"start":{"line":16,"column":13},"end":{"line":16,"column":49}},"10":{"start":{"line":17,"column":13},"end":{"line":17,"column":49}},"11":{"start":{"line":18,"column":13},"end":{"line":18,"column":51}},"12":{"start":{"line":20,"column":13},"end":{"line":20,"column":43}}},"fnMap":{},"branchMap":{},"s":{"0":7,"1":7,"2":7,"3":7,"4":7,"5":7,"6":7,"7":7,"8":7,"9":7,"10":7,"11":7,"12":7},"f":{},"b":{}}
,"C:\\Users\\CedricArnould\\source\\repos\\PublishHtmlTab\\src\\publishTab\\services\\attachments\\AttachmentClient.ts": {"path":"C:\\Users\\CedricArnould\\source\\repos\\PublishHtmlTab\\src\\publishTab\\services\\attachments\\AttachmentClient.ts","statementMap":{"0":{"start":{"line":1,"column":0},"end":{"line":1,"column":50}},"1":{"start":{"line":12,"column":10},"end":{"line":12,"column":48}},"2":{"start":{"line":13,"column":10},"end":{"line":13,"column":45}},"3":{"start":{"line":14,"column":10},"end":{"line":14,"column":49}},"4":{"start":{"line":16,"column":19},"end":{"line":16,"column":69}},"5":{"start":{"line":25,"column":4},"end":{"line":25,"column":61}},"6":{"start":{"line":26,"column":4},"end":{"line":26,"column":55}},"7":{"start":{"line":27,"column":4},"end":{"line":27,"column":63}},"8":{"start":{"line":36,"column":4},"end":{"line":36,"column":35}},"9":{"start":{"line":45,"column":4},"end":{"line":45,"column":35}},"10":{"start":{"line":54,"column":4},"end":{"line":56,"column":6}},"11":{"start":{"line":68,"column":4},"end":{"line":77,"column":5}},"12":{"start":{"line":69,"column":27},"end":{"line":71,"column":null}},"13":{"start":{"line":73,"column":6},"end":{"line":76,"column":8}},"14":{"start":{"line":79,"column":4},"end":{"line":79,"column":68}},"15":{"start":{"line":90,"column":30},"end":{"line":92,"column":31}},"16":{"start":{"line":93,"column":4},"end":{"line":93,"column":72}},"17":{"start":{"line":104,"column":30},"end":{"line":106,"column":31}},"18":{"start":{"line":107,"column":4},"end":{"line":108,"column":24}},"19":{"start":{"line":123,"column":21},"end":{"line":125,"column":null}},"20":{"start":{"line":127,"column":24},"end":{"line":127,"column":45}},"21":{"start":{"line":128,"column":24},"end":{"line":128,"column":56}},"22":{"start":{"line":129,"column":25},"end":{"line":129,"column":52}},"23":{"start":{"line":131,"column":4},"end":{"line":131,"column":36}},"24":{"start":{"line":132,"column":4},"end":{"line":132,"column":37}},"25":{"start":{"line":133,"column":4},"end":{"line":133,"column":25}},"26":{"start":{"line":135,"column":4},"end":{"line":135,"column":37}},"27":{"start":{"line":150,"column":23},"end":{"line":151,"column":null}},"28":{"start":{"line":151,"column":21},"end":{"line":151,"column":54}},"29":{"start":{"line":154,"column":4},"end":{"line":156,"column":5}},"30":{"start":{"line":155,"column":6},"end":{"line":155,"column":74}},"31":{"start":{"line":158,"column":4},"end":{"line":158,"column":22}},"32":{"start":{"line":174,"column":4},"end":{"line":181,"column":5}},"33":{"start":{"line":175,"column":26},"end":{"line":175,"column":52}},"34":{"start":{"line":176,"column":6},"end":{"line":180,"column":8}},"35":{"start":{"line":183,"column":23},"end":{"line":185,"column":null}},"36":{"start":{"line":187,"column":21},"end":{"line":189,"column":null}},"37":{"start":{"line":192,"column":4},"end":{"line":194,"column":5}},"38":{"start":{"line":193,"column":6},"end":{"line":193,"column":43}},"39":{"start":{"line":196,"column":4},"end":{"line":196,"column":20}},"40":{"start":{"line":211,"column":21},"end":{"line":213,"column":null}},"41":{"start":{"line":215,"column":4},"end":{"line":215,"column":27}},"42":{"start":{"line":226,"column":18},"end":{"line":226,"column":49}},"43":{"start":{"line":227,"column":17},"end":{"line":227,"column":19}},"44":{"start":{"line":229,"column":4},"end":{"line":231,"column":7}},"45":{"start":{"line":230,"column":6},"end":{"line":230,"column":42}},"46":{"start":{"line":233,"column":4},"end":{"line":233,"column":24}},"47":{"start":{"line":10,"column":0},"end":{"line":10,"column":22}}},"fnMap":{"0":{"name":"(anonymous_9)","decl":{"start":{"line":10,"column":0},"end":{"line":10,"column":22}},"loc":{"start":{"line":10,"column":0},"end":{"line":235,"column":1}}},"1":{"name":"(anonymous_10)","decl":{"start":{"line":24,"column":12},"end":{"line":24,"column":26}},"loc":{"start":{"line":24,"column":61},"end":{"line":28,"column":3}}},"2":{"name":"(anonymous_11)","decl":{"start":{"line":35,"column":9},"end":{"line":35,"column":30}},"loc":{"start":{"line":35,"column":30},"end":{"line":37,"column":3}}},"3":{"name":"(anonymous_12)","decl":{"start":{"line":44,"column":9},"end":{"line":44,"column":29}},"loc":{"start":{"line":44,"column":29},"end":{"line":46,"column":3}}},"4":{"name":"(anonymous_13)","decl":{"start":{"line":53,"column":9},"end":{"line":53,"column":24}},"loc":{"start":{"line":53,"column":24},"end":{"line":57,"column":3}}},"5":{"name":"(anonymous_14)","decl":{"start":{"line":66,"column":9},"end":{"line":66,"column":14}},"loc":{"start":{"line":66,"column":49},"end":{"line":80,"column":3}}},"6":{"name":"(anonymous_15)","decl":{"start":{"line":89,"column":9},"end":{"line":89,"column":14}},"loc":{"start":{"line":89,"column":54},"end":{"line":94,"column":3}}},"7":{"name":"(anonymous_16)","decl":{"start":{"line":103,"column":9},"end":{"line":103,"column":21}},"loc":{"start":{"line":103,"column":44},"end":{"line":109,"column":3}}},"8":{"name":"(anonymous_17)","decl":{"start":{"line":119,"column":9},"end":{"line":119,"column":14}},"loc":{"start":{"line":121,"column":20},"end":{"line":136,"column":3}}},"9":{"name":"(anonymous_18)","decl":{"start":{"line":146,"column":12},"end":{"line":146,"column":37}},"loc":{"start":{"line":148,"column":26},"end":{"line":159,"column":3}}},"10":{"name":"(anonymous_19)","decl":{"start":{"line":151,"column":6},"end":{"line":151,"column":7}},"loc":{"start":{"line":151,"column":21},"end":{"line":151,"column":54}}},"11":{"name":"(anonymous_20)","decl":{"start":{"line":169,"column":12},"end":{"line":169,"column":17}},"loc":{"start":{"line":171,"column":26},"end":{"line":197,"column":3}}},"12":{"name":"(anonymous_21)","decl":{"start":{"line":207,"column":12},"end":{"line":207,"column":17}},"loc":{"start":{"line":209,"column":26},"end":{"line":216,"column":3}}},"13":{"name":"(anonymous_22)","decl":{"start":{"line":224,"column":10},"end":{"line":224,"column":18}},"loc":{"start":{"line":224,"column":32},"end":{"line":234,"column":3}}},"14":{"name":"(anonymous_23)","decl":{"start":{"line":229,"column":18},"end":{"line":229,"column":19}},"loc":{"start":{"line":229,"column":27},"end":{"line":231,"column":5}}}},"branchMap":{"0":{"loc":{"start":{"line":55,"column":6},"end":{"line":55,"column":75}},"type":"binary-expr","locations":[{"start":{"line":55,"column":6},"end":{"line":55,"column":40}},{"start":{"line":55,"column":44},"end":{"line":55,"column":75}}]},"1":{"loc":{"start":{"line":68,"column":4},"end":{"line":77,"column":5}},"type":"if","locations":[{"start":{"line":68,"column":4},"end":{"line":77,"column":5}}]},"2":{"loc":{"start":{"line":90,"column":30},"end":{"line":92,"column":31}},"type":"cond-expr","locations":[{"start":{"line":91,"column":8},"end":{"line":91,"column":28}},{"start":{"line":92,"column":8},"end":{"line":92,"column":31}}]},"3":{"loc":{"start":{"line":104,"column":30},"end":{"line":106,"column":31}},"type":"cond-expr","locations":[{"start":{"line":105,"column":8},"end":{"line":105,"column":28}},{"start":{"line":106,"column":8},"end":{"line":106,"column":31}}]},"4":{"loc":{"start":{"line":154,"column":4},"end":{"line":156,"column":5}},"type":"if","locations":[{"start":{"line":154,"column":4},"end":{"line":156,"column":5}}]},"5":{"loc":{"start":{"line":174,"column":4},"end":{"line":181,"column":5}},"type":"if","locations":[{"start":{"line":174,"column":4},"end":{"line":181,"column":5}}]},"6":{"loc":{"start":{"line":192,"column":4},"end":{"line":194,"column":5}},"type":"if","locations":[{"start":{"line":192,"column":4},"end":{"line":194,"column":5}}]}},"s":{"0":2,"1":9,"2":9,"3":9,"4":9,"5":9,"6":9,"7":9,"8":1,"9":0,"10":8,"11":2,"12":1,"13":1,"14":2,"15":4,"16":4,"17":1,"18":1,"19":1,"20":1,"21":1,"22":1,"23":1,"24":1,"25":1,"26":1,"27":7,"28":7,"29":7,"30":0,"31":7,"32":6,"33":5,"34":5,"35":6,"36":6,"37":6,"38":1,"39":5,"40":5,"41":4,"42":5,"43":5,"44":5,"45":50,"46":5,"47":2},"f":{"0":9,"1":9,"2":1,"3":0,"4":8,"5":2,"6":4,"7":1,"8":1,"9":7,"10":7,"11":6,"12":5,"13":5,"14":50},"b":{"0":[8,8],"1":[1],"2":[4,0],"3":[1,0],"4":[0],"5":[5],"6":[1]}}
,"C:\\Users\\CedricArnould\\source\\repos\\PublishHtmlTab\\src\\publishTab\\services\\attachments\\BuildAttachmentClient.ts": {"path":"C:\\Users\\CedricArnould\\source\\repos\\PublishHtmlTab\\src\\publishTab\\services\\attachments\\BuildAttachmentClient.ts","statementMap":{"0":{"start":{"line":1,"column":0},"end":{"line":1,"column":55}},"1":{"start":{"line":2,"column":0},"end":{"line":2,"column":74}},"2":{"start":{"line":4,"column":0},"end":{"line":4,"column":null}},"3":{"start":{"line":9,"column":0},"end":{"line":9,"column":54}},"4":{"start":{"line":19,"column":4},"end":{"line":19,"column":12}},"5":{"start":{"line":20,"column":4},"end":{"line":20,"column":23}},"6":{"start":{"line":31,"column":24},"end":{"line":31,"column":50}},"7":{"start":{"line":33,"column":6},"end":{"line":49,"column":8}},"8":{"start":{"line":51,"column":4},"end":{"line":55,"column":7}},"9":{"start":{"line":14,"column":0},"end":{"line":14,"column":13}}},"fnMap":{"0":{"name":"(anonymous_0)","decl":{"start":{"line":18,"column":2},"end":{"line":18,"column":14}},"loc":{"start":{"line":18,"column":26},"end":{"line":21,"column":3}}},"1":{"name":"(anonymous_1)","decl":{"start":{"line":29,"column":9},"end":{"line":29,"column":14}},"loc":{"start":{"line":29,"column":19},"end":{"line":56,"column":3}}}},"branchMap":{},"s":{"0":1,"1":1,"2":1,"3":1,"4":2,"5":2,"6":2,"7":2,"8":1,"9":1},"f":{"0":2,"1":2},"b":{}}
,"C:\\Users\\CedricArnould\\source\\repos\\PublishHtmlTab\\src\\publishTab\\services\\navigation\\HostNavigationService.ts": {"path":"C:\\Users\\CedricArnould\\source\\repos\\PublishHtmlTab\\src\\publishTab\\services\\navigation\\HostNavigationService.ts","statementMap":{"0":{"start":{"line":1,"column":0},"end":{"line":1,"column":50}},"1":{"start":{"line":8,"column":0},"end":{"line":8,"column":80}},"2":{"start":{"line":23,"column":4},"end":{"line":31,"column":5}},"3":{"start":{"line":24,"column":36},"end":{"line":24,"column":73}},"4":{"start":{"line":25,"column":6},"end":{"line":28,"column":8}},"5":{"start":{"line":30,"column":6},"end":{"line":30,"column":16}},"6":{"start":{"line":45,"column":4},"end":{"line":47,"column":5}},"7":{"start":{"line":46,"column":6},"end":{"line":46,"column":13}},"8":{"start":{"line":49,"column":4},"end":{"line":58,"column":5}},"9":{"start":{"line":51,"column":36},"end":{"line":51,"column":73}},"10":{"start":{"line":52,"column":6},"end":{"line":55,"column":9}},"11":{"start":{"line":57,"column":6},"end":{"line":57,"column":13}},"12":{"start":{"line":67,"column":4},"end":{"line":72,"column":5}},"13":{"start":{"line":68,"column":6},"end":{"line":71,"column":10}},"14":{"start":{"line":74,"column":4},"end":{"line":74,"column":45}},"15":{"start":{"line":13,"column":0},"end":{"line":13,"column":13}}},"fnMap":{"0":{"name":"(anonymous_9)","decl":{"start":{"line":22,"column":9},"end":{"line":22,"column":14}},"loc":{"start":{"line":22,"column":29},"end":{"line":32,"column":3}}},"1":{"name":"(anonymous_10)","decl":{"start":{"line":41,"column":9},"end":{"line":41,"column":14}},"loc":{"start":{"line":43,"column":33},"end":{"line":59,"column":3}}},"2":{"name":"(anonymous_11)","decl":{"start":{"line":66,"column":10},"end":{"line":66,"column":34}},"loc":{"start":{"line":66,"column":34},"end":{"line":75,"column":3}}}},"branchMap":{"0":{"loc":{"start":{"line":45,"column":4},"end":{"line":47,"column":5}},"type":"if","locations":[{"start":{"line":45,"column":4},"end":{"line":47,"column":5}}]},"1":{"loc":{"start":{"line":54,"column":34},"end":{"line":54,"column":61}},"type":"binary-expr","locations":[{"start":{"line":54,"column":34},"end":{"line":54,"column":55}},{"start":{"line":54,"column":59},"end":{"line":54,"column":61}}]},"2":{"loc":{"start":{"line":67,"column":4},"end":{"line":72,"column":5}},"type":"if","locations":[{"start":{"line":67,"column":4},"end":{"line":72,"column":5}}]}},"s":{"0":1,"1":1,"2":2,"3":2,"4":1,"5":1,"6":4,"7":1,"8":3,"9":3,"10":2,"11":1,"12":5,"13":4,"14":5,"15":1},"f":{"0":2,"1":4,"2":5},"b":{"0":[1],"1":[2,0],"2":[4]}}
,"C:\\Users\\CedricArnould\\source\\repos\\PublishHtmlTab\\src\\publishTab\\services\\reports\\ReportHtmlService.ts": {"path":"C:\\Users\\CedricArnould\\source\\repos\\PublishHtmlTab\\src\\publishTab\\services\\reports\\ReportHtmlService.ts","statementMap":{"0":{"start":{"line":1,"column":0},"end":{"line":1,"column":null}},"1":{"start":{"line":8,"column":0},"end":{"line":8,"column":57}},"2":{"start":{"line":9,"column":0},"end":{"line":9,"column":null}},"3":{"start":{"line":15,"column":0},"end":{"line":15,"column":null}},"4":{"start":{"line":28,"column":19},"end":{"line":28,"column":80}},"5":{"start":{"line":29,"column":19},"end":{"line":29,"column":75}},"6":{"start":{"line":30,"column":19},"end":{"line":30,"column":57}},"7":{"start":{"line":38,"column":4},"end":{"line":38,"column":45}},"8":{"start":{"line":48,"column":4},"end":{"line":48,"column":70}},"9":{"start":{"line":48,"column":44},"end":{"line":48,"column":68}},"10":{"start":{"line":49,"column":4},"end":{"line":49,"column":35}},"11":{"start":{"line":50,"column":4},"end":{"line":50,"column":36}},"12":{"start":{"line":51,"column":4},"end":{"line":51,"column":41}},"13":{"start":{"line":66,"column":4},"end":{"line":71,"column":5}},"14":{"start":{"line":69,"column":8},"end":{"line":69,"column":68}},"15":{"start":{"line":70,"column":6},"end":{"line":70,"column":60}},"16":{"start":{"line":73,"column":24},"end":{"line":75,"column":null}},"17":{"start":{"line":77,"column":4},"end":{"line":79,"column":5}},"18":{"start":{"line":78,"column":6},"end":{"line":78,"column":80}},"19":{"start":{"line":81,"column":17},"end":{"line":81,"column":77}},"20":{"start":{"line":82,"column":26},"end":{"line":85,"column":null}},"21":{"start":{"line":87,"column":4},"end":{"line":87,"column":64}},"22":{"start":{"line":103,"column":19},"end":{"line":103,"column":34}},"23":{"start":{"line":104,"column":21},"end":{"line":104,"column":62}},"24":{"start":{"line":105,"column":28},"end":{"line":105,"column":59}},"25":{"start":{"line":106,"column":4},"end":{"line":111,"column":6}},"26":{"start":{"line":112,"column":4},"end":{"line":112,"column":43}},"27":{"start":{"line":113,"column":4},"end":{"line":113,"column":70}},"28":{"start":{"line":115,"column":4},"end":{"line":115,"column":46}},"29":{"start":{"line":133,"column":28},"end":{"line":133,"column":59}},"30":{"start":{"line":135,"column":4},"end":{"line":140,"column":6}},"31":{"start":{"line":141,"column":4},"end":{"line":146,"column":6}},"32":{"start":{"line":147,"column":4},"end":{"line":147,"column":78}},"33":{"start":{"line":148,"column":4},"end":{"line":148,"column":73}},"34":{"start":{"line":164,"column":4},"end":{"line":176,"column":7}},"35":{"start":{"line":169,"column":6},"end":{"line":175,"column":8}},"36":{"start":{"line":194,"column":4},"end":{"line":202,"column":7}},"37":{"start":{"line":220,"column":28},"end":{"line":223,"column":null}},"38":{"start":{"line":226,"column":4},"end":{"line":236,"column":6}},"39":{"start":{"line":228,"column":8},"end":{"line":233,"column":null}},"40":{"start":{"line":252,"column":24},"end":{"line":253,"column":null}},"41":{"start":{"line":256,"column":4},"end":{"line":260,"column":6}},"42":{"start":{"line":258,"column":8},"end":{"line":258,"column":74}},"43":{"start":{"line":280,"column":17},"end":{"line":280,"column":49}},"44":{"start":{"line":281,"column":4},"end":{"line":283,"column":5}},"45":{"start":{"line":282,"column":6},"end":{"line":282,"column":13}},"46":{"start":{"line":285,"column":24},"end":{"line":288,"column":null}},"47":{"start":{"line":290,"column":4},"end":{"line":292,"column":5}},"48":{"start":{"line":291,"column":6},"end":{"line":291,"column":13}},"49":{"start":{"line":294,"column":30},"end":{"line":295,"column":null}},"50":{"start":{"line":297,"column":25},"end":{"line":297,"column":56}},"51":{"start":{"line":298,"column":4},"end":{"line":302,"column":6}},"52":{"start":{"line":303,"column":4},"end":{"line":303,"column":42}},"53":{"start":{"line":319,"column":16},"end":{"line":319,"column":49}},"54":{"start":{"line":320,"column":4},"end":{"line":322,"column":5}},"55":{"start":{"line":321,"column":6},"end":{"line":321,"column":13}},"56":{"start":{"line":324,"column":24},"end":{"line":327,"column":null}},"57":{"start":{"line":329,"column":4},"end":{"line":331,"column":5}},"58":{"start":{"line":330,"column":6},"end":{"line":330,"column":13}},"59":{"start":{"line":333,"column":26},"end":{"line":334,"column":null}},"60":{"start":{"line":336,"column":4},"end":{"line":336,"column":53}},"61":{"start":{"line":354,"column":4},"end":{"line":363,"column":8}},"62":{"start":{"line":357,"column":8},"end":{"line":361,"column":null}},"63":{"start":{"line":381,"column":25},"end":{"line":381,"column":53}},"64":{"start":{"line":382,"column":4},"end":{"line":384,"column":5}},"65":{"start":{"line":383,"column":6},"end":{"line":383,"column":13}},"66":{"start":{"line":386,"column":24},"end":{"line":389,"column":null}},"67":{"start":{"line":391,"column":4},"end":{"line":394,"column":5}},"68":{"start":{"line":392,"column":6},"end":{"line":392,"column":76}},"69":{"start":{"line":393,"column":6},"end":{"line":393,"column":13}},"70":{"start":{"line":396,"column":25},"end":{"line":398,"column":null}},"71":{"start":{"line":400,"column":24},"end":{"line":400,"column":57}},"72":{"start":{"line":401,"column":4},"end":{"line":404,"column":5}},"73":{"start":{"line":402,"column":6},"end":{"line":402,"column":55}},"74":{"start":{"line":403,"column":6},"end":{"line":403,"column":13}},"75":{"start":{"line":406,"column":4},"end":{"line":406,"column":56}},"76":{"start":{"line":420,"column":4},"end":{"line":420,"column":75}},"77":{"start":{"line":421,"column":4},"end":{"line":421,"column":73}},"78":{"start":{"line":422,"column":4},"end":{"line":422,"column":38}},"79":{"start":{"line":433,"column":4},"end":{"line":433,"column":46}},"80":{"start":{"line":434,"column":4},"end":{"line":434,"column":68}},"81":{"start":{"line":448,"column":4},"end":{"line":448,"column":38}},"82":{"start":{"line":449,"column":4},"end":{"line":449,"column":79}},"83":{"start":{"line":450,"column":4},"end":{"line":450,"column":60}},"84":{"start":{"line":451,"column":4},"end":{"line":451,"column":38}},"85":{"start":{"line":471,"column":4},"end":{"line":485,"column":7}},"86":{"start":{"line":472,"column":27},"end":{"line":472,"column":62}},"87":{"start":{"line":473,"column":6},"end":{"line":475,"column":7}},"88":{"start":{"line":474,"column":8},"end":{"line":474,"column":15}},"89":{"start":{"line":477,"column":27},"end":{"line":479,"column":null}},"90":{"start":{"line":481,"column":26},"end":{"line":481,"column":59}},"91":{"start":{"line":482,"column":6},"end":{"line":484,"column":7}},"92":{"start":{"line":483,"column":8},"end":{"line":483,"column":57}},"93":{"start":{"line":501,"column":4},"end":{"line":511,"column":7}},"94":{"start":{"line":502,"column":6},"end":{"line":504,"column":7}},"95":{"start":{"line":503,"column":8},"end":{"line":503,"column":15}},"96":{"start":{"line":506,"column":6},"end":{"line":510,"column":8}},"97":{"start":{"line":521,"column":25},"end":{"line":521,"column":56}},"98":{"start":{"line":522,"column":4},"end":{"line":527,"column":6}},"99":{"start":{"line":529,"column":4},"end":{"line":532,"column":5}},"100":{"start":{"line":530,"column":6},"end":{"line":530,"column":46}},"101":{"start":{"line":531,"column":6},"end":{"line":531,"column":13}},"102":{"start":{"line":534,"column":4},"end":{"line":534,"column":51}},"103":{"start":{"line":548,"column":26},"end":{"line":548,"column":58}},"104":{"start":{"line":549,"column":4},"end":{"line":549,"column":75}},"105":{"start":{"line":551,"column":4},"end":{"line":554,"column":5}},"106":{"start":{"line":552,"column":6},"end":{"line":552,"column":47}},"107":{"start":{"line":553,"column":6},"end":{"line":553,"column":13}},"108":{"start":{"line":556,"column":4},"end":{"line":556,"column":56}},"109":{"start":{"line":566,"column":4},"end":{"line":569,"column":17}},"110":{"start":{"line":579,"column":4},"end":{"line":600,"column":6}},"111":{"start":{"line":609,"column":4},"end":{"line":629,"column":6}},"112":{"start":{"line":639,"column":28},"end":{"line":639,"column":53}},"113":{"start":{"line":641,"column":4},"end":{"line":652,"column":7}},"114":{"start":{"line":642,"column":27},"end":{"line":642,"column":68}},"115":{"start":{"line":644,"column":6},"end":{"line":651,"column":7}},"116":{"start":{"line":645,"column":8},"end":{"line":648,"column":10}},"117":{"start":{"line":650,"column":8},"end":{"line":650,"column":15}},"118":{"start":{"line":654,"column":4},"end":{"line":654,"column":27}},"119":{"start":{"line":670,"column":25},"end":{"line":672,"column":null}},"120":{"start":{"line":675,"column":4},"end":{"line":677,"column":6}},"121":{"start":{"line":676,"column":17},"end":{"line":676,"column":75}},"122":{"start":{"line":693,"column":4},"end":{"line":711,"column":6}},"123":{"start":{"line":696,"column":8},"end":{"line":698,"column":9}},"124":{"start":{"line":697,"column":10},"end":{"line":697,"column":52}},"125":{"start":{"line":700,"column":29},"end":{"line":702,"column":null}},"126":{"start":{"line":704,"column":28},"end":{"line":704,"column":61}},"127":{"start":{"line":705,"column":8},"end":{"line":707,"column":9}},"128":{"start":{"line":706,"column":10},"end":{"line":706,"column":52}},"129":{"start":{"line":709,"column":8},"end":{"line":709,"column":53}},"130":{"start":{"line":722,"column":26},"end":{"line":722,"column":74}},"131":{"start":{"line":723,"column":4},"end":{"line":725,"column":5}},"132":{"start":{"line":724,"column":6},"end":{"line":724,"column":27}},"133":{"start":{"line":728,"column":25},"end":{"line":733,"column":8}},"134":{"start":{"line":731,"column":8},"end":{"line":731,"column":60}},"135":{"start":{"line":732,"column":8},"end":{"line":732,"column":20}},"136":{"start":{"line":735,"column":4},"end":{"line":735,"column":67}},"137":{"start":{"line":736,"column":4},"end":{"line":736,"column":24}},"138":{"start":{"line":747,"column":26},"end":{"line":747,"column":69}},"139":{"start":{"line":748,"column":4},"end":{"line":750,"column":5}},"140":{"start":{"line":749,"column":6},"end":{"line":749,"column":27}},"141":{"start":{"line":753,"column":27},"end":{"line":764,"column":8}},"142":{"start":{"line":755,"column":24},"end":{"line":756,"column":null}},"143":{"start":{"line":758,"column":8},"end":{"line":758,"column":44}},"144":{"start":{"line":759,"column":8},"end":{"line":759,"column":23}},"145":{"start":{"line":762,"column":8},"end":{"line":762,"column":55}},"146":{"start":{"line":763,"column":8},"end":{"line":763,"column":20}},"147":{"start":{"line":766,"column":4},"end":{"line":766,"column":64}},"148":{"start":{"line":767,"column":4},"end":{"line":767,"column":26}},"149":{"start":{"line":26,"column":0},"end":{"line":26,"column":13}}},"fnMap":{"0":{"name":"(anonymous_0)","decl":{"start":{"line":37,"column":2},"end":{"line":37,"column":14}},"loc":{"start":{"line":37,"column":48},"end":{"line":39,"column":3}}},"1":{"name":"(anonymous_1)","decl":{"start":{"line":46,"column":9},"end":{"line":46,"column":16}},"loc":{"start":{"line":46,"column":16},"end":{"line":52,"column":3}}},"2":{"name":"(anonymous_2)","decl":{"start":{"line":48,"column":35},"end":{"line":48,"column":36}},"loc":{"start":{"line":48,"column":44},"end":{"line":48,"column":68}}},"3":{"name":"(anonymous_3)","decl":{"start":{"line":62,"column":9},"end":{"line":62,"column":14}},"loc":{"start":{"line":64,"column":29},"end":{"line":88,"column":3}}},"4":{"name":"(anonymous_4)","decl":{"start":{"line":98,"column":10},"end":{"line":98,"column":15}},"loc":{"start":{"line":101,"column":28},"end":{"line":116,"column":3}}},"5":{"name":"(anonymous_5)","decl":{"start":{"line":127,"column":10},"end":{"line":127,"column":15}},"loc":{"start":{"line":131,"column":40},"end":{"line":149,"column":3}}},"6":{"name":"(anonymous_6)","decl":{"start":{"line":159,"column":10},"end":{"line":159,"column":34}},"loc":{"start":{"line":162,"column":40},"end":{"line":177,"column":3}}},"7":{"name":"(anonymous_7)","decl":{"start":{"line":168,"column":14},"end":{"line":168,"column":15}},"loc":{"start":{"line":168,"column":44},"end":{"line":176,"column":5}}},"8":{"name":"(anonymous_8)","decl":{"start":{"line":188,"column":10},"end":{"line":188,"column":15}},"loc":{"start":{"line":192,"column":40},"end":{"line":203,"column":3}}},"9":{"name":"(anonymous_9)","decl":{"start":{"line":214,"column":10},"end":{"line":214,"column":15}},"loc":{"start":{"line":218,"column":40},"end":{"line":237,"column":3}}},"10":{"name":"(anonymous_10)","decl":{"start":{"line":227,"column":26},"end":{"line":227,"column":27}},"loc":{"start":{"line":228,"column":8},"end":{"line":233,"column":null}}},"11":{"name":"(anonymous_11)","decl":{"start":{"line":247,"column":10},"end":{"line":247,"column":15}},"loc":{"start":{"line":250,"column":28},"end":{"line":261,"column":3}}},"12":{"name":"(anonymous_12)","decl":{"start":{"line":257,"column":22},"end":{"line":257,"column":23}},"loc":{"start":{"line":258,"column":8},"end":{"line":258,"column":74}}},"13":{"name":"(anonymous_13)","decl":{"start":{"line":273,"column":10},"end":{"line":273,"column":15}},"loc":{"start":{"line":278,"column":40},"end":{"line":304,"column":3}}},"14":{"name":"(anonymous_14)","decl":{"start":{"line":314,"column":10},"end":{"line":314,"column":15}},"loc":{"start":{"line":317,"column":28},"end":{"line":337,"column":3}}},"15":{"name":"(anonymous_15)","decl":{"start":{"line":348,"column":10},"end":{"line":348,"column":27}},"loc":{"start":{"line":352,"column":40},"end":{"line":364,"column":3}}},"16":{"name":"(anonymous_16)","decl":{"start":{"line":356,"column":15},"end":{"line":356,"column":16}},"loc":{"start":{"line":357,"column":8},"end":{"line":361,"column":null}}},"17":{"name":"(anonymous_17)","decl":{"start":{"line":375,"column":10},"end":{"line":375,"column":30}},"loc":{"start":{"line":379,"column":40},"end":{"line":407,"column":3}}},"18":{"name":"(anonymous_18)","decl":{"start":{"line":416,"column":10},"end":{"line":416,"column":37}},"loc":{"start":{"line":418,"column":26},"end":{"line":423,"column":3}}},"19":{"name":"(anonymous_19)","decl":{"start":{"line":432,"column":10},"end":{"line":432,"column":31}},"loc":{"start":{"line":432,"column":69},"end":{"line":435,"column":3}}},"20":{"name":"(anonymous_20)","decl":{"start":{"line":444,"column":10},"end":{"line":444,"column":33}},"loc":{"start":{"line":446,"column":24},"end":{"line":452,"column":3}}},"21":{"name":"(anonymous_21)","decl":{"start":{"line":464,"column":10},"end":{"line":464,"column":28}},"loc":{"start":{"line":469,"column":40},"end":{"line":486,"column":3}}},"22":{"name":"(anonymous_22)","decl":{"start":{"line":471,"column":48},"end":{"line":471,"column":49}},"loc":{"start":{"line":471,"column":60},"end":{"line":485,"column":5}}},"23":{"name":"(anonymous_23)","decl":{"start":{"line":496,"column":10},"end":{"line":496,"column":29}},"loc":{"start":{"line":499,"column":40},"end":{"line":512,"column":3}}},"24":{"name":"(anonymous_24)","decl":{"start":{"line":501,"column":47},"end":{"line":501,"column":48}},"loc":{"start":{"line":501,"column":64},"end":{"line":511,"column":5}}},"25":{"name":"(anonymous_25)","decl":{"start":{"line":520,"column":10},"end":{"line":520,"column":33}},"loc":{"start":{"line":520,"column":52},"end":{"line":535,"column":3}}},"26":{"name":"(anonymous_26)","decl":{"start":{"line":544,"column":10},"end":{"line":544,"column":32}},"loc":{"start":{"line":546,"column":26},"end":{"line":557,"column":3}}},"27":{"name":"(anonymous_27)","decl":{"start":{"line":565,"column":10},"end":{"line":565,"column":31}},"loc":{"start":{"line":565,"column":54},"end":{"line":570,"column":3}}},"28":{"name":"(anonymous_28)","decl":{"start":{"line":578,"column":10},"end":{"line":578,"column":35}},"loc":{"start":{"line":578,"column":58},"end":{"line":601,"column":3}}},"29":{"name":"(anonymous_29)","decl":{"start":{"line":608,"column":10},"end":{"line":608,"column":35}},"loc":{"start":{"line":608,"column":35},"end":{"line":630,"column":3}}},"30":{"name":"(anonymous_30)","decl":{"start":{"line":638,"column":10},"end":{"line":638,"column":26}},"loc":{"start":{"line":638,"column":51},"end":{"line":655,"column":3}}},"31":{"name":"(anonymous_31)","decl":{"start":{"line":641,"column":41},"end":{"line":641,"column":42}},"loc":{"start":{"line":641,"column":51},"end":{"line":652,"column":5}}},"32":{"name":"(anonymous_32)","decl":{"start":{"line":665,"column":10},"end":{"line":665,"column":41}},"loc":{"start":{"line":668,"column":23},"end":{"line":678,"column":3}}},"33":{"name":"(anonymous_33)","decl":{"start":{"line":676,"column":6},"end":{"line":676,"column":7}},"loc":{"start":{"line":676,"column":17},"end":{"line":676,"column":75}}},"34":{"name":"(anonymous_34)","decl":{"start":{"line":688,"column":10},"end":{"line":688,"column":24}},"loc":{"start":{"line":691,"column":40},"end":{"line":712,"column":3}}},"35":{"name":"(anonymous_35)","decl":{"start":{"line":695,"column":6},"end":{"line":695,"column":7}},"loc":{"start":{"line":695,"column":34},"end":{"line":710,"column":7}}},"36":{"name":"(anonymous_36)","decl":{"start":{"line":721,"column":10},"end":{"line":721,"column":36}},"loc":{"start":{"line":721,"column":59},"end":{"line":737,"column":3}}},"37":{"name":"(anonymous_37)","decl":{"start":{"line":730,"column":13},"end":{"line":730,"column":14}},"loc":{"start":{"line":730,"column":23},"end":{"line":733,"column":7}}},"38":{"name":"(anonymous_38)","decl":{"start":{"line":746,"column":10},"end":{"line":746,"column":32}},"loc":{"start":{"line":746,"column":55},"end":{"line":768,"column":3}}},"39":{"name":"(anonymous_39)","decl":{"start":{"line":754,"column":12},"end":{"line":754,"column":13}},"loc":{"start":{"line":754,"column":30},"end":{"line":760,"column":7}}},"40":{"name":"(anonymous_40)","decl":{"start":{"line":761,"column":13},"end":{"line":761,"column":14}},"loc":{"start":{"line":761,"column":23},"end":{"line":764,"column":7}}}},"branchMap":{"0":{"loc":{"start":{"line":66,"column":4},"end":{"line":71,"column":5}},"type":"if","locations":[{"start":{"line":66,"column":4},"end":{"line":71,"column":5}}]},"1":{"loc":{"start":{"line":77,"column":4},"end":{"line":79,"column":5}},"type":"if","locations":[{"start":{"line":77,"column":4},"end":{"line":79,"column":5}}]},"2":{"loc":{"start":{"line":281,"column":4},"end":{"line":283,"column":5}},"type":"if","locations":[{"start":{"line":281,"column":4},"end":{"line":283,"column":5}}]},"3":{"loc":{"start":{"line":281,"column":8},"end":{"line":281,"column":36}},"type":"binary-expr","locations":[{"start":{"line":281,"column":8},"end":{"line":281,"column":13}},{"start":{"line":281,"column":17},"end":{"line":281,"column":36}}]},"4":{"loc":{"start":{"line":290,"column":4},"end":{"line":292,"column":5}},"type":"if","locations":[{"start":{"line":290,"column":4},"end":{"line":292,"column":5}}]},"5":{"loc":{"start":{"line":320,"column":4},"end":{"line":322,"column":5}},"type":"if","locations":[{"start":{"line":320,"column":4},"end":{"line":322,"column":5}}]},"6":{"loc":{"start":{"line":320,"column":8},"end":{"line":320,"column":34}},"type":"binary-expr","locations":[{"start":{"line":320,"column":8},"end":{"line":320,"column":12}},{"start":{"line":320,"column":16},"end":{"line":320,"column":34}}]},"7":{"loc":{"start":{"line":329,"column":4},"end":{"line":331,"column":5}},"type":"if","locations":[{"start":{"line":329,"column":4},"end":{"line":331,"column":5}}]},"8":{"loc":{"start":{"line":382,"column":4},"end":{"line":384,"column":5}},"type":"if","locations":[{"start":{"line":382,"column":4},"end":{"line":384,"column":5}}]},"9":{"loc":{"start":{"line":382,"column":8},"end":{"line":382,"column":52}},"type":"binary-expr","locations":[{"start":{"line":382,"column":8},"end":{"line":382,"column":21}},{"start":{"line":382,"column":25},"end":{"line":382,"column":52}}]},"10":{"loc":{"start":{"line":391,"column":4},"end":{"line":394,"column":5}},"type":"if","locations":[{"start":{"line":391,"column":4},"end":{"line":394,"column":5}}]},"11":{"loc":{"start":{"line":401,"column":4},"end":{"line":404,"column":5}},"type":"if","locations":[{"start":{"line":401,"column":4},"end":{"line":404,"column":5}}]},"12":{"loc":{"start":{"line":473,"column":6},"end":{"line":475,"column":7}},"type":"if","locations":[{"start":{"line":473,"column":6},"end":{"line":475,"column":7}}]},"13":{"loc":{"start":{"line":473,"column":10},"end":{"line":473,"column":54}},"type":"binary-expr","locations":[{"start":{"line":473,"column":10},"end":{"line":473,"column":23}},{"start":{"line":473,"column":27},"end":{"line":473,"column":54}}]},"14":{"loc":{"start":{"line":482,"column":6},"end":{"line":484,"column":7}},"type":"if","locations":[{"start":{"line":482,"column":6},"end":{"line":484,"column":7}}]},"15":{"loc":{"start":{"line":502,"column":6},"end":{"line":504,"column":7}},"type":"if","locations":[{"start":{"line":502,"column":6},"end":{"line":504,"column":7}}]},"16":{"loc":{"start":{"line":529,"column":4},"end":{"line":532,"column":5}},"type":"if","locations":[{"start":{"line":529,"column":4},"end":{"line":532,"column":5}}]},"17":{"loc":{"start":{"line":551,"column":4},"end":{"line":554,"column":5}},"type":"if","locations":[{"start":{"line":551,"column":4},"end":{"line":554,"column":5}}]},"18":{"loc":{"start":{"line":696,"column":8},"end":{"line":698,"column":9}},"type":"if","locations":[{"start":{"line":696,"column":8},"end":{"line":698,"column":9}}]},"19":{"loc":{"start":{"line":696,"column":12},"end":{"line":696,"column":48}},"type":"binary-expr","locations":[{"start":{"line":696,"column":12},"end":{"line":696,"column":21}},{"start":{"line":696,"column":25},"end":{"line":696,"column":48}}]},"20":{"loc":{"start":{"line":705,"column":8},"end":{"line":707,"column":9}},"type":"if","locations":[{"start":{"line":705,"column":8},"end":{"line":707,"column":9}}]},"21":{"loc":{"start":{"line":723,"column":4},"end":{"line":725,"column":5}},"type":"if","locations":[{"start":{"line":723,"column":4},"end":{"line":725,"column":5}}]},"22":{"loc":{"start":{"line":748,"column":4},"end":{"line":750,"column":5}},"type":"if","locations":[{"start":{"line":748,"column":4},"end":{"line":750,"column":5}}]}},"s":{"0":1,"1":1,"2":1,"3":1,"4":5,"5":5,"6":5,"7":5,"8":1,"9":1,"10":1,"11":1,"12":1,"13":6,"14":1,"15":1,"16":5,"17":5,"18":1,"19":4,"20":4,"21":4,"22":4,"23":4,"24":4,"25":4,"26":4,"27":4,"28":4,"29":4,"30":4,"31":4,"32":4,"33":4,"34":4,"35":12,"36":4,"37":4,"38":4,"39":1,"40":4,"41":4,"42":3,"43":1,"44":1,"45":0,"46":1,"47":1,"48":0,"49":1,"50":1,"51":1,"52":1,"53":3,"54":3,"55":0,"56":3,"57":3,"58":0,"59":3,"60":3,"61":4,"62":3,"63":3,"64":3,"65":0,"66":3,"67":3,"68":1,"69":1,"70":2,"71":2,"72":2,"73":1,"74":1,"75":1,"76":1,"77":1,"78":1,"79":1,"80":1,"81":1,"82":1,"83":1,"84":1,"85":12,"86":1,"87":1,"88":0,"89":1,"90":1,"91":1,"92":1,"93":4,"94":2,"95":0,"96":2,"97":4,"98":4,"99":4,"100":4,"101":4,"102":0,"103":4,"104":4,"105":4,"106":4,"107":4,"108":0,"109":4,"110":4,"111":4,"112":4,"113":4,"114":12,"115":12,"116":12,"117":0,"118":4,"119":7,"120":7,"121":25,"122":3,"123":3,"124":1,"125":2,"126":2,"127":2,"128":0,"129":2,"130":3,"131":3,"132":0,"133":3,"134":0,"135":0,"136":3,"137":3,"138":3,"139":3,"140":1,"141":2,"142":2,"143":2,"144":2,"145":0,"146":0,"147":2,"148":2,"149":1},"f":{"0":5,"1":1,"2":1,"3":6,"4":4,"5":4,"6":4,"7":12,"8":4,"9":4,"10":1,"11":4,"12":3,"13":1,"14":3,"15":4,"16":3,"17":3,"18":1,"19":1,"20":1,"21":12,"22":1,"23":4,"24":2,"25":4,"26":4,"27":4,"28":4,"29":4,"30":4,"31":12,"32":7,"33":25,"34":3,"35":3,"36":3,"37":0,"38":3,"39":2,"40":0},"b":{"0":[1],"1":[1],"2":[0],"3":[1,1],"4":[0],"5":[0],"6":[3,3],"7":[0],"8":[0],"9":[3,3],"10":[1],"11":[1],"12":[0],"13":[1,1],"14":[1],"15":[0],"16":[4],"17":[4],"18":[1],"19":[3,3],"20":[0],"21":[0],"22":[1]}}
,"C:\\Users\\CedricArnould\\source\\repos\\PublishHtmlTab\\src\\publishTab\\ui\\components\\AnimatedTabBar.tsx": {"path":"C:\\Users\\CedricArnould\\source\\repos\\PublishHtmlTab\\src\\publishTab\\ui\\components\\AnimatedTabBar.tsx","statementMap":{"0":{"start":{"line":12,"column":0},"end":{"line":12,"column":16}},"1":{"start":{"line":1,"column":0},"end":{"line":1,"column":31}},"2":{"start":{"line":4,"column":0},"end":{"line":4,"column":59}},"3":{"start":{"line":20,"column":6},"end":{"line":20,"column":54}},"4":{"start":{"line":22,"column":2},"end":{"line":37,"column":4}},"5":{"start":{"line":55,"column":2},"end":{"line":69,"column":4}},"6":{"start":{"line":64,"column":10},"end":{"line":64,"column":80}},"7":{"start":{"line":87,"column":20},"end":{"line":87,"column":51}},"8":{"start":{"line":88,"column":25},"end":{"line":90,"column":10}},"9":{"start":{"line":92,"column":2},"end":{"line":108,"column":4}},"10":{"start":{"line":98,"column":10},"end":{"line":98,"column":45}},"11":{"start":{"line":124,"column":2},"end":{"line":134,"column":4}},"12":{"start":{"line":144,"column":2},"end":{"line":146,"column":5}},"13":{"start":{"line":159,"column":2},"end":{"line":168,"column":4}},"14":{"start":{"line":186,"column":2},"end":{"line":196,"column":4}},"15":{"start":{"line":206,"column":2},"end":{"line":221,"column":4}}},"fnMap":{"0":{"name":"AnimatedTabBar","decl":{"start":{"line":12,"column":16},"end":{"line":12,"column":30}},"loc":{"start":{"line":12,"column":57},"end":{"line":38,"column":1}}},"1":{"name":"renderTabViewport","decl":{"start":{"line":49,"column":9},"end":{"line":49,"column":26}},"loc":{"start":{"line":53,"column":74},"end":{"line":70,"column":1}}},"2":{"name":"(anonymous_11)","decl":{"start":{"line":63,"column":24},"end":{"line":63,"column":25}},"loc":{"start":{"line":64,"column":10},"end":{"line":64,"column":80}}},"3":{"name":"renderTabItem","decl":{"start":{"line":81,"column":9},"end":{"line":81,"column":22}},"loc":{"start":{"line":85,"column":74},"end":{"line":109,"column":1}}},"4":{"name":"(anonymous_13)","decl":{"start":{"line":97,"column":17},"end":{"line":97,"column":20}},"loc":{"start":{"line":97,"column":22},"end":{"line":99,"column":9}}},"5":{"name":"renderEndSection","decl":{"start":{"line":119,"column":9},"end":{"line":119,"column":25}},"loc":{"start":{"line":122,"column":27},"end":{"line":135,"column":1}}},"6":{"name":"getTabItemClassName","decl":{"start":{"line":143,"column":9},"end":{"line":143,"column":28}},"loc":{"start":{"line":143,"column":48},"end":{"line":147,"column":1}}},"7":{"name":"renderIndicator","decl":{"start":{"line":155,"column":9},"end":{"line":155,"column":24}},"loc":{"start":{"line":158,"column":1},"end":{"line":169,"column":1}}},"8":{"name":"renderScrollButton","decl":{"start":{"line":180,"column":9},"end":{"line":180,"column":27}},"loc":{"start":{"line":184,"column":29},"end":{"line":197,"column":1}}},"9":{"name":"renderScrollIcon","decl":{"start":{"line":205,"column":9},"end":{"line":205,"column":25}},"loc":{"start":{"line":205,"column":53},"end":{"line":222,"column":1}}}},"branchMap":{"0":{"loc":{"start":{"line":26,"column":8},"end":{"line":26,"column":58}},"type":"binary-expr","locations":[{"start":{"line":26,"column":8},"end":{"line":26,"column":28}},{"start":{"line":26,"column":32},"end":{"line":26,"column":58}}]},"1":{"loc":{"start":{"line":33,"column":8},"end":{"line":33,"column":57}},"type":"binary-expr","locations":[{"start":{"line":33,"column":8},"end":{"line":33,"column":28}},{"start":{"line":33,"column":32},"end":{"line":33,"column":57}}]},"2":{"loc":{"start":{"line":88,"column":25},"end":{"line":90,"column":10}},"type":"cond-expr","locations":[{"start":{"line":89,"column":6},"end":{"line":89,"column":37}},{"start":{"line":90,"column":6},"end":{"line":90,"column":10}}]},"3":{"loc":{"start":{"line":101,"column":18},"end":{"line":101,"column":37}},"type":"cond-expr","locations":[{"start":{"line":101,"column":31},"end":{"line":101,"column":32}},{"start":{"line":101,"column":35},"end":{"line":101,"column":37}}]},"4":{"loc":{"start":{"line":145,"column":4},"end":{"line":145,"column":null}},"type":"cond-expr","locations":[{"start":{"line":145,"column":17},"end":{"line":145,"column":53}},{"start":{"line":145,"column":56},"end":{"line":145,"column":null}}]},"5":{"loc":{"start":{"line":214,"column":11},"end":{"line":214,"column":68}},"type":"cond-expr","locations":[{"start":{"line":214,"column":34},"end":{"line":214,"column":50}},{"start":{"line":214,"column":53},"end":{"line":214,"column":68}}]}},"s":{"0":1,"1":1,"2":1,"3":3,"4":3,"5":3,"6":6,"7":6,"8":6,"9":6,"10":1,"11":3,"12":6,"13":3,"14":6,"15":6},"f":{"0":3,"1":3,"2":6,"3":6,"4":1,"5":3,"6":6,"7":3,"8":6,"9":6},"b":{"0":[3,3],"1":[3,3],"2":[6,0],"3":[3,3],"4":[3,3],"5":[3,3]}}
,"C:\\Users\\CedricArnould\\source\\repos\\PublishHtmlTab\\src\\publishTab\\ui\\components\\PublishTabHeader.tsx": {"path":"C:\\Users\\CedricArnould\\source\\repos\\PublishHtmlTab\\src\\publishTab\\ui\\components\\PublishTabHeader.tsx","statementMap":{"0":{"start":{"line":14,"column":0},"end":{"line":14,"column":16}},"1":{"start":{"line":1,"column":0},"end":{"line":1,"column":31}},"2":{"start":{"line":3,"column":0},"end":{"line":3,"column":50}},"3":{"start":{"line":5,"column":0},"end":{"line":5,"column":53}},"4":{"start":{"line":6,"column":0},"end":{"line":6,"column":50}},"5":{"start":{"line":16,"column":22},"end":{"line":16,"column":57}},"6":{"start":{"line":18,"column":2},"end":{"line":20,"column":52}},"7":{"start":{"line":35,"column":2},"end":{"line":45,"column":3}},"8":{"start":{"line":36,"column":4},"end":{"line":44,"column":6}},"9":{"start":{"line":47,"column":2},"end":{"line":47,"column":77}},"10":{"start":{"line":61,"column":2},"end":{"line":72,"column":3}},"11":{"start":{"line":62,"column":36},"end":{"line":64,"column":17}},"12":{"start":{"line":66,"column":4},"end":{"line":71,"column":6}},"13":{"start":{"line":74,"column":2},"end":{"line":74,"column":58}},"14":{"start":{"line":88,"column":2},"end":{"line":107,"column":4}},"15":{"start":{"line":97,"column":10},"end":{"line":103,"column":23}},"16":{"start":{"line":125,"column":2},"end":{"line":146,"column":4}},"17":{"start":{"line":156,"column":2},"end":{"line":166,"column":4}},"18":{"start":{"line":182,"column":18},"end":{"line":184,"column":45}},"19":{"start":{"line":185,"column":20},"end":{"line":187,"column":4}},"20":{"start":{"line":188,"column":26},"end":{"line":188,"column":76}},"21":{"start":{"line":190,"column":2},"end":{"line":206,"column":4}},"22":{"start":{"line":195,"column":8},"end":{"line":197,"column":9}},"23":{"start":{"line":196,"column":10},"end":{"line":196,"column":37}},"24":{"start":{"line":198,"column":8},"end":{"line":198,"column":28}},"25":{"start":{"line":216,"column":2},"end":{"line":216,"column":25}},"26":{"start":{"line":217,"column":2},"end":{"line":217,"column":26}}},"fnMap":{"0":{"name":"PublishTabHeader","decl":{"start":{"line":14,"column":16},"end":{"line":14,"column":32}},"loc":{"start":{"line":14,"column":61},"end":{"line":21,"column":1}}},"1":{"name":"renderLegacyHeader","decl":{"start":{"line":30,"column":9},"end":{"line":30,"column":27}},"loc":{"start":{"line":32,"column":26},"end":{"line":48,"column":1}}},"2":{"name":"renderManifestHeader","decl":{"start":{"line":57,"column":9},"end":{"line":57,"column":29}},"loc":{"start":{"line":59,"column":26},"end":{"line":75,"column":1}}},"3":{"name":"renderManifestMultiTabHeader","decl":{"start":{"line":84,"column":9},"end":{"line":84,"column":37}},"loc":{"start":{"line":86,"column":26},"end":{"line":108,"column":1}}},"4":{"name":"(anonymous_13)","decl":{"start":{"line":96,"column":30},"end":{"line":96,"column":31}},"loc":{"start":{"line":97,"column":10},"end":{"line":103,"column":23}}},"5":{"name":"renderSingleTitle","decl":{"start":{"line":119,"column":9},"end":{"line":119,"column":26}},"loc":{"start":{"line":123,"column":26},"end":{"line":147,"column":1}}},"6":{"name":"renderVersionLink","decl":{"start":{"line":155,"column":9},"end":{"line":155,"column":26}},"loc":{"start":{"line":155,"column":45},"end":{"line":167,"column":1}}},"7":{"name":"renderDownloadButton","decl":{"start":{"line":177,"column":9},"end":{"line":177,"column":29}},"loc":{"start":{"line":180,"column":31},"end":{"line":207,"column":1}}},"8":{"name":"(anonymous_17)","decl":{"start":{"line":194,"column":15},"end":{"line":194,"column":16}},"loc":{"start":{"line":194,"column":25},"end":{"line":199,"column":7}}},"9":{"name":"preventTabSelection","decl":{"start":{"line":215,"column":9},"end":{"line":215,"column":28}},"loc":{"start":{"line":215,"column":71},"end":{"line":218,"column":1}}}},"branchMap":{"0":{"loc":{"start":{"line":18,"column":45},"end":{"line":20,"column":44}},"type":"cond-expr","locations":[{"start":{"line":19,"column":6},"end":{"line":19,"column":46}},{"start":{"line":20,"column":6},"end":{"line":20,"column":44}}]},"1":{"loc":{"start":{"line":35,"column":2},"end":{"line":45,"column":3}},"type":"if","locations":[{"start":{"line":35,"column":2},"end":{"line":45,"column":3}}]},"2":{"loc":{"start":{"line":61,"column":2},"end":{"line":72,"column":3}},"type":"if","locations":[{"start":{"line":61,"column":2},"end":{"line":72,"column":3}}]},"3":{"loc":{"start":{"line":62,"column":36},"end":{"line":64,"column":17}},"type":"cond-expr","locations":[{"start":{"line":63,"column":8},"end":{"line":63,"column":53}},{"start":{"line":64,"column":8},"end":{"line":64,"column":17}}]},"4":{"loc":{"start":{"line":97,"column":10},"end":{"line":103,"column":23}},"type":"cond-expr","locations":[{"start":{"line":98,"column":14},"end":{"line":101,"column":null}},{"start":{"line":103,"column":14},"end":{"line":103,"column":23}}]},"5":{"loc":{"start":{"line":136,"column":9},"end":{"line":142,"column":16}},"type":"cond-expr","locations":[{"start":{"line":137,"column":12},"end":{"line":140,"column":null}},{"start":{"line":142,"column":12},"end":{"line":142,"column":16}}]},"6":{"loc":{"start":{"line":182,"column":18},"end":{"line":184,"column":45}},"type":"cond-expr","locations":[{"start":{"line":183,"column":6},"end":{"line":183,"column":74}},{"start":{"line":184,"column":6},"end":{"line":184,"column":45}}]},"7":{"loc":{"start":{"line":186,"column":4},"end":{"line":186,"column":null}},"type":"cond-expr","locations":[{"start":{"line":186,"column":23},"end":{"line":186,"column":58}},{"start":{"line":186,"column":61},"end":{"line":186,"column":null}}]},"8":{"loc":{"start":{"line":188,"column":26},"end":{"line":188,"column":76}},"type":"cond-expr","locations":[{"start":{"line":188,"column":45},"end":{"line":188,"column":64}},{"start":{"line":188,"column":67},"end":{"line":188,"column":76}}]},"9":{"loc":{"start":{"line":195,"column":8},"end":{"line":197,"column":9}},"type":"if","locations":[{"start":{"line":195,"column":8},"end":{"line":197,"column":9}}]}},"s":{"0":1,"1":1,"2":1,"3":1,"4":1,"5":3,"6":3,"7":1,"8":1,"9":0,"10":2,"11":1,"12":1,"13":1,"14":1,"15":1,"16":1,"17":3,"18":2,"19":2,"20":2,"21":2,"22":1,"23":0,"24":1,"25":0,"26":0},"f":{"0":3,"1":1,"2":2,"3":1,"4":1,"5":1,"6":3,"7":2,"8":1,"9":0},"b":{"0":[2,1],"1":[1],"2":[1],"3":[1,0],"4":[1,0],"5":[1,0],"6":[2,0],"7":[1,1],"8":[1,1],"9":[0]}}
,"C:\\Users\\CedricArnould\\source\\repos\\PublishHtmlTab\\src\\publishTab\\ui\\components\\PublishTabView.tsx": {"path":"C:\\Users\\CedricArnould\\source\\repos\\PublishHtmlTab\\src\\publishTab\\ui\\components\\PublishTabView.tsx","statementMap":{"0":{"start":{"line":14,"column":0},"end":{"line":14,"column":16}},"1":{"start":{"line":1,"column":0},"end":{"line":1,"column":31}},"2":{"start":{"line":4,"column":0},"end":{"line":4,"column":50}},"3":{"start":{"line":5,"column":0},"end":{"line":5,"column":54}},"4":{"start":{"line":6,"column":0},"end":{"line":6,"column":46}},"5":{"start":{"line":15,"column":2},"end":{"line":38,"column":4}},"6":{"start":{"line":50,"column":2},"end":{"line":52,"column":3}},"7":{"start":{"line":51,"column":4},"end":{"line":51,"column":16}},"8":{"start":{"line":54,"column":2},"end":{"line":54,"column":77}},"9":{"start":{"line":64,"column":2},"end":{"line":66,"column":3}},"10":{"start":{"line":65,"column":4},"end":{"line":65,"column":16}},"11":{"start":{"line":68,"column":2},"end":{"line":75,"column":4}}},"fnMap":{"0":{"name":"PublishTabView","decl":{"start":{"line":14,"column":16},"end":{"line":14,"column":30}},"loc":{"start":{"line":14,"column":57},"end":{"line":39,"column":1}}},"1":{"name":"renderWarningBanner","decl":{"start":{"line":47,"column":9},"end":{"line":47,"column":28}},"loc":{"start":{"line":48,"column":42},"end":{"line":55,"column":1}}},"2":{"name":"renderReportTabs","decl":{"start":{"line":63,"column":9},"end":{"line":63,"column":25}},"loc":{"start":{"line":63,"column":52},"end":{"line":76,"column":1}}}},"branchMap":{"0":{"loc":{"start":{"line":50,"column":2},"end":{"line":52,"column":3}},"type":"if","locations":[{"start":{"line":50,"column":2},"end":{"line":52,"column":3}}]},"1":{"loc":{"start":{"line":64,"column":2},"end":{"line":66,"column":3}},"type":"if","locations":[{"start":{"line":64,"column":2},"end":{"line":66,"column":3}}]},"2":{"loc":{"start":{"line":64,"column":6},"end":{"line":64,"column":59}},"type":"binary-expr","locations":[{"start":{"line":64,"column":6},"end":{"line":64,"column":27}},{"start":{"line":64,"column":31},"end":{"line":64,"column":59}}]}},"s":{"0":1,"1":1,"2":1,"3":1,"4":1,"5":3,"6":3,"7":0,"8":3,"9":3,"10":2,"11":1},"f":{"0":3,"1":3,"2":3},"b":{"0":[0],"1":[2],"2":[3,2]}}
,"C:\\Users\\CedricArnould\\source\\repos\\PublishHtmlTab\\src\\publishTab\\ui\\components\\ReportViewer.tsx": {"path":"C:\\Users\\CedricArnould\\source\\repos\\PublishHtmlTab\\src\\publishTab\\ui\\components\\ReportViewer.tsx","statementMap":{"0":{"start":{"line":13,"column":0},"end":{"line":13,"column":16}},"1":{"start":{"line":1,"column":0},"end":{"line":1,"column":31}},"2":{"start":{"line":14,"column":2},"end":{"line":27,"column":3}},"3":{"start":{"line":16,"column":4},"end":{"line":26,"column":6}},"4":{"start":{"line":29,"column":2},"end":{"line":35,"column":4}}},"fnMap":{"0":{"name":"ReportViewer","decl":{"start":{"line":13,"column":16},"end":{"line":13,"column":28}},"loc":{"start":{"line":13,"column":53},"end":{"line":36,"column":1}}}},"branchMap":{"0":{"loc":{"start":{"line":14,"column":2},"end":{"line":27,"column":3}},"type":"if","locations":[{"start":{"line":14,"column":2},"end":{"line":27,"column":3}}]},"1":{"loc":{"start":{"line":23,"column":11},"end":{"line":23,"column":62}},"type":"binary-expr","locations":[{"start":{"line":23,"column":11},"end":{"line":23,"column":31}},{"start":{"line":23,"column":35},"end":{"line":23,"column":62}}]}},"s":{"0":1,"1":1,"2":3,"3":2,"4":1},"f":{"0":3},"b":{"0":[2],"1":[2,1]}}
,"C:\\Users\\CedricArnould\\source\\repos\\PublishHtmlTab\\src\\publishTab\\ui\\hooks\\useAnimatedTabs.ts": {"path":"C:\\Users\\CedricArnould\\source\\repos\\PublishHtmlTab\\src\\publishTab\\ui\\hooks\\useAnimatedTabs.ts","statementMap":{"0":{"start":{"line":26,"column":0},"end":{"line":26,"column":16}},"1":{"start":{"line":1,"column":0},"end":{"line":1,"column":31}},"2":{"start":{"line":5,"column":23},"end":{"line":5,"column":24}},"3":{"start":{"line":6,"column":26},"end":{"line":6,"column":29}},"4":{"start":{"line":37,"column":22},"end":{"line":37,"column":56}},"5":{"start":{"line":38,"column":42},"end":{"line":38,"column":58}},"6":{"start":{"line":39,"column":20},"end":{"line":39,"column":74}},"7":{"start":{"line":40,"column":19},"end":{"line":40,"column":65}},"8":{"start":{"line":41,"column":23},"end":{"line":41,"column":51}},"9":{"start":{"line":43,"column":2},"end":{"line":43,"column":60}},"10":{"start":{"line":45,"column":2},"end":{"line":56,"column":4}},"11":{"start":{"line":50,"column":6},"end":{"line":50,"column":23}},"12":{"start":{"line":53,"column":6},"end":{"line":53,"column":22}},"13":{"start":{"line":68,"column":25},"end":{"line":69,"column":null}},"14":{"start":{"line":71,"column":22},"end":{"line":75,"column":null}},"15":{"start":{"line":72,"column":23},"end":{"line":74,"column":5}},"16":{"start":{"line":73,"column":6},"end":{"line":73,"column":46}},"17":{"start":{"line":78,"column":2},"end":{"line":78,"column":41}},"18":{"start":{"line":94,"column":36},"end":{"line":97,"column":4}},"19":{"start":{"line":98,"column":26},"end":{"line":98,"column":90}},"20":{"start":{"line":100,"column":2},"end":{"line":100,"column":64}},"21":{"start":{"line":101,"column":2},"end":{"line":103,"column":30}},"22":{"start":{"line":102,"column":4},"end":{"line":102,"column":22}},"23":{"start":{"line":105,"column":2},"end":{"line":105,"column":19}},"24":{"start":{"line":121,"column":2},"end":{"line":131,"column":52}},"25":{"start":{"line":122,"column":24},"end":{"line":122,"column":61}},"26":{"start":{"line":123,"column":4},"end":{"line":125,"column":5}},"27":{"start":{"line":124,"column":6},"end":{"line":124,"column":13}},"28":{"start":{"line":127,"column":4},"end":{"line":130,"column":7}},"29":{"start":{"line":147,"column":2},"end":{"line":165,"column":46}},"30":{"start":{"line":149,"column":6},"end":{"line":151,"column":45}},"31":{"start":{"line":153,"column":4},"end":{"line":153,"column":55}},"32":{"start":{"line":154,"column":4},"end":{"line":159,"column":7}},"33":{"start":{"line":155,"column":25},"end":{"line":155,"column":55}},"34":{"start":{"line":156,"column":6},"end":{"line":158,"column":7}},"35":{"start":{"line":157,"column":8},"end":{"line":157,"column":44}},"36":{"start":{"line":161,"column":4},"end":{"line":164,"column":6}},"37":{"start":{"line":162,"column":6},"end":{"line":162,"column":60}},"38":{"start":{"line":163,"column":6},"end":{"line":163,"column":35}},"39":{"start":{"line":181,"column":34},"end":{"line":185,"column":4}},"40":{"start":{"line":186,"column":25},"end":{"line":186,"column":69}},"41":{"start":{"line":188,"column":2},"end":{"line":203,"column":53}},"42":{"start":{"line":189,"column":21},"end":{"line":189,"column":40}},"43":{"start":{"line":190,"column":4},"end":{"line":193,"column":5}},"44":{"start":{"line":191,"column":6},"end":{"line":191,"column":23}},"45":{"start":{"line":192,"column":6},"end":{"line":192,"column":23}},"46":{"start":{"line":195,"column":4},"end":{"line":195,"column":75}},"47":{"start":{"line":196,"column":4},"end":{"line":196,"column":54}},"48":{"start":{"line":197,"column":4},"end":{"line":197,"column":21}},"49":{"start":{"line":199,"column":4},"end":{"line":202,"column":6}},"50":{"start":{"line":200,"column":6},"end":{"line":200,"column":61}},"51":{"start":{"line":201,"column":6},"end":{"line":201,"column":59}},"52":{"start":{"line":205,"column":2},"end":{"line":205,"column":18}},"53":{"start":{"line":219,"column":2},"end":{"line":237,"column":33}},"54":{"start":{"line":220,"column":21},"end":{"line":220,"column":40}},"55":{"start":{"line":221,"column":4},"end":{"line":223,"column":5}},"56":{"start":{"line":222,"column":6},"end":{"line":222,"column":13}},"57":{"start":{"line":225,"column":26},"end":{"line":227,"column":null}},"58":{"start":{"line":229,"column":24},"end":{"line":229,"column":54}},"59":{"start":{"line":231,"column":4},"end":{"line":236,"column":7}},"60":{"start":{"line":253,"column":2},"end":{"line":260,"column":44}},"61":{"start":{"line":254,"column":24},"end":{"line":254,"column":61}},"62":{"start":{"line":255,"column":4},"end":{"line":259,"column":7}},"63":{"start":{"line":272,"column":2},"end":{"line":285,"column":4}},"64":{"start":{"line":274,"column":23},"end":{"line":274,"column":42}},"65":{"start":{"line":275,"column":6},"end":{"line":277,"column":7}},"66":{"start":{"line":276,"column":8},"end":{"line":276,"column":15}},"67":{"start":{"line":279,"column":6},"end":{"line":282,"column":9}}},"fnMap":{"0":{"name":"useAnimatedTabs","decl":{"start":{"line":26,"column":16},"end":{"line":26,"column":31}},"loc":{"start":{"line":28,"column":29},"end":{"line":57,"column":1}}},"1":{"name":"(anonymous_10)","decl":{"start":{"line":49,"column":20},"end":{"line":49,"column":23}},"loc":{"start":{"line":49,"column":25},"end":{"line":51,"column":5}}},"2":{"name":"(anonymous_11)","decl":{"start":{"line":52,"column":19},"end":{"line":52,"column":22}},"loc":{"start":{"line":52,"column":24},"end":{"line":54,"column":5}}},"3":{"name":"useTabRegistry","decl":{"start":{"line":64,"column":9},"end":{"line":64,"column":23}},"loc":{"start":{"line":64,"column":23},"end":{"line":79,"column":1}}},"4":{"name":"(anonymous_13)","decl":{"start":{"line":72,"column":4},"end":{"line":72,"column":5}},"loc":{"start":{"line":72,"column":23},"end":{"line":74,"column":5}}},"5":{"name":"(anonymous_14)","decl":{"start":{"line":72,"column":23},"end":{"line":72,"column":24}},"loc":{"start":{"line":72,"column":64},"end":{"line":74,"column":5}}},"6":{"name":"useIndicatorState","decl":{"start":{"line":89,"column":9},"end":{"line":89,"column":26}},"loc":{"start":{"line":92,"column":29},"end":{"line":106,"column":1}}},"7":{"name":"(anonymous_16)","decl":{"start":{"line":101,"column":24},"end":{"line":101,"column":27}},"loc":{"start":{"line":101,"column":29},"end":{"line":103,"column":3}}},"8":{"name":"useIndicatorUpdater","decl":{"start":{"line":116,"column":9},"end":{"line":116,"column":28}},"loc":{"start":{"line":119,"column":68},"end":{"line":132,"column":1}}},"9":{"name":"(anonymous_18)","decl":{"start":{"line":121,"column":27},"end":{"line":121,"column":36}},"loc":{"start":{"line":121,"column":38},"end":{"line":131,"column":3}}},"10":{"name":"useIndicatorResizeSync","decl":{"start":{"line":142,"column":9},"end":{"line":142,"column":31}},"loc":{"start":{"line":145,"column":29},"end":{"line":166,"column":1}}},"11":{"name":"(anonymous_20)","decl":{"start":{"line":147,"column":18},"end":{"line":147,"column":21}},"loc":{"start":{"line":147,"column":23},"end":{"line":165,"column":3}}},"12":{"name":"(anonymous_21)","decl":{"start":{"line":154,"column":17},"end":{"line":154,"column":18}},"loc":{"start":{"line":154,"column":25},"end":{"line":159,"column":5}}},"13":{"name":"(anonymous_22)","decl":{"start":{"line":161,"column":11},"end":{"line":161,"column":14}},"loc":{"start":{"line":161,"column":16},"end":{"line":164,"column":5}}},"14":{"name":"useOverflowState","decl":{"start":{"line":176,"column":9},"end":{"line":176,"column":25}},"loc":{"start":{"line":179,"column":29},"end":{"line":206,"column":1}}},"15":{"name":"(anonymous_24)","decl":{"start":{"line":188,"column":18},"end":{"line":188,"column":21}},"loc":{"start":{"line":188,"column":23},"end":{"line":203,"column":3}}},"16":{"name":"(anonymous_25)","decl":{"start":{"line":199,"column":11},"end":{"line":199,"column":14}},"loc":{"start":{"line":199,"column":16},"end":{"line":202,"column":5}}},"17":{"name":"useOverflowUpdater","decl":{"start":{"line":215,"column":9},"end":{"line":215,"column":27}},"loc":{"start":{"line":217,"column":66},"end":{"line":238,"column":1}}},"18":{"name":"(anonymous_27)","decl":{"start":{"line":219,"column":27},"end":{"line":219,"column":36}},"loc":{"start":{"line":219,"column":38},"end":{"line":237,"column":3}}},"19":{"name":"useSelectedTabReveal","decl":{"start":{"line":248,"column":9},"end":{"line":248,"column":29}},"loc":{"start":{"line":251,"column":29},"end":{"line":261,"column":1}}},"20":{"name":"(anonymous_29)","decl":{"start":{"line":253,"column":24},"end":{"line":253,"column":27}},"loc":{"start":{"line":253,"column":29},"end":{"line":260,"column":3}}},"21":{"name":"useScrollByStep","decl":{"start":{"line":269,"column":9},"end":{"line":269,"column":24}},"loc":{"start":{"line":270,"column":46},"end":{"line":286,"column":1}}},"22":{"name":"(anonymous_31)","decl":{"start":{"line":273,"column":4},"end":{"line":273,"column":5}},"loc":{"start":{"line":273,"column":32},"end":{"line":283,"column":5}}}},"branchMap":{"0":{"loc":{"start":{"line":123,"column":4},"end":{"line":125,"column":5}},"type":"if","locations":[{"start":{"line":123,"column":4},"end":{"line":125,"column":5}}]},"1":{"loc":{"start":{"line":149,"column":6},"end":{"line":151,"column":45}},"type":"cond-expr","locations":[{"start":{"line":150,"column":10},"end":{"line":150,"column":19}},{"start":{"line":151,"column":10},"end":{"line":151,"column":45}}]},"2":{"loc":{"start":{"line":156,"column":6},"end":{"line":158,"column":7}},"type":"if","locations":[{"start":{"line":156,"column":6},"end":{"line":158,"column":7}}]},"3":{"loc":{"start":{"line":190,"column":4},"end":{"line":193,"column":5}},"type":"if","locations":[{"start":{"line":190,"column":4},"end":{"line":193,"column":5}}]},"4":{"loc":{"start":{"line":221,"column":4},"end":{"line":223,"column":5}},"type":"if","locations":[{"start":{"line":221,"column":4},"end":{"line":223,"column":5}}]},"5":{"loc":{"start":{"line":232,"column":25},"end":{"line":232,"column":76}},"type":"binary-expr","locations":[{"start":{"line":232,"column":25},"end":{"line":232,"column":36}},{"start":{"line":232,"column":40},"end":{"line":232,"column":76}}]},"6":{"loc":{"start":{"line":234,"column":8},"end":{"line":234,"column":75}},"type":"binary-expr","locations":[{"start":{"line":234,"column":8},"end":{"line":234,"column":19}},{"start":{"line":234,"column":23},"end":{"line":234,"column":75}}]},"7":{"loc":{"start":{"line":275,"column":6},"end":{"line":277,"column":7}},"type":"if","locations":[{"start":{"line":275,"column":6},"end":{"line":277,"column":7}}]}},"s":{"0":1,"1":1,"2":1,"3":1,"4":14,"5":14,"6":14,"7":14,"8":14,"9":14,"10":14,"11":1,"12":1,"13":14,"14":14,"15":28,"16":56,"17":14,"18":14,"19":14,"20":14,"21":14,"22":4,"23":14,"24":14,"25":5,"26":5,"27":0,"28":5,"29":14,"30":4,"31":4,"32":4,"33":8,"34":8,"35":8,"36":4,"37":4,"38":4,"39":14,"40":14,"41":14,"42":8,"43":8,"44":0,"45":0,"46":8,"47":8,"48":8,"49":8,"50":8,"51":8,"52":14,"53":14,"54":9,"55":9,"56":0,"57":9,"58":9,"59":9,"60":14,"61":4,"62":4,"63":14,"64":2,"65":2,"66":0,"67":2},"f":{"0":14,"1":1,"2":1,"3":14,"4":28,"5":56,"6":14,"7":4,"8":14,"9":5,"10":14,"11":4,"12":8,"13":4,"14":14,"15":8,"16":8,"17":14,"18":9,"19":14,"20":4,"21":14,"22":2},"b":{"0":[0],"1":[0,4],"2":[8],"3":[0],"4":[0],"5":[9,2],"6":[9,2],"7":[0]}}
,"C:\\Users\\CedricArnould\\source\\repos\\PublishHtmlTab\\src\\publishTab\\ui\\icons\\DownloadIcon.tsx": {"path":"C:\\Users\\CedricArnould\\source\\repos\\PublishHtmlTab\\src\\publishTab\\ui\\icons\\DownloadIcon.tsx","statementMap":{"0":{"start":{"line":14,"column":0},"end":{"line":14,"column":16}},"1":{"start":{"line":1,"column":0},"end":{"line":1,"column":31}},"2":{"start":{"line":3,"column":28},"end":{"line":7,"column":2}},"3":{"start":{"line":15,"column":2},"end":{"line":35,"column":4}},"4":{"start":{"line":25,"column":8},"end":{"line":31,"column":null}}},"fnMap":{"0":{"name":"DownloadIcon","decl":{"start":{"line":14,"column":16},"end":{"line":14,"column":28}},"loc":{"start":{"line":14,"column":28},"end":{"line":36,"column":1}}},"1":{"name":"(anonymous_10)","decl":{"start":{"line":24,"column":31},"end":{"line":24,"column":32}},"loc":{"start":{"line":25,"column":8},"end":{"line":31,"column":null}}}},"branchMap":{},"s":{"0":1,"1":1,"2":1,"3":2,"4":6},"f":{"0":2,"1":6},"b":{}}
,"C:\\Users\\CedricArnould\\source\\repos\\PublishHtmlTab\\src\\publishTab\\utils\\html.ts": {"path":"C:\\Users\\CedricArnould\\source\\repos\\PublishHtmlTab\\src\\publishTab\\utils\\html.ts","statementMap":{"0":{"start":{"line":11,"column":0},"end":{"line":11,"column":16}},"1":{"start":{"line":31,"column":0},"end":{"line":31,"column":16}},"2":{"start":{"line":42,"column":0},"end":{"line":42,"column":16}},"3":{"start":{"line":53,"column":0},"end":{"line":53,"column":16}},"4":{"start":{"line":1,"column":0},"end":{"line":1,"column":63}},"5":{"start":{"line":12,"column":2},"end":{"line":22,"column":4}},"6":{"start":{"line":15,"column":6},"end":{"line":21,"column":32}},"7":{"start":{"line":32,"column":2},"end":{"line":32,"column":65}},"8":{"start":{"line":43,"column":2},"end":{"line":43,"column":112}},"9":{"start":{"line":58,"column":2},"end":{"line":61,"column":4}}},"fnMap":{"0":{"name":"escapeHtml","decl":{"start":{"line":11,"column":16},"end":{"line":11,"column":26}},"loc":{"start":{"line":11,"column":40},"end":{"line":23,"column":1}}},"1":{"name":"(anonymous_1)","decl":{"start":{"line":14,"column":4},"end":{"line":14,"column":5}},"loc":{"start":{"line":15,"column":6},"end":{"line":21,"column":32}}},"2":{"name":"formatErrorHtml","decl":{"start":{"line":31,"column":16},"end":{"line":31,"column":31}},"loc":{"start":{"line":31,"column":47},"end":{"line":33,"column":1}}},"3":{"name":"formatNotFoundHtml","decl":{"start":{"line":42,"column":16},"end":{"line":42,"column":34}},"loc":{"start":{"line":42,"column":65},"end":{"line":44,"column":1}}},"4":{"name":"wrapHtmlInReportFrame","decl":{"start":{"line":53,"column":16},"end":{"line":53,"column":37}},"loc":{"start":{"line":55,"column":24},"end":{"line":62,"column":1}}}},"branchMap":{"0":{"loc":{"start":{"line":15,"column":6},"end":{"line":21,"column":32}},"type":"binary-expr","locations":[{"start":{"line":15,"column":6},"end":{"line":21,"column":19}},{"start":{"line":21,"column":23},"end":{"line":21,"column":32}}]}},"s":{"0":2,"1":2,"2":2,"3":2,"4":2,"5":17,"6":279,"7":2,"8":1,"9":6},"f":{"0":17,"1":279,"2":2,"3":1,"4":6},"b":{"0":[279,0]}}
,"C:\\Users\\CedricArnould\\source\\repos\\PublishHtmlTab\\src\\publishTab\\utils\\reportManifest.ts": {"path":"C:\\Users\\CedricArnould\\source\\repos\\PublishHtmlTab\\src\\publishTab\\utils\\reportManifest.ts","statementMap":{"0":{"start":{"line":10,"column":0},"end":{"line":10,"column":16}},"1":{"start":{"line":24,"column":0},"end":{"line":24,"column":16}},"2":{"start":{"line":39,"column":0},"end":{"line":39,"column":16}},"3":{"start":{"line":49,"column":0},"end":{"line":49,"column":16}},"4":{"start":{"line":62,"column":0},"end":{"line":62,"column":16}},"5":{"start":{"line":78,"column":0},"end":{"line":78,"column":16}},"6":{"start":{"line":102,"column":0},"end":{"line":102,"column":16}},"7":{"start":{"line":2,"column":0},"end":{"line":2,"column":52}},"8":{"start":{"line":14,"column":2},"end":{"line":14,"column":44}},"9":{"start":{"line":28,"column":2},"end":{"line":30,"column":4}},"10":{"start":{"line":29,"column":15},"end":{"line":29,"column":54}},"11":{"start":{"line":40,"column":2},"end":{"line":40,"column":67}},"12":{"start":{"line":50,"column":21},"end":{"line":50,"column":62}},"13":{"start":{"line":51,"column":2},"end":{"line":53,"column":9}},"14":{"start":{"line":63,"column":25},"end":{"line":63,"column":59}},"15":{"start":{"line":64,"column":2},"end":{"line":69,"column":4}},"16":{"start":{"line":81,"column":2},"end":{"line":83,"column":3}},"17":{"start":{"line":82,"column":4},"end":{"line":82,"column":21}},"18":{"start":{"line":85,"column":23},"end":{"line":88,"column":null}},"19":{"start":{"line":86,"column":23},"end":{"line":86,"column":43}},"20":{"start":{"line":88,"column":23},"end":{"line":88,"column":79}},"21":{"start":{"line":91,"column":2},"end":{"line":91,"column":48}},"22":{"start":{"line":103,"column":2},"end":{"line":103,"column":38}}},"fnMap":{"0":{"name":"getManifestEntries","decl":{"start":{"line":10,"column":16},"end":{"line":10,"column":34}},"loc":{"start":{"line":11,"column":26},"end":{"line":15,"column":1}}},"1":{"name":"findManifestEntryByAttachmentName","decl":{"start":{"line":24,"column":16},"end":{"line":24,"column":49}},"loc":{"start":{"line":26,"column":24},"end":{"line":31,"column":1}}},"2":{"name":"(anonymous_2)","decl":{"start":{"line":29,"column":4},"end":{"line":29,"column":5}},"loc":{"start":{"line":29,"column":15},"end":{"line":29,"column":54}}},"3":{"name":"getReportPath","decl":{"start":{"line":39,"column":16},"end":{"line":39,"column":29}},"loc":{"start":{"line":39,"column":56},"end":{"line":41,"column":1}}},"4":{"name":"getReportDirectory","decl":{"start":{"line":49,"column":16},"end":{"line":49,"column":34}},"loc":{"start":{"line":49,"column":61},"end":{"line":54,"column":1}}},"5":{"name":"isIndexReport","decl":{"start":{"line":62,"column":16},"end":{"line":62,"column":29}},"loc":{"start":{"line":62,"column":56},"end":{"line":70,"column":1}}},"6":{"name":"getPreferredReportEntry","decl":{"start":{"line":78,"column":16},"end":{"line":78,"column":39}},"loc":{"start":{"line":79,"column":26},"end":{"line":92,"column":1}}},"7":{"name":"(anonymous_7)","decl":{"start":{"line":86,"column":12},"end":{"line":86,"column":13}},"loc":{"start":{"line":86,"column":23},"end":{"line":86,"column":43}}},"8":{"name":"(anonymous_8)","decl":{"start":{"line":88,"column":6},"end":{"line":88,"column":7}},"loc":{"start":{"line":88,"column":23},"end":{"line":88,"column":79}}},"9":{"name":"getLegacyTabTitle","decl":{"start":{"line":102,"column":16},"end":{"line":102,"column":33}},"loc":{"start":{"line":102,"column":56},"end":{"line":104,"column":1}}}},"branchMap":{"0":{"loc":{"start":{"line":14,"column":9},"end":{"line":14,"column":43}},"type":"binary-expr","locations":[{"start":{"line":14,"column":9},"end":{"line":14,"column":23}},{"start":{"line":14,"column":27},"end":{"line":14,"column":43}}]},"1":{"loc":{"start":{"line":40,"column":9},"end":{"line":40,"column":66}},"type":"binary-expr","locations":[{"start":{"line":40,"column":9},"end":{"line":40,"column":27}},{"start":{"line":40,"column":31},"end":{"line":40,"column":48}},{"start":{"line":40,"column":52},"end":{"line":40,"column":66}}]},"2":{"loc":{"start":{"line":51,"column":9},"end":{"line":53,"column":8}},"type":"cond-expr","locations":[{"start":{"line":52,"column":6},"end":{"line":52,"column":62}},{"start":{"line":53,"column":6},"end":{"line":53,"column":8}}]},"3":{"loc":{"start":{"line":65,"column":4},"end":{"line":68,"column":34}},"type":"binary-expr","locations":[{"start":{"line":65,"column":4},"end":{"line":65,"column":42}},{"start":{"line":66,"column":4},"end":{"line":66,"column":41}},{"start":{"line":67,"column":4},"end":{"line":67,"column":35}},{"start":{"line":68,"column":4},"end":{"line":68,"column":34}}]},"4":{"loc":{"start":{"line":81,"column":2},"end":{"line":83,"column":3}},"type":"if","locations":[{"start":{"line":81,"column":2},"end":{"line":83,"column":3}}]},"5":{"loc":{"start":{"line":91,"column":9},"end":{"line":91,"column":47}},"type":"binary-expr","locations":[{"start":{"line":91,"column":9},"end":{"line":91,"column":24}},{"start":{"line":91,"column":28},"end":{"line":91,"column":47}}]}},"s":{"0":2,"1":2,"2":2,"3":2,"4":2,"5":2,"6":2,"7":2,"8":20,"9":7,"10":7,"11":56,"12":7,"13":7,"14":7,"15":7,"16":2,"17":0,"18":2,"19":4,"20":1,"21":2,"22":1},"f":{"0":20,"1":7,"2":7,"3":56,"4":7,"5":7,"6":2,"7":4,"8":1,"9":1},"b":{"0":[20,19],"1":[56,4,1],"2":[2,5],"3":[7,5,5,4],"4":[0],"5":[2,1]}}
,"C:\\Users\\CedricArnould\\source\\repos\\PublishHtmlTab\\src\\publishTab\\utils\\reportPaths.ts": {"path":"C:\\Users\\CedricArnould\\source\\repos\\PublishHtmlTab\\src\\publishTab\\utils\\reportPaths.ts","statementMap":{"0":{"start":{"line":11,"column":0},"end":{"line":11,"column":16}},"1":{"start":{"line":25,"column":0},"end":{"line":25,"column":16}},"2":{"start":{"line":36,"column":0},"end":{"line":36,"column":16}},"3":{"start":{"line":55,"column":0},"end":{"line":55,"column":16}},"4":{"start":{"line":67,"column":0},"end":{"line":67,"column":16}},"5":{"start":{"line":1,"column":0},"end":{"line":1,"column":56}},"6":{"start":{"line":3,"column":33},"end":{"line":3,"column":66}},"7":{"start":{"line":12,"column":2},"end":{"line":16,"column":4}},"8":{"start":{"line":26,"column":2},"end":{"line":26,"column":59}},"9":{"start":{"line":41,"column":21},"end":{"line":41,"column":49}},"10":{"start":{"line":42,"column":18},"end":{"line":42,"column":75}},"11":{"start":{"line":43,"column":22},"end":{"line":43,"column":48}},"12":{"start":{"line":44,"column":2},"end":{"line":44,"column":71}},"13":{"start":{"line":56,"column":17},"end":{"line":56,"column":38}},"14":{"start":{"line":57,"column":2},"end":{"line":57,"column":55}},"15":{"start":{"line":58,"column":2},"end":{"line":58,"column":33}},"16":{"start":{"line":70,"column":2},"end":{"line":72,"column":3}},"17":{"start":{"line":71,"column":4},"end":{"line":71,"column":21}},"18":{"start":{"line":74,"column":17},"end":{"line":74,"column":68}},"19":{"start":{"line":75,"column":2},"end":{"line":75,"column":59}}},"fnMap":{"0":{"name":"isExternalUrl","decl":{"start":{"line":11,"column":16},"end":{"line":11,"column":29}},"loc":{"start":{"line":11,"column":41},"end":{"line":17,"column":1}}},"1":{"name":"normalizeReportPath","decl":{"start":{"line":25,"column":16},"end":{"line":25,"column":35}},"loc":{"start":{"line":25,"column":52},"end":{"line":27,"column":1}}},"2":{"name":"resolveRelativeReportPath","decl":{"start":{"line":36,"column":16},"end":{"line":36,"column":41}},"loc":{"start":{"line":38,"column":21},"end":{"line":45,"column":1}}},"3":{"name":"createInternalReportHash","decl":{"start":{"line":55,"column":16},"end":{"line":55,"column":40}},"loc":{"start":{"line":55,"column":63},"end":{"line":59,"column":1}}},"4":{"name":"getAttachmentNameFromHash","decl":{"start":{"line":67,"column":16},"end":{"line":67,"column":41}},"loc":{"start":{"line":68,"column":22},"end":{"line":76,"column":1}}}},"branchMap":{"0":{"loc":{"start":{"line":13,"column":4},"end":{"line":15,"column":24}},"type":"binary-expr","locations":[{"start":{"line":13,"column":4},"end":{"line":13,"column":23}},{"start":{"line":14,"column":4},"end":{"line":14,"column":41}},{"start":{"line":15,"column":4},"end":{"line":15,"column":24}}]},"1":{"loc":{"start":{"line":42,"column":26},"end":{"line":42,"column":48}},"type":"binary-expr","locations":[{"start":{"line":42,"column":26},"end":{"line":42,"column":41}},{"start":{"line":42,"column":45},"end":{"line":42,"column":48}}]},"2":{"loc":{"start":{"line":70,"column":2},"end":{"line":72,"column":3}},"type":"if","locations":[{"start":{"line":70,"column":2},"end":{"line":72,"column":3}}]},"3":{"loc":{"start":{"line":70,"column":6},"end":{"line":70,"column":43}},"type":"binary-expr","locations":[{"start":{"line":70,"column":6},"end":{"line":70,"column":19}},{"start":{"line":70,"column":23},"end":{"line":70,"column":43}}]},"4":{"loc":{"start":{"line":75,"column":9},"end":{"line":75,"column":58}},"type":"binary-expr","locations":[{"start":{"line":75,"column":9},"end":{"line":75,"column":45}},{"start":{"line":75,"column":49},"end":{"line":75,"column":58}}]}},"s":{"0":3,"1":3,"2":3,"3":3,"4":3,"5":3,"6":3,"7":17,"8":59,"9":14,"10":14,"11":14,"12":14,"13":2,"14":2,"15":2,"16":3,"17":2,"18":1,"19":1},"f":{"0":17,"1":59,"2":14,"3":2,"4":3},"b":{"0":[17,16,13],"1":[14,12],"2":[2],"3":[3,2],"4":[1,0]}}
}
