{"total": {"lines":{"total":891,"covered":771,"skipped":0,"pct":86.53},"statements":{"total":908,"covered":782,"skipped":0,"pct":86.12},"functions":{"total":277,"covered":251,"skipped":0,"pct":90.61},"branches":{"total":306,"covered":209,"skipped":0,"pct":68.3},"branchesTrue":{"total":0,"covered":0,"skipped":0,"pct":100}}
,"C:\\Users\\CedricArnould\\source\\repos\\PublishHtmlTab\\src\\publishTab\\bootstrap.tsx": {"lines":{"total":28,"covered":25,"skipped":0,"pct":89.28},"functions":{"total":8,"covered":5,"skipped":0,"pct":62.5},"statements":{"total":28,"covered":25,"skipped":0,"pct":89.28},"branches":{"total":5,"covered":3,"skipped":0,"pct":60}}
,"C:\\Users\\CedricArnould\\source\\repos\\PublishHtmlTab\\src\\publishTab\\constants.ts": {"lines":{"total":14,"covered":14,"skipped":0,"pct":100},"functions":{"total":0,"covered":0,"skipped":0,"pct":100},"statements":{"total":14,"covered":14,"skipped":0,"pct":100},"branches":{"total":0,"covered":0,"skipped":0,"pct":100}}
,"C:\\Users\\CedricArnould\\source\\repos\\PublishHtmlTab\\src\\publishTab\\application\\analytics\\trackPublishTabDownloadClicked.ts": {"lines":{"total":3,"covered":3,"skipped":0,"pct":100},"functions":{"total":1,"covered":1,"skipped":0,"pct":100},"statements":{"total":3,"covered":3,"skipped":0,"pct":100},"branches":{"total":0,"covered":0,"skipped":0,"pct":100}}
,"C:\\Users\\CedricArnould\\source\\repos\\PublishHtmlTab\\src\\publishTab\\application\\analytics\\trackPublishTabDownloadFailed.ts": {"lines":{"total":3,"covered":3,"skipped":0,"pct":100},"functions":{"total":1,"covered":1,"skipped":0,"pct":100},"statements":{"total":3,"covered":3,"skipped":0,"pct":100},"branches":{"total":0,"covered":0,"skipped":0,"pct":100}}
,"C:\\Users\\CedricArnould\\source\\repos\\PublishHtmlTab\\src\\publishTab\\application\\analytics\\trackPublishTabLinkClicked.ts": {"lines":{"total":3,"covered":3,"skipped":0,"pct":100},"functions":{"total":1,"covered":1,"skipped":0,"pct":100},"statements":{"total":3,"covered":3,"skipped":0,"pct":100},"branches":{"total":0,"covered":0,"skipped":0,"pct":100}}
,"C:\\Users\\CedricArnould\\source\\repos\\PublishHtmlTab\\src\\publishTab\\application\\analytics\\trackPublishTabNavigationFailed.ts": {"lines":{"total":3,"covered":3,"skipped":0,"pct":100},"functions":{"total":1,"covered":1,"skipped":0,"pct":100},"statements":{"total":3,"covered":3,"skipped":0,"pct":100},"branches":{"total":0,"covered":0,"skipped":0,"pct":100}}
,"C:\\Users\\CedricArnould\\source\\repos\\PublishHtmlTab\\src\\publishTab\\application\\analytics\\trackPublishTabOpened.ts": {"lines":{"total":3,"covered":3,"skipped":0,"pct":100},"functions":{"total":1,"covered":1,"skipped":0,"pct":100},"statements":{"total":3,"covered":3,"skipped":0,"pct":100},"branches":{"total":0,"covered":0,"skipped":0,"pct":100}}
,"C:\\Users\\CedricArnould\\source\\repos\\PublishHtmlTab\\src\\publishTab\\application\\analytics\\trackPublishTabSelected.ts": {"lines":{"total":3,"covered":3,"skipped":0,"pct":100},"functions":{"total":1,"covered":1,"skipped":0,"pct":100},"statements":{"total":3,"covered":3,"skipped":0,"pct":100},"branches":{"total":0,"covered":0,"skipped":0,"pct":100}}
,"C:\\Users\\CedricArnould\\source\\repos\\PublishHtmlTab\\src\\publishTab\\controllers\\PublishTabContainer.tsx": {"lines":{"total":315,"covered":238,"skipped":0,"pct":75.55},"functions":{"total":97,"covered":81,"skipped":0,"pct":83.5},"statements":{"total":325,"covered":244,"skipped":0,"pct":75.07},"branches":{"total":138,"covered":89,"skipped":0,"pct":64.49}}
,"C:\\Users\\CedricArnould\\source\\repos\\PublishHtmlTab\\src\\publishTab\\domain\\analytics\\analyticsEvents.ts": {"lines":{"total":1,"covered":1,"skipped":0,"pct":100},"functions":{"total":0,"covered":0,"skipped":0,"pct":100},"statements":{"total":1,"covered":1,"skipped":0,"pct":100},"branches":{"total":0,"covered":0,"skipped":0,"pct":100}}
,"C:\\Users\\CedricArnould\\source\\repos\\PublishHtmlTab\\src\\publishTab\\domain\\analytics\\index.ts": {"lines":{"total":1,"covered":1,"skipped":0,"pct":100},"functions":{"total":1,"covered":1,"skipped":0,"pct":100},"statements":{"total":2,"covered":2,"skipped":0,"pct":100},"branches":{"total":0,"covered":0,"skipped":0,"pct":100}}
,"C:\\Users\\CedricArnould\\source\\repos\\PublishHtmlTab\\src\\publishTab\\infrastructure\\analytics\\GoogleAnalyticsTracker.ts": {"lines":{"total":51,"covered":46,"skipped":0,"pct":90.19},"functions":{"total":24,"covered":21,"skipped":0,"pct":87.5},"statements":{"total":51,"covered":46,"skipped":0,"pct":90.19},"branches":{"total":18,"covered":11,"skipped":0,"pct":61.11}}
,"C:\\Users\\CedricArnould\\source\\repos\\PublishHtmlTab\\src\\publishTab\\infrastructure\\analytics\\analyticsConfig.ts": {"lines":{"total":5,"covered":5,"skipped":0,"pct":100},"functions":{"total":1,"covered":1,"skipped":0,"pct":100},"statements":{"total":5,"covered":5,"skipped":0,"pct":100},"branches":{"total":2,"covered":1,"skipped":0,"pct":50}}
,"C:\\Users\\CedricArnould\\source\\repos\\PublishHtmlTab\\src\\publishTab\\infrastructure\\analytics\\hash.ts": {"lines":{"total":6,"covered":6,"skipped":0,"pct":100},"functions":{"total":3,"covered":3,"skipped":0,"pct":100},"statements":{"total":6,"covered":6,"skipped":0,"pct":100},"branches":{"total":0,"covered":0,"skipped":0,"pct":100}}
,"C:\\Users\\CedricArnould\\source\\repos\\PublishHtmlTab\\src\\publishTab\\infrastructure\\analytics\\sanitizers.ts": {"lines":{"total":42,"covered":36,"skipped":0,"pct":85.71},"functions":{"total":6,"covered":6,"skipped":0,"pct":100},"statements":{"total":47,"covered":39,"skipped":0,"pct":82.97},"branches":{"total":28,"covered":18,"skipped":0,"pct":64.28}}
,"C:\\Users\\CedricArnould\\source\\repos\\PublishHtmlTab\\src\\publishTab\\services\\attachments\\AttachmentClient.ts": {"lines":{"total":48,"covered":46,"skipped":0,"pct":95.83},"functions":{"total":15,"covered":14,"skipped":0,"pct":93.33},"statements":{"total":48,"covered":46,"skipped":0,"pct":95.83},"branches":{"total":10,"covered":7,"skipped":0,"pct":70}}
,"C:\\Users\\CedricArnould\\source\\repos\\PublishHtmlTab\\src\\publishTab\\services\\attachments\\BuildAttachmentClient.ts": {"lines":{"total":10,"covered":10,"skipped":0,"pct":100},"functions":{"total":2,"covered":2,"skipped":0,"pct":100},"statements":{"total":10,"covered":10,"skipped":0,"pct":100},"branches":{"total":0,"covered":0,"skipped":0,"pct":100}}
,"C:\\Users\\CedricArnould\\source\\repos\\PublishHtmlTab\\src\\publishTab\\services\\navigation\\HostNavigationService.ts": {"lines":{"total":16,"covered":16,"skipped":0,"pct":100},"functions":{"total":3,"covered":3,"skipped":0,"pct":100},"statements":{"total":16,"covered":16,"skipped":0,"pct":100},"branches":{"total":4,"covered":3,"skipped":0,"pct":75}}
,"C:\\Users\\CedricArnould\\source\\repos\\PublishHtmlTab\\src\\publishTab\\services\\reports\\ReportHtmlService.ts": {"lines":{"total":149,"covered":133,"skipped":0,"pct":89.26},"functions":{"total":41,"covered":39,"skipped":0,"pct":95.12},"statements":{"total":150,"covered":134,"skipped":0,"pct":89.33},"branches":{"total":28,"covered":19,"skipped":0,"pct":67.85}}
,"C:\\Users\\CedricArnould\\source\\repos\\PublishHtmlTab\\src\\publishTab\\ui\\components\\AnimatedTabBar.tsx": {"lines":{"total":17,"covered":17,"skipped":0,"pct":100},"functions":{"total":11,"covered":11,"skipped":0,"pct":100},"statements":{"total":17,"covered":17,"skipped":0,"pct":100},"branches":{"total":12,"covered":11,"skipped":0,"pct":91.66}}
,"C:\\Users\\CedricArnould\\source\\repos\\PublishHtmlTab\\src\\publishTab\\ui\\components\\PublishTabHeader.tsx": {"lines":{"total":27,"covered":23,"skipped":0,"pct":85.18},"functions":{"total":10,"covered":9,"skipped":0,"pct":90},"statements":{"total":27,"covered":23,"skipped":0,"pct":85.18},"branches":{"total":17,"covered":12,"skipped":0,"pct":70.58}}
,"C:\\Users\\CedricArnould\\source\\repos\\PublishHtmlTab\\src\\publishTab\\ui\\components\\PublishTabView.tsx": {"lines":{"total":12,"covered":11,"skipped":0,"pct":91.66},"functions":{"total":3,"covered":3,"skipped":0,"pct":100},"statements":{"total":12,"covered":11,"skipped":0,"pct":91.66},"branches":{"total":4,"covered":3,"skipped":0,"pct":75}}
,"C:\\Users\\CedricArnould\\source\\repos\\PublishHtmlTab\\src\\publishTab\\ui\\components\\ReportViewer.tsx": {"lines":{"total":5,"covered":5,"skipped":0,"pct":100},"functions":{"total":1,"covered":1,"skipped":0,"pct":100},"statements":{"total":5,"covered":5,"skipped":0,"pct":100},"branches":{"total":3,"covered":3,"skipped":0,"pct":100}}
,"C:\\Users\\CedricArnould\\source\\repos\\PublishHtmlTab\\src\\publishTab\\ui\\hooks\\useAnimatedTabs.ts": {"lines":{"total":68,"covered":63,"skipped":0,"pct":92.64},"functions":{"total":23,"covered":23,"skipped":0,"pct":100},"statements":{"total":68,"covered":63,"skipped":0,"pct":92.64},"branches":{"total":11,"covered":6,"skipped":0,"pct":54.54}}
,"C:\\Users\\CedricArnould\\source\\repos\\PublishHtmlTab\\src\\publishTab\\ui\\icons\\DownloadIcon.tsx": {"lines":{"total":5,"covered":5,"skipped":0,"pct":100},"functions":{"total":2,"covered":2,"skipped":0,"pct":100},"statements":{"total":5,"covered":5,"skipped":0,"pct":100},"branches":{"total":0,"covered":0,"skipped":0,"pct":100}}
,"C:\\Users\\CedricArnould\\source\\repos\\PublishHtmlTab\\src\\publishTab\\utils\\html.ts": {"lines":{"total":10,"covered":10,"skipped":0,"pct":100},"functions":{"total":5,"covered":5,"skipped":0,"pct":100},"statements":{"total":10,"covered":10,"skipped":0,"pct":100},"branches":{"total":2,"covered":1,"skipped":0,"pct":50}}
,"C:\\Users\\CedricArnould\\source\\repos\\PublishHtmlTab\\src\\publishTab\\utils\\reportManifest.ts": {"lines":{"total":23,"covered":22,"skipped":0,"pct":95.65},"functions":{"total":10,"covered":10,"skipped":0,"pct":100},"statements":{"total":23,"covered":22,"skipped":0,"pct":95.65},"branches":{"total":14,"covered":13,"skipped":0,"pct":92.85}}
,"C:\\Users\\CedricArnould\\source\\repos\\PublishHtmlTab\\src\\publishTab\\utils\\reportPaths.ts": {"lines":{"total":20,"covered":20,"skipped":0,"pct":100},"functions":{"total":5,"covered":5,"skipped":0,"pct":100},"statements":{"total":20,"covered":20,"skipped":0,"pct":100},"branches":{"total":10,"covered":9,"skipped":0,"pct":90}}
}
