TN:
SF:src\publishTab\bootstrap.tsx
FN:19,initializePublishTab
FN:24,(anonymous_10)
FN:26,(anonymous_11)
FN:27,(anonymous_12)
FN:32,(anonymous_13)
FN:45,renderBuildReports
FN:81,normalizeError
FNF:7
FNH:4
FNDA:2,initializePublishTab
FNDA:2,(anonymous_10)
FNDA:2,(anonymous_11)
FNDA:0,(anonymous_12)
FNDA:0,(anonymous_13)
FNDA:2,renderBuildReports
FNDA:0,normalizeError
DA:1,1
DA:2,1
DA:3,1
DA:7,1
DA:8,1
DA:10,1
DA:19,1
DA:21,2
DA:23,2
DA:25,2
DA:26,2
DA:27,2
DA:28,0
DA:33,0
DA:50,2
DA:51,2
DA:53,2
DA:56,2
DA:57,1
DA:60,1
DA:61,1
DA:63,1
DA:82,0
LF:23
LH:20
BRDA:56,0,0,1
BRDA:82,1,0,0
BRDA:82,1,1,0
BRF:3
BRH:1
end_of_record
TN:
SF:src\publishTab\constants.ts
FNF:0
FNH:0
DA:1,8
DA:2,8
DA:3,8
DA:5,8
DA:8,8
DA:9,8
DA:10,8
DA:11,8
DA:13,8
DA:16,8
DA:17,8
DA:18,8
DA:20,8
LF:13
LH:13
BRF:0
BRH:0
end_of_record
TN:
SF:src\publishTab\controllers\PublishTabContainer.tsx
FN:54,(anonymous_9)
FN:857,(anonymous_10)
FN:995,(anonymous_11)
FN:1018,(anonymous_12)
FN:1028,(anonymous_13)
FN:1033,(anonymous_14)
FN:1036,(anonymous_15)
FN:1050,(anonymous_16)
FN:1063,(anonymous_17)
FN:1075,(anonymous_18)
FN:1084,(anonymous_19)
FN:1093,(anonymous_20)
FN:66,(anonymous_21)
FN:82,(anonymous_22)
FN:97,(anonymous_23)
FN:107,(anonymous_24)
FN:146,(anonymous_25)
FN:182,(anonymous_26)
FN:207,(anonymous_27)
FN:223,(anonymous_28)
FN:226,(anonymous_29)
FN:247,(anonymous_30)
FN:250,(anonymous_31)
FN:262,(anonymous_32)
FN:263,(anonymous_33)
FN:278,(anonymous_34)
FN:299,(anonymous_35)
FN:313,(anonymous_36)
FN:325,(anonymous_37)
FN:351,(anonymous_38)
FN:374,(anonymous_39)
FN:386,(anonymous_40)
FN:399,(anonymous_41)
FN:413,(anonymous_42)
FN:420,(anonymous_43)
FN:431,(anonymous_44)
FN:433,(anonymous_45)
FN:448,(anonymous_46)
FN:458,(anonymous_47)
FN:471,(anonymous_48)
FN:506,(anonymous_49)
FN:545,(anonymous_50)
FN:557,(anonymous_51)
FN:569,(anonymous_52)
FN:579,(anonymous_53)
FN:597,(anonymous_54)
FN:616,(anonymous_55)
FN:647,(anonymous_56)
FN:676,(anonymous_57)
FN:713,(anonymous_58)
FN:722,(anonymous_59)
FN:728,(anonymous_60)
FN:746,(anonymous_61)
FN:773,(anonymous_62)
FN:809,(anonymous_63)
FN:821,(anonymous_64)
FN:845,(anonymous_65)
FN:881,(anonymous_66)
FN:895,(anonymous_67)
FN:929,(anonymous_68)
FN:958,(anonymous_69)
FN:961,(anonymous_70)
FN:970,(anonymous_71)
FN:983,(anonymous_72)
FNF:64
FNH:52
FNDA:6,(anonymous_9)
FNDA:2,(anonymous_10)
FNDA:1,(anonymous_11)
FNDA:0,(anonymous_12)
FNDA:0,(anonymous_13)
FNDA:0,(anonymous_14)
FNDA:0,(anonymous_15)
FNDA:0,(anonymous_16)
FNDA:0,(anonymous_17)
FNDA:0,(anonymous_18)
FNDA:0,(anonymous_19)
FNDA:0,(anonymous_20)
FNDA:6,(anonymous_21)
FNDA:6,(anonymous_22)
FNDA:29,(anonymous_23)
FNDA:29,(anonymous_24)
FNDA:29,(anonymous_25)
FNDA:29,(anonymous_26)
FNDA:29,(anonymous_27)
FNDA:29,(anonymous_28)
FNDA:19,(anonymous_29)
FNDA:29,(anonymous_30)
FNDA:10,(anonymous_31)
FNDA:29,(anonymous_32)
FNDA:10,(anonymous_33)
FNDA:29,(anonymous_34)
FNDA:26,(anonymous_35)
FNDA:29,(anonymous_36)
FNDA:6,(anonymous_37)
FNDA:6,(anonymous_38)
FNDA:3,(anonymous_39)
FNDA:1,(anonymous_40)
FNDA:2,(anonymous_41)
FNDA:3,(anonymous_42)
FNDA:2,(anonymous_43)
FNDA:3,(anonymous_44)
FNDA:3,(anonymous_45)
FNDA:3,(anonymous_46)
FNDA:3,(anonymous_47)
FNDA:3,(anonymous_48)
FNDA:3,(anonymous_49)
FNDA:35,(anonymous_50)
FNDA:5,(anonymous_51)
FNDA:5,(anonymous_52)
FNDA:5,(anonymous_53)
FNDA:5,(anonymous_54)
FNDA:6,(anonymous_55)
FNDA:1,(anonymous_56)
FNDA:0,(anonymous_57)
FNDA:2,(anonymous_58)
FNDA:2,(anonymous_59)
FNDA:2,(anonymous_60)
FNDA:4,(anonymous_61)
FNDA:0,(anonymous_62)
FNDA:1,(anonymous_63)
FNDA:1,(anonymous_64)
FNDA:3,(anonymous_65)
FNDA:1,(anonymous_66)
FNDA:1,(anonymous_67)
FNDA:0,(anonymous_68)
FNDA:1,(anonymous_69)
FNDA:1,(anonymous_70)
FNDA:1,(anonymous_71)
FNDA:1,(anonymous_72)
DA:1,1
DA:5,1
DA:23,1
DA:24,1
DA:25,1
DA:26,1
DA:31,1
DA:35,1
DA:40,1
DA:45,6
DA:47,6
DA:55,6
DA:57,6
DA:58,6
DA:67,6
DA:69,6
DA:70,6
DA:71,6
DA:74,6
DA:83,6
DA:85,6
DA:86,6
DA:87,6
DA:89,6
DA:98,29
DA:99,29
DA:108,29
DA:109,29
DA:110,29
DA:111,29
DA:112,29
DA:117,29
DA:119,29
DA:161,29
DA:186,29
DA:188,29
DA:212,29
DA:226,29
DA:228,19
DA:230,19
DA:250,29
DA:263,29
DA:284,29
DA:285,19
DA:291,10
DA:300,26
DA:314,29
DA:329,6
DA:330,6
DA:332,6
DA:352,6
DA:353,3
DA:354,3
DA:358,3
DA:359,2
DA:362,3
DA:363,3
DA:376,3
DA:377,3
DA:379,3
DA:380,3
DA:381,1
DA:387,1
DA:390,1
DA:393,2
DA:400,2
DA:401,2
DA:416,3
DA:420,2
DA:433,3
DA:440,3
DA:443,3
DA:444,0
DA:447,3
DA:448,3
DA:459,3
DA:475,3
DA:476,0
DA:479,3
DA:485,1
DA:488,2
DA:489,2
DA:490,0
DA:493,2
DA:510,3
DA:511,3
DA:513,3
DA:514,3
DA:515,3
DA:520,2
DA:523,1
DA:527,1
DA:528,1
DA:529,1
DA:532,0
DA:537,0
DA:546,35
DA:561,5
DA:566,0
DA:569,5
DA:576,5
DA:577,5
DA:579,5
DA:598,5
DA:599,5
DA:604,0
DA:605,0
DA:621,6
DA:622,6
DA:623,5
DA:626,1
DA:627,1
DA:633,0
DA:651,1
DA:652,1
DA:653,0
DA:656,1
DA:657,1
DA:660,0
DA:665,0
DA:681,0
DA:682,0
DA:685,0
DA:689,0
DA:690,0
DA:691,0
DA:694,0
DA:695,0
DA:698,0
DA:703,0
DA:717,2
DA:718,0
DA:721,2
DA:722,2
DA:729,2
DA:730,2
DA:734,2
DA:747,4
DA:748,0
DA:751,4
DA:752,4
DA:753,4
DA:754,0
DA:756,4
DA:761,4
DA:774,0
DA:776,0
DA:777,0
DA:778,0
DA:781,0
DA:785,0
DA:788,0
DA:789,0
DA:792,0
DA:793,0
DA:796,0
DA:810,1
DA:815,0
DA:818,1
DA:822,1
DA:826,1
DA:827,0
DA:831,1
DA:835,1
DA:846,3
DA:857,6
DA:858,2
DA:859,2
DA:860,0
DA:863,2
DA:864,1
DA:865,1
DA:868,1
DA:869,0
DA:872,1
DA:882,1
DA:883,0
DA:886,1
DA:896,1
DA:897,0
DA:900,1
DA:901,1
DA:905,1
DA:908,0
DA:909,0
DA:910,0
DA:913,0
DA:914,0
DA:917,0
DA:930,0
DA:931,0
DA:932,0
DA:933,0
DA:936,0
DA:937,0
DA:940,0
DA:944,0
DA:945,0
DA:948,0
DA:949,0
DA:959,1
DA:961,1
DA:971,1
DA:984,1
DA:995,6
DA:996,1
DA:997,1
DA:998,0
DA:1001,1
DA:1002,1
DA:1007,1
DA:1008,1
DA:1018,6
DA:1020,0
DA:1022,0
DA:1029,0
DA:1030,0
DA:1032,0
DA:1034,0
DA:1037,0
DA:1050,6
DA:1051,0
DA:1063,6
DA:1064,0
DA:1075,6
DA:1076,0
DA:1084,6
DA:1085,0
DA:1093,6
DA:1094,0
LF:230
LH:158
BRDA:859,0,0,0
BRDA:863,1,0,1
BRDA:868,2,0,0
BRDA:997,3,0,0
BRDA:1007,4,0,1
BRDA:1007,4,1,0
BRDA:1030,5,0,0
BRDA:99,6,0,29
BRDA:99,6,1,0
BRDA:117,7,0,0
BRDA:189,8,0,3
BRDA:189,8,1,26
BRDA:192,9,0,3
BRDA:192,9,1,26
BRDA:212,10,0,19
BRDA:212,10,1,10
BRDA:233,11,0,19
BRDA:233,11,1,9
BRDA:235,12,0,19
BRDA:235,12,1,19
BRDA:263,13,0,29
BRDA:263,13,1,19
BRDA:284,14,0,19
BRDA:286,15,0,19
BRDA:286,15,1,9
BRDA:287,16,0,9
BRDA:287,16,1,0
BRDA:291,17,0,10
BRDA:291,17,1,0
BRDA:301,18,0,26
BRDA:301,18,1,22
BRDA:337,19,0,3
BRDA:337,19,1,3
BRDA:339,20,0,3
BRDA:339,20,1,0
BRDA:340,21,0,6
BRDA:340,21,1,3
BRDA:352,22,0,3
BRDA:358,23,0,2
BRDA:362,24,0,3
BRDA:377,25,0,0
BRDA:380,26,0,1
BRDA:395,27,0,1
BRDA:395,27,1,1
BRDA:400,28,0,2
BRDA:417,29,0,3
BRDA:417,29,1,2
BRDA:443,30,0,0
BRDA:475,31,0,0
BRDA:479,32,0,1
BRDA:489,33,0,0
BRDA:511,34,0,0
BRDA:515,35,0,2
BRDA:516,36,0,3
BRDA:516,36,1,1
BRDA:516,36,2,1
BRDA:527,37,0,1
BRDA:561,38,0,0
BRDA:562,39,0,5
BRDA:562,39,1,5
BRDA:562,39,2,5
BRDA:577,40,0,0
BRDA:604,41,0,0
BRDA:604,41,1,0
BRDA:618,42,0,3
BRDA:622,43,0,5
BRDA:626,44,0,1
BRDA:635,45,0,0
BRDA:635,45,1,0
BRDA:651,46,0,1
BRDA:652,47,0,0
BRDA:681,48,0,0
BRDA:689,49,0,0
BRDA:690,50,0,0
BRDA:717,51,0,0
BRDA:724,52,0,2
BRDA:724,52,1,0
BRDA:729,53,0,2
BRDA:747,54,0,0
BRDA:752,55,0,4
BRDA:753,56,0,0
BRDA:753,56,1,4
BRDA:774,57,0,0
BRDA:777,58,0,0
BRDA:789,59,0,0
BRDA:789,59,1,0
BRDA:792,60,0,0
BRDA:810,61,0,0
BRDA:811,62,0,1
BRDA:811,62,1,1
BRDA:811,62,2,1
BRDA:826,63,0,0
BRDA:882,64,0,0
BRDA:882,65,0,1
BRDA:882,65,1,1
BRDA:896,66,0,0
BRDA:896,67,0,1
BRDA:896,67,1,1
BRDA:900,68,0,1
BRDA:909,69,0,0
BRDA:913,70,0,0
BRDA:931,71,0,0
BRDA:932,72,0,0
BRDA:944,73,0,0
BRF:104
BRH:61
end_of_record
TN:
SF:src\publishTab\services\attachments\AttachmentClient.ts
FN:10,(anonymous_9)
FN:24,(anonymous_10)
FN:35,(anonymous_11)
FN:44,(anonymous_12)
FN:53,(anonymous_13)
FN:66,(anonymous_14)
FN:89,(anonymous_15)
FN:103,(anonymous_16)
FN:119,(anonymous_17)
FN:146,(anonymous_18)
FN:151,(anonymous_19)
FN:169,(anonymous_20)
FN:207,(anonymous_21)
FN:224,(anonymous_22)
FN:229,(anonymous_23)
FNF:15
FNH:14
FNDA:9,(anonymous_9)
FNDA:9,(anonymous_10)
FNDA:1,(anonymous_11)
FNDA:0,(anonymous_12)
FNDA:8,(anonymous_13)
FNDA:2,(anonymous_14)
FNDA:4,(anonymous_15)
FNDA:1,(anonymous_16)
FNDA:1,(anonymous_17)
FNDA:7,(anonymous_18)
FNDA:7,(anonymous_19)
FNDA:6,(anonymous_20)
FNDA:5,(anonymous_21)
FNDA:5,(anonymous_22)
FNDA:50,(anonymous_23)
DA:1,2
DA:10,2
DA:12,9
DA:13,9
DA:14,9
DA:16,9
DA:25,9
DA:26,9
DA:27,9
DA:36,1
DA:45,0
DA:54,8
DA:68,2
DA:69,1
DA:73,1
DA:79,2
DA:90,4
DA:93,4
DA:104,1
DA:107,1
DA:123,1
DA:127,1
DA:128,1
DA:129,1
DA:131,1
DA:132,1
DA:133,1
DA:135,1
DA:150,7
DA:151,7
DA:154,7
DA:155,0
DA:158,7
DA:174,6
DA:175,5
DA:176,5
DA:183,6
DA:187,6
DA:192,6
DA:193,1
DA:196,5
DA:211,5
DA:215,4
DA:226,5
DA:227,5
DA:229,5
DA:230,50
DA:233,5
LF:48
LH:46
BRDA:55,0,0,8
BRDA:55,0,1,8
BRDA:68,1,0,1
BRDA:90,2,0,4
BRDA:90,2,1,0
BRDA:104,3,0,1
BRDA:104,3,1,0
BRDA:154,4,0,0
BRDA:174,5,0,5
BRDA:192,6,0,1
BRF:10
BRH:7
end_of_record
TN:
SF:src\publishTab\services\attachments\BuildAttachmentClient.ts
FN:18,(anonymous_0)
FN:29,(anonymous_1)
FNF:2
FNH:2
FNDA:2,(anonymous_0)
FNDA:2,(anonymous_1)
DA:1,1
DA:2,1
DA:4,1
DA:9,1
DA:14,1
DA:19,2
DA:20,2
DA:31,2
DA:33,2
DA:51,1
LF:10
LH:10
BRF:0
BRH:0
end_of_record
TN:
SF:src\publishTab\services\navigation\HostNavigationService.ts
FN:22,(anonymous_9)
FN:41,(anonymous_10)
FN:66,(anonymous_11)
FNF:3
FNH:3
FNDA:2,(anonymous_9)
FNDA:4,(anonymous_10)
FNDA:5,(anonymous_11)
DA:1,1
DA:8,1
DA:13,1
DA:23,2
DA:24,2
DA:25,1
DA:30,1
DA:45,4
DA:46,1
DA:49,3
DA:51,3
DA:52,2
DA:57,1
DA:67,5
DA:68,4
DA:74,5
LF:16
LH:16
BRDA:45,0,0,1
BRDA:54,1,0,2
BRDA:54,1,1,0
BRDA:67,2,0,4
BRF:4
BRH:3
end_of_record
TN:
SF:src\publishTab\services\reports\ReportHtmlService.ts
FN:37,(anonymous_0)
FN:46,(anonymous_1)
FN:48,(anonymous_2)
FN:62,(anonymous_3)
FN:98,(anonymous_4)
FN:127,(anonymous_5)
FN:159,(anonymous_6)
FN:168,(anonymous_7)
FN:188,(anonymous_8)
FN:214,(anonymous_9)
FN:227,(anonymous_10)
FN:247,(anonymous_11)
FN:257,(anonymous_12)
FN:273,(anonymous_13)
FN:314,(anonymous_14)
FN:348,(anonymous_15)
FN:356,(anonymous_16)
FN:375,(anonymous_17)
FN:416,(anonymous_18)
FN:432,(anonymous_19)
FN:444,(anonymous_20)
FN:464,(anonymous_21)
FN:471,(anonymous_22)
FN:496,(anonymous_23)
FN:501,(anonymous_24)
FN:520,(anonymous_25)
FN:544,(anonymous_26)
FN:565,(anonymous_27)
FN:578,(anonymous_28)
FN:608,(anonymous_29)
FN:638,(anonymous_30)
FN:641,(anonymous_31)
FN:665,(anonymous_32)
FN:676,(anonymous_33)
FN:688,(anonymous_34)
FN:695,(anonymous_35)
FN:721,(anonymous_36)
FN:730,(anonymous_37)
FN:746,(anonymous_38)
FN:754,(anonymous_39)
FN:761,(anonymous_40)
FNF:41
FNH:39
FNDA:5,(anonymous_0)
FNDA:1,(anonymous_1)
FNDA:1,(anonymous_2)
FNDA:6,(anonymous_3)
FNDA:4,(anonymous_4)
FNDA:4,(anonymous_5)
FNDA:4,(anonymous_6)
FNDA:12,(anonymous_7)
FNDA:4,(anonymous_8)
FNDA:4,(anonymous_9)
FNDA:1,(anonymous_10)
FNDA:4,(anonymous_11)
FNDA:3,(anonymous_12)
FNDA:1,(anonymous_13)
FNDA:3,(anonymous_14)
FNDA:4,(anonymous_15)
FNDA:3,(anonymous_16)
FNDA:3,(anonymous_17)
FNDA:1,(anonymous_18)
FNDA:1,(anonymous_19)
FNDA:1,(anonymous_20)
FNDA:12,(anonymous_21)
FNDA:1,(anonymous_22)
FNDA:4,(anonymous_23)
FNDA:2,(anonymous_24)
FNDA:4,(anonymous_25)
FNDA:4,(anonymous_26)
FNDA:4,(anonymous_27)
FNDA:4,(anonymous_28)
FNDA:4,(anonymous_29)
FNDA:4,(anonymous_30)
FNDA:12,(anonymous_31)
FNDA:7,(anonymous_32)
FNDA:25,(anonymous_33)
FNDA:3,(anonymous_34)
FNDA:3,(anonymous_35)
FNDA:3,(anonymous_36)
FNDA:0,(anonymous_37)
FNDA:3,(anonymous_38)
FNDA:2,(anonymous_39)
FNDA:0,(anonymous_40)
DA:1,1
DA:8,1
DA:9,1
DA:15,1
DA:26,1
DA:28,5
DA:29,5
DA:30,5
DA:38,5
DA:48,1
DA:49,1
DA:50,1
DA:51,1
DA:66,6
DA:69,1
DA:70,1
DA:73,5
DA:77,5
DA:78,1
DA:81,4
DA:82,4
DA:87,4
DA:103,4
DA:104,4
DA:105,4
DA:106,4
DA:112,4
DA:113,4
DA:115,4
DA:133,4
DA:135,4
DA:141,4
DA:147,4
DA:148,4
DA:164,4
DA:169,12
DA:194,4
DA:220,4
DA:226,4
DA:228,1
DA:252,4
DA:256,4
DA:258,3
DA:280,1
DA:281,1
DA:282,0
DA:285,1
DA:290,1
DA:291,0
DA:294,1
DA:297,1
DA:298,1
DA:303,1
DA:319,3
DA:320,3
DA:321,0
DA:324,3
DA:329,3
DA:330,0
DA:333,3
DA:336,3
DA:354,4
DA:357,3
DA:381,3
DA:382,3
DA:383,0
DA:386,3
DA:391,3
DA:392,1
DA:393,1
DA:396,2
DA:400,2
DA:401,2
DA:402,1
DA:403,1
DA:406,1
DA:420,1
DA:421,1
DA:422,1
DA:433,1
DA:434,1
DA:448,1
DA:449,1
DA:450,1
DA:451,1
DA:471,12
DA:472,1
DA:473,1
DA:474,0
DA:477,1
DA:481,1
DA:482,1
DA:483,1
DA:501,4
DA:502,2
DA:503,0
DA:506,2
DA:521,4
DA:522,4
DA:529,4
DA:530,4
DA:531,4
DA:534,0
DA:548,4
DA:549,4
DA:551,4
DA:552,4
DA:553,4
DA:556,0
DA:566,4
DA:579,4
DA:609,4
DA:639,4
DA:641,4
DA:642,12
DA:644,12
DA:645,12
DA:650,0
DA:654,4
DA:670,7
DA:675,7
DA:676,25
DA:693,3
DA:696,3
DA:697,1
DA:700,2
DA:704,2
DA:705,2
DA:706,0
DA:709,2
DA:722,3
DA:723,3
DA:724,0
DA:728,3
DA:731,0
DA:732,0
DA:735,3
DA:736,3
DA:747,3
DA:748,3
DA:749,1
DA:753,2
DA:755,2
DA:758,2
DA:759,2
DA:762,0
DA:763,0
DA:766,2
DA:767,2
LF:149
LH:133
BRDA:66,0,0,1
BRDA:77,1,0,1
BRDA:281,2,0,0
BRDA:281,3,0,1
BRDA:281,3,1,1
BRDA:290,4,0,0
BRDA:320,5,0,0
BRDA:320,6,0,3
BRDA:320,6,1,3
BRDA:329,7,0,0
BRDA:382,8,0,0
BRDA:382,9,0,3
BRDA:382,9,1,3
BRDA:391,10,0,1
BRDA:401,11,0,1
BRDA:473,12,0,0
BRDA:473,13,0,1
BRDA:473,13,1,1
BRDA:482,14,0,1
BRDA:502,15,0,0
BRDA:529,16,0,4
BRDA:551,17,0,4
BRDA:696,18,0,1
BRDA:696,19,0,3
BRDA:696,19,1,3
BRDA:705,20,0,0
BRDA:723,21,0,0
BRDA:748,22,0,1
BRF:28
BRH:19
end_of_record
TN:
SF:src\publishTab\ui\components\AnimatedTabBar.tsx
FN:12,AnimatedTabBar
FN:49,renderTabViewport
FN:63,(anonymous_11)
FN:81,renderTabItem
FN:97,(anonymous_13)
FN:119,renderEndSection
FN:143,getTabItemClassName
FN:155,renderIndicator
FN:180,renderScrollButton
FN:205,renderScrollIcon
FNF:10
FNH:10
FNDA:3,AnimatedTabBar
FNDA:3,renderTabViewport
FNDA:6,(anonymous_11)
FNDA:6,renderTabItem
FNDA:1,(anonymous_13)
FNDA:3,renderEndSection
FNDA:6,getTabItemClassName
FNDA:3,renderIndicator
FNDA:6,renderScrollButton
FNDA:6,renderScrollIcon
DA:1,1
DA:4,1
DA:12,1
DA:20,3
DA:22,3
DA:55,3
DA:64,6
DA:87,6
DA:88,6
DA:92,6
DA:98,1
DA:124,3
DA:144,6
DA:159,3
DA:186,6
DA:206,6
LF:16
LH:16
BRDA:26,0,0,3
BRDA:26,0,1,3
BRDA:33,1,0,3
BRDA:33,1,1,3
BRDA:88,2,0,6
BRDA:88,2,1,0
BRDA:101,3,0,3
BRDA:101,3,1,3
BRDA:145,4,0,3
BRDA:145,4,1,3
BRDA:214,5,0,3
BRDA:214,5,1,3
BRF:12
BRH:11
end_of_record
TN:
SF:src\publishTab\ui\components\PublishTabHeader.tsx
FN:14,PublishTabHeader
FN:30,renderLegacyHeader
FN:57,renderManifestHeader
FN:84,renderManifestMultiTabHeader
FN:96,(anonymous_13)
FN:119,renderSingleTitle
FN:155,renderVersionLink
FN:177,renderDownloadButton
FN:194,(anonymous_17)
FN:215,preventTabSelection
FNF:10
FNH:9
FNDA:3,PublishTabHeader
FNDA:1,renderLegacyHeader
FNDA:2,renderManifestHeader
FNDA:1,renderManifestMultiTabHeader
FNDA:1,(anonymous_13)
FNDA:1,renderSingleTitle
FNDA:3,renderVersionLink
FNDA:2,renderDownloadButton
FNDA:1,(anonymous_17)
FNDA:0,preventTabSelection
DA:1,1
DA:3,1
DA:5,1
DA:6,1
DA:14,1
DA:16,3
DA:18,3
DA:35,1
DA:36,1
DA:47,0
DA:61,2
DA:62,1
DA:66,1
DA:74,1
DA:88,1
DA:97,1
DA:125,1
DA:156,3
DA:182,2
DA:185,2
DA:188,2
DA:190,2
DA:195,1
DA:196,0
DA:198,1
DA:216,0
DA:217,0
LF:27
LH:23
BRDA:18,0,0,2
BRDA:18,0,1,1
BRDA:35,1,0,1
BRDA:61,2,0,1
BRDA:62,3,0,1
BRDA:62,3,1,0
BRDA:97,4,0,1
BRDA:97,4,1,0
BRDA:136,5,0,1
BRDA:136,5,1,0
BRDA:182,6,0,2
BRDA:182,6,1,0
BRDA:186,7,0,1
BRDA:186,7,1,1
BRDA:188,8,0,1
BRDA:188,8,1,1
BRDA:195,9,0,0
BRF:17
BRH:12
end_of_record
TN:
SF:src\publishTab\ui\components\PublishTabView.tsx
FN:14,PublishTabView
FN:47,renderWarningBanner
FN:63,renderReportTabs
FNF:3
FNH:3
FNDA:3,PublishTabView
FNDA:3,renderWarningBanner
FNDA:3,renderReportTabs
DA:1,1
DA:4,1
DA:5,1
DA:6,1
DA:14,1
DA:15,3
DA:50,3
DA:51,0
DA:54,3
DA:64,3
DA:65,2
DA:68,1
LF:12
LH:11
BRDA:50,0,0,0
BRDA:64,1,0,2
BRDA:64,2,0,3
BRDA:64,2,1,2
BRF:4
BRH:3
end_of_record
TN:
SF:src\publishTab\ui\components\ReportViewer.tsx
FN:13,ReportViewer
FNF:1
FNH:1
FNDA:3,ReportViewer
DA:1,1
DA:13,1
DA:14,3
DA:16,2
DA:29,1
LF:5
LH:5
BRDA:14,0,0,2
BRDA:23,1,0,2
BRDA:23,1,1,1
BRF:3
BRH:3
end_of_record
TN:
SF:src\publishTab\ui\hooks\useAnimatedTabs.ts
FN:26,useAnimatedTabs
FN:49,(anonymous_10)
FN:52,(anonymous_11)
FN:64,useTabRegistry
FN:72,(anonymous_13)
FN:72,(anonymous_14)
FN:89,useIndicatorState
FN:101,(anonymous_16)
FN:116,useIndicatorUpdater
FN:121,(anonymous_18)
FN:142,useIndicatorResizeSync
FN:147,(anonymous_20)
FN:154,(anonymous_21)
FN:161,(anonymous_22)
FN:176,useOverflowState
FN:188,(anonymous_24)
FN:199,(anonymous_25)
FN:215,useOverflowUpdater
FN:219,(anonymous_27)
FN:248,useSelectedTabReveal
FN:253,(anonymous_29)
FN:269,useScrollByStep
FN:273,(anonymous_31)
FNF:23
FNH:23
FNDA:14,useAnimatedTabs
FNDA:1,(anonymous_10)
FNDA:1,(anonymous_11)
FNDA:14,useTabRegistry
FNDA:28,(anonymous_13)
FNDA:56,(anonymous_14)
FNDA:14,useIndicatorState
FNDA:4,(anonymous_16)
FNDA:14,useIndicatorUpdater
FNDA:5,(anonymous_18)
FNDA:14,useIndicatorResizeSync
FNDA:4,(anonymous_20)
FNDA:8,(anonymous_21)
FNDA:4,(anonymous_22)
FNDA:14,useOverflowState
FNDA:8,(anonymous_24)
FNDA:8,(anonymous_25)
FNDA:14,useOverflowUpdater
FNDA:9,(anonymous_27)
FNDA:14,useSelectedTabReveal
FNDA:4,(anonymous_29)
FNDA:14,useScrollByStep
FNDA:2,(anonymous_31)
DA:1,1
DA:5,1
DA:6,1
DA:26,1
DA:37,14
DA:38,14
DA:39,14
DA:40,14
DA:41,14
DA:43,14
DA:45,14
DA:50,1
DA:53,1
DA:68,14
DA:71,14
DA:72,28
DA:73,56
DA:78,14
DA:94,14
DA:98,14
DA:100,14
DA:101,14
DA:102,4
DA:105,14
DA:121,14
DA:122,5
DA:123,5
DA:124,0
DA:127,5
DA:147,14
DA:149,4
DA:153,4
DA:154,4
DA:155,8
DA:156,8
DA:157,8
DA:161,4
DA:162,4
DA:163,4
DA:181,14
DA:186,14
DA:188,14
DA:189,8
DA:190,8
DA:191,0
DA:192,0
DA:195,8
DA:196,8
DA:197,8
DA:199,8
DA:200,8
DA:201,8
DA:205,14
DA:219,14
DA:220,9
DA:221,9
DA:222,0
DA:225,9
DA:229,9
DA:231,9
DA:253,14
DA:254,4
DA:255,4
DA:272,14
DA:274,2
DA:275,2
DA:276,0
DA:279,2
LF:68
LH:63
BRDA:123,0,0,0
BRDA:149,1,0,0
BRDA:149,1,1,4
BRDA:156,2,0,8
BRDA:190,3,0,0
BRDA:221,4,0,0
BRDA:232,5,0,9
BRDA:232,5,1,2
BRDA:234,6,0,9
BRDA:234,6,1,2
BRDA:275,7,0,0
BRF:11
BRH:6
end_of_record
TN:
SF:src\publishTab\ui\icons\DownloadIcon.tsx
FN:14,DownloadIcon
FN:24,(anonymous_10)
FNF:2
FNH:2
FNDA:2,DownloadIcon
FNDA:6,(anonymous_10)
DA:1,1
DA:3,1
DA:14,1
DA:15,2
DA:25,6
LF:5
LH:5
BRF:0
BRH:0
end_of_record
TN:
SF:src\publishTab\utils\html.ts
FN:11,escapeHtml
FN:14,(anonymous_1)
FN:31,formatErrorHtml
FN:42,formatNotFoundHtml
FN:53,wrapHtmlInReportFrame
FNF:5
FNH:5
FNDA:23,escapeHtml
FNDA:285,(anonymous_1)
FNDA:2,formatErrorHtml
FNDA:4,formatNotFoundHtml
FNDA:6,wrapHtmlInReportFrame
DA:1,3
DA:11,3
DA:12,23
DA:15,285
DA:31,3
DA:32,2
DA:42,3
DA:43,4
DA:53,3
DA:58,6
LF:10
LH:10
BRDA:15,0,0,285
BRDA:15,0,1,0
BRF:2
BRH:1
end_of_record
TN:
SF:src\publishTab\utils\reportManifest.ts
FN:10,getManifestEntries
FN:24,findManifestEntryByAttachmentName
FN:29,(anonymous_2)
FN:39,getReportPath
FN:49,getReportDirectory
FN:62,isIndexReport
FN:78,getPreferredReportEntry
FN:86,(anonymous_7)
FN:88,(anonymous_8)
FN:102,getLegacyTabTitle
FNF:10
FNH:10
FNDA:21,getManifestEntries
FNDA:8,findManifestEntryByAttachmentName
FNDA:8,(anonymous_2)
FNDA:58,getReportPath
FNDA:7,getReportDirectory
FNDA:9,isIndexReport
FNDA:4,getPreferredReportEntry
FNDA:6,(anonymous_7)
FNDA:1,(anonymous_8)
FNDA:39,getLegacyTabTitle
DA:2,3
DA:10,3
DA:14,21
DA:24,3
DA:28,8
DA:29,8
DA:39,3
DA:40,58
DA:49,3
DA:50,7
DA:51,7
DA:62,3
DA:63,9
DA:64,9
DA:78,3
DA:81,4
DA:82,0
DA:85,4
DA:86,6
DA:88,1
DA:91,4
DA:102,3
DA:103,39
LF:23
LH:22
BRDA:14,0,0,21
BRDA:14,0,1,20
BRDA:40,1,0,58
BRDA:40,1,1,4
BRDA:40,1,2,1
BRDA:51,2,0,2
BRDA:51,2,1,5
BRDA:65,3,0,9
BRDA:65,3,1,7
BRDA:65,3,2,7
BRDA:65,3,3,6
BRDA:81,4,0,0
BRDA:91,5,0,4
BRDA:91,5,1,3
BRF:14
BRH:13
end_of_record
TN:
SF:src\publishTab\utils\reportPaths.ts
FN:11,isExternalUrl
FN:25,normalizeReportPath
FN:36,resolveRelativeReportPath
FN:55,createInternalReportHash
FN:67,getAttachmentNameFromHash
FNF:5
FNH:5
FNDA:17,isExternalUrl
FNDA:59,normalizeReportPath
FNDA:14,resolveRelativeReportPath
FNDA:6,createInternalReportHash
FNDA:9,getAttachmentNameFromHash
DA:1,4
DA:3,4
DA:11,4
DA:12,17
DA:25,4
DA:26,59
DA:36,4
DA:41,14
DA:42,14
DA:43,14
DA:44,14
DA:55,4
DA:56,6
DA:57,6
DA:58,6
DA:67,4
DA:70,9
DA:71,7
DA:74,2
DA:75,2
LF:20
LH:20
BRDA:13,0,0,17
BRDA:13,0,1,16
BRDA:13,0,2,13
BRDA:42,1,0,14
BRDA:42,1,1,12
BRDA:70,2,0,7
BRDA:70,3,0,9
BRDA:70,3,1,3
BRDA:75,4,0,2
BRDA:75,4,1,0
BRF:10
BRH:9
end_of_record
