TN:
SF:src\publishTab\bootstrap.tsx
FN:20,initializePublishTab
FN:26,(anonymous_10)
FN:29,(anonymous_11)
FN:34,(anonymous_12)
FN:39,(anonymous_13)
FN:52,renderBuildReports
FN:91,normalizeError
FN:101,getResolvedAppVersion
FNF:8
FNH:5
FNDA:3,initializePublishTab
FNDA:3,(anonymous_10)
FNDA:3,(anonymous_11)
FNDA:0,(anonymous_12)
FNDA:0,(anonymous_13)
FNDA:3,renderBuildReports
FNDA:0,normalizeError
FNDA:3,getResolvedAppVersion
DA:1,1
DA:2,1
DA:3,1
DA:7,1
DA:8,1
DA:9,1
DA:11,1
DA:20,1
DA:22,3
DA:23,3
DA:25,3
DA:27,3
DA:28,3
DA:29,3
DA:30,3
DA:35,0
DA:40,0
DA:58,3
DA:59,3
DA:61,3
DA:64,3
DA:65,1
DA:68,2
DA:69,2
DA:71,2
DA:92,0
DA:102,3
DA:103,3
LF:28
LH:25
BRDA:64,0,0,1
BRDA:92,1,0,0
BRDA:92,1,1,0
BRDA:103,2,0,3
BRDA:103,2,1,1
BRF:5
BRH:3
end_of_record
TN:
SF:src\publishTab\constants.ts
FNF:0
FNH:0
DA:1,10
DA:2,10
DA:3,10
DA:5,10
DA:8,10
DA:9,10
DA:10,10
DA:11,10
DA:12,10
DA:14,10
DA:17,10
DA:18,10
DA:19,10
DA:21,10
LF:14
LH:14
BRF:0
BRH:0
end_of_record
TN:
SF:src\publishTab\application\analytics\trackPublishTabDownloadClicked.ts
FN:14,trackPublishTabDownloadClicked
FNF:1
FNH:1
FNDA:2,trackPublishTabDownloadClicked
DA:1,2
DA:14,2
DA:18,2
LF:3
LH:3
BRF:0
BRH:0
end_of_record
TN:
SF:src\publishTab\application\analytics\trackPublishTabDownloadFailed.ts
FN:14,trackPublishTabDownloadFailed
FNF:1
FNH:1
FNDA:2,trackPublishTabDownloadFailed
DA:1,2
DA:14,2
DA:18,2
LF:3
LH:3
BRF:0
BRH:0
end_of_record
TN:
SF:src\publishTab\application\analytics\trackPublishTabLinkClicked.ts
FN:14,trackPublishTabLinkClicked
FNF:1
FNH:1
FNDA:3,trackPublishTabLinkClicked
DA:1,2
DA:14,2
DA:18,3
LF:3
LH:3
BRF:0
BRH:0
end_of_record
TN:
SF:src\publishTab\application\analytics\trackPublishTabNavigationFailed.ts
FN:14,trackPublishTabNavigationFailed
FNF:1
FNH:1
FNDA:5,trackPublishTabNavigationFailed
DA:1,2
DA:14,2
DA:18,5
LF:3
LH:3
BRF:0
BRH:0
end_of_record
TN:
SF:src\publishTab\application\analytics\trackPublishTabOpened.ts
FN:14,trackPublishTabOpened
FNF:1
FNH:1
FNDA:10,trackPublishTabOpened
DA:1,2
DA:14,2
DA:18,10
LF:3
LH:3
BRF:0
BRH:0
end_of_record
TN:
SF:src\publishTab\application\analytics\trackPublishTabSelected.ts
FN:14,trackPublishTabSelected
FNF:1
FNH:1
FNDA:3,trackPublishTabSelected
DA:1,2
DA:14,2
DA:18,3
LF:3
LH:3
BRF:0
BRH:0
end_of_record
TN:
SF:src\publishTab\controllers\PublishTabContainer.tsx
FN:79,(anonymous_9)
FN:1284,(anonymous_10)
FN:1483,(anonymous_11)
FN:1511,(anonymous_12)
FN:1522,(anonymous_13)
FN:1527,(anonymous_14)
FN:1530,(anonymous_15)
FN:1544,(anonymous_16)
FN:1560,(anonymous_17)
FN:1575,(anonymous_18)
FN:1584,(anonymous_19)
FN:1593,(anonymous_20)
FN:91,(anonymous_21)
FN:107,(anonymous_22)
FN:122,(anonymous_23)
FN:132,(anonymous_24)
FN:171,(anonymous_25)
FN:207,(anonymous_26)
FN:229,(anonymous_27)
FN:248,(anonymous_28)
FN:257,(anonymous_29)
FN:270,(anonymous_30)
FN:271,(anonymous_31)
FN:284,(anonymous_32)
FN:300,(anonymous_33)
FN:303,(anonymous_34)
FN:324,(anonymous_35)
FN:327,(anonymous_36)
FN:339,(anonymous_37)
FN:340,(anonymous_38)
FN:355,(anonymous_39)
FN:376,(anonymous_40)
FN:390,(anonymous_41)
FN:401,(anonymous_42)
FN:411,(anonymous_43)
FN:431,(anonymous_44)
FN:443,(anonymous_45)
FN:454,(anonymous_46)
FN:463,(anonymous_47)
FN:468,(anonymous_48)
FN:476,(anonymous_49)
FN:486,(anonymous_50)
FN:502,(anonymous_51)
FN:506,(anonymous_52)
FN:516,(anonymous_53)
FN:542,(anonymous_54)
FN:568,(anonymous_55)
FN:574,(anonymous_56)
FN:600,(anonymous_57)
FN:607,(anonymous_58)
FN:633,(anonymous_59)
FN:650,(anonymous_60)
FN:669,(anonymous_61)
FN:691,(anonymous_62)
FN:713,(anonymous_63)
FN:731,(anonymous_64)
FN:756,(anonymous_65)
FN:768,(anonymous_66)
FN:781,(anonymous_67)
FN:795,(anonymous_68)
FN:802,(anonymous_69)
FN:813,(anonymous_70)
FN:815,(anonymous_71)
FN:830,(anonymous_72)
FN:840,(anonymous_73)
FN:853,(anonymous_74)
FN:886,(anonymous_75)
FN:926,(anonymous_76)
FN:946,(anonymous_77)
FN:949,(anonymous_78)
FN:961,(anonymous_79)
FN:973,(anonymous_80)
FN:985,(anonymous_81)
FN:995,(anonymous_82)
FN:1013,(anonymous_83)
FN:1032,(anonymous_84)
FN:1063,(anonymous_85)
FN:1088,(anonymous_86)
FN:1120,(anonymous_87)
FN:1123,(anonymous_88)
FN:1138,(anonymous_89)
FN:1147,(anonymous_90)
FN:1153,(anonymous_91)
FN:1173,(anonymous_92)
FN:1200,(anonymous_93)
FN:1236,(anonymous_94)
FN:1248,(anonymous_95)
FN:1272,(anonymous_96)
FN:1313,(anonymous_97)
FN:1327,(anonymous_98)
FN:1355,(anonymous_99)
FN:1375,(anonymous_100)
FN:1395,(anonymous_101)
FN:1424,(anonymous_102)
FN:1427,(anonymous_103)
FN:1436,(anonymous_104)
FN:1460,(anonymous_105)
FNF:97
FNH:81
FNDA:9,(anonymous_9)
FNDA:6,(anonymous_10)
FNDA:1,(anonymous_11)
FNDA:0,(anonymous_12)
FNDA:0,(anonymous_13)
FNDA:0,(anonymous_14)
FNDA:0,(anonymous_15)
FNDA:1,(anonymous_16)
FNDA:0,(anonymous_17)
FNDA:0,(anonymous_18)
FNDA:0,(anonymous_19)
FNDA:0,(anonymous_20)
FNDA:9,(anonymous_21)
FNDA:9,(anonymous_22)
FNDA:49,(anonymous_23)
FNDA:49,(anonymous_24)
FNDA:49,(anonymous_25)
FNDA:49,(anonymous_26)
FNDA:19,(anonymous_27)
FNDA:4,(anonymous_28)
FNDA:2,(anonymous_29)
FNDA:15,(anonymous_30)
FNDA:0,(anonymous_31)
FNDA:49,(anonymous_32)
FNDA:49,(anonymous_33)
FNDA:29,(anonymous_34)
FNDA:50,(anonymous_35)
FNDA:28,(anonymous_36)
FNDA:50,(anonymous_37)
FNDA:26,(anonymous_38)
FNDA:49,(anonymous_39)
FNDA:45,(anonymous_40)
FNDA:49,(anonymous_41)
FNDA:8,(anonymous_42)
FNDA:10,(anonymous_43)
FNDA:16,(anonymous_44)
FNDA:9,(anonymous_45)
FNDA:9,(anonymous_46)
FNDA:2,(anonymous_47)
FNDA:0,(anonymous_48)
FNDA:2,(anonymous_49)
FNDA:9,(anonymous_50)
FNDA:4,(anonymous_51)
FNDA:6,(anonymous_52)
FNDA:9,(anonymous_53)
FNDA:10,(anonymous_54)
FNDA:0,(anonymous_55)
FNDA:0,(anonymous_56)
FNDA:2,(anonymous_57)
FNDA:4,(anonymous_58)
FNDA:2,(anonymous_59)
FNDA:1,(anonymous_60)
FNDA:1,(anonymous_61)
FNDA:2,(anonymous_62)
FNDA:4,(anonymous_63)
FNDA:9,(anonymous_64)
FNDA:4,(anonymous_65)
FNDA:1,(anonymous_66)
FNDA:3,(anonymous_67)
FNDA:4,(anonymous_68)
FNDA:2,(anonymous_69)
FNDA:4,(anonymous_70)
FNDA:4,(anonymous_71)
FNDA:4,(anonymous_72)
FNDA:4,(anonymous_73)
FNDA:4,(anonymous_74)
FNDA:4,(anonymous_75)
FNDA:4,(anonymous_76)
FNDA:3,(anonymous_77)
FNDA:3,(anonymous_78)
FNDA:103,(anonymous_79)
FNDA:10,(anonymous_80)
FNDA:10,(anonymous_81)
FNDA:10,(anonymous_82)
FNDA:10,(anonymous_83)
FNDA:9,(anonymous_84)
FNDA:1,(anonymous_85)
FNDA:0,(anonymous_86)
FNDA:0,(anonymous_87)
FNDA:0,(anonymous_88)
FNDA:5,(anonymous_89)
FNDA:5,(anonymous_90)
FNDA:5,(anonymous_91)
FNDA:9,(anonymous_92)
FNDA:0,(anonymous_93)
FNDA:1,(anonymous_94)
FNDA:1,(anonymous_95)
FNDA:4,(anonymous_96)
FNDA:1,(anonymous_97)
FNDA:3,(anonymous_98)
FNDA:2,(anonymous_99)
FNDA:1,(anonymous_100)
FNDA:1,(anonymous_101)
FNDA:2,(anonymous_102)
FNDA:3,(anonymous_103)
FNDA:1,(anonymous_104)
FNDA:1,(anonymous_105)
DA:1,1
DA:5,1
DA:14,1
DA:15,1
DA:16,1
DA:17,1
DA:18,1
DA:19,1
DA:26,1
DA:27,1
DA:43,1
DA:44,1
DA:45,1
DA:46,1
DA:53,1
DA:57,1
DA:62,1
DA:67,9
DA:68,9
DA:70,9
DA:71,9
DA:72,9
DA:80,9
DA:82,9
DA:83,9
DA:92,9
DA:94,9
DA:95,9
DA:96,9
DA:99,9
DA:108,9
DA:110,9
DA:111,9
DA:112,9
DA:114,9
DA:123,49
DA:124,49
DA:133,49
DA:134,49
DA:135,49
DA:136,49
DA:137,49
DA:142,49
DA:144,49
DA:186,49
DA:211,49
DA:213,49
DA:234,19
DA:249,4
DA:258,2
DA:259,2
DA:260,2
DA:261,2
DA:271,15
DA:272,0
DA:289,49
DA:303,49
DA:305,29
DA:307,29
DA:327,50
DA:340,50
DA:361,49
DA:362,29
DA:368,20
DA:377,45
DA:391,49
DA:402,8
DA:412,10
DA:413,0
DA:416,10
DA:422,10
DA:434,16
DA:435,16
DA:444,9
DA:455,9
DA:464,2
DA:465,0
DA:468,0
DA:473,2
DA:476,2
DA:489,9
DA:490,9
DA:506,6
DA:507,4
DA:520,9
DA:521,9
DA:523,9
DA:543,10
DA:544,1
DA:547,9
DA:548,9
DA:550,9
DA:571,0
DA:574,0
DA:577,0
DA:578,0
DA:581,0
DA:605,2
DA:606,2
DA:607,4
DA:610,2
DA:611,0
DA:614,2
DA:636,2
DA:637,1
DA:640,1
DA:651,1
DA:672,1
DA:694,2
DA:696,2
DA:718,4
DA:732,9
DA:733,4
DA:734,4
DA:738,5
DA:739,4
DA:742,5
DA:743,5
DA:748,5
DA:758,4
DA:759,4
DA:761,4
DA:762,4
DA:763,1
DA:769,1
DA:772,1
DA:775,3
DA:782,3
DA:783,3
DA:798,4
DA:802,2
DA:815,4
DA:822,4
DA:825,4
DA:826,0
DA:829,4
DA:830,4
DA:841,4
DA:857,4
DA:858,0
DA:861,4
DA:867,1
DA:870,3
DA:871,3
DA:872,0
DA:873,0
DA:876,3
DA:890,4
DA:891,4
DA:893,4
DA:894,4
DA:895,4
DA:902,3
DA:905,1
DA:909,1
DA:910,1
DA:911,1
DA:914,0
DA:915,0
DA:931,4
DA:947,3
DA:950,3
DA:962,103
DA:977,10
DA:982,0
DA:985,10
DA:992,10
DA:993,10
DA:995,10
DA:1014,10
DA:1015,10
DA:1020,0
DA:1021,0
DA:1037,9
DA:1038,9
DA:1039,8
DA:1042,1
DA:1043,1
DA:1049,0
DA:1067,1
DA:1068,1
DA:1069,0
DA:1072,1
DA:1073,1
DA:1076,0
DA:1077,0
DA:1093,0
DA:1094,0
DA:1097,0
DA:1101,0
DA:1102,0
DA:1103,0
DA:1106,0
DA:1107,0
DA:1110,0
DA:1111,0
DA:1121,0
DA:1124,0
DA:1142,5
DA:1143,0
DA:1146,5
DA:1147,5
DA:1154,5
DA:1155,5
DA:1158,5
DA:1161,5
DA:1174,9
DA:1175,0
DA:1178,9
DA:1179,9
DA:1180,9
DA:1181,2
DA:1183,7
DA:1188,9
DA:1201,0
DA:1203,0
DA:1204,0
DA:1205,0
DA:1208,0
DA:1212,0
DA:1215,0
DA:1216,0
DA:1219,0
DA:1220,0
DA:1223,0
DA:1237,1
DA:1242,0
DA:1245,1
DA:1249,1
DA:1253,1
DA:1254,0
DA:1258,1
DA:1262,1
DA:1273,4
DA:1284,9
DA:1285,6
DA:1286,6
DA:1287,0
DA:1290,6
DA:1291,2
DA:1292,2
DA:1295,4
DA:1296,1
DA:1297,1
DA:1300,3
DA:1301,0
DA:1304,3
DA:1314,1
DA:1315,0
DA:1318,1
DA:1328,3
DA:1329,0
DA:1332,3
DA:1333,2
DA:1334,2
DA:1337,1
DA:1338,1
DA:1339,0
DA:1342,1
DA:1343,0
DA:1346,1
DA:1356,2
DA:1363,2
DA:1376,1
DA:1383,1
DA:1396,1
DA:1397,1
DA:1398,1
DA:1399,1
DA:1402,0
DA:1403,0
DA:1406,0
DA:1410,0
DA:1411,0
DA:1414,0
DA:1415,0
DA:1425,2
DA:1427,3
DA:1440,1
DA:1447,1
DA:1451,1
DA:1464,1
DA:1471,1
DA:1475,1
DA:1483,9
DA:1484,1
DA:1485,1
DA:1486,0
DA:1489,1
DA:1491,1
DA:1492,1
DA:1497,1
DA:1498,1
DA:1501,1
DA:1511,9
DA:1513,0
DA:1515,0
DA:1516,0
DA:1523,0
DA:1524,0
DA:1526,0
DA:1528,0
DA:1531,0
DA:1544,9
DA:1545,1
DA:1548,1
DA:1560,9
DA:1561,0
DA:1564,0
DA:1575,9
DA:1576,0
DA:1584,9
DA:1585,0
DA:1593,9
DA:1594,0
LF:315
LH:238
BRDA:1286,0,0,0
BRDA:1290,1,0,2
BRDA:1295,2,0,1
BRDA:1300,3,0,0
BRDA:1485,4,0,0
BRDA:1497,5,0,1
BRDA:1497,5,1,0
BRDA:1524,6,0,0
BRDA:124,7,0,49
BRDA:124,7,1,0
BRDA:142,8,0,0
BRDA:214,9,0,4
BRDA:214,9,1,45
BRDA:217,10,0,4
BRDA:217,10,1,45
BRDA:237,11,0,8
BRDA:237,11,1,11
BRDA:289,12,0,29
BRDA:289,12,1,20
BRDA:310,13,0,29
BRDA:310,13,1,12
BRDA:312,14,0,29
BRDA:312,14,1,29
BRDA:340,15,0,50
BRDA:340,15,1,32
BRDA:361,16,0,29
BRDA:363,17,0,29
BRDA:363,17,1,12
BRDA:364,18,0,12
BRDA:364,18,1,0
BRDA:368,19,0,20
BRDA:368,19,1,0
BRDA:378,20,0,45
BRDA:378,20,1,40
BRDA:412,21,0,0
BRDA:416,22,0,4
BRDA:416,22,1,6
BRDA:422,23,0,4
BRDA:422,23,1,6
BRDA:435,24,0,16
BRDA:435,24,1,0
BRDA:444,25,0,4
BRDA:444,25,1,5
BRDA:455,26,0,9
BRDA:455,26,1,5
BRDA:464,27,0,0
BRDA:490,28,0,4
BRDA:490,28,1,5
BRDA:507,29,0,4
BRDA:507,29,1,0
BRDA:528,30,0,4
BRDA:528,30,1,5
BRDA:530,31,0,5
BRDA:530,31,1,0
BRDA:531,32,0,9
BRDA:531,32,1,5
BRDA:543,33,0,1
BRDA:556,34,0,1
BRDA:556,34,1,8
BRDA:577,35,0,0
BRDA:610,36,0,0
BRDA:636,37,0,1
BRDA:656,38,0,1
BRDA:656,38,1,0
BRDA:678,39,0,1
BRDA:678,39,1,0
BRDA:732,40,0,4
BRDA:738,41,0,4
BRDA:742,42,0,5
BRDA:759,43,0,0
BRDA:762,44,0,1
BRDA:777,45,0,1
BRDA:777,45,1,2
BRDA:782,46,0,3
BRDA:799,47,0,4
BRDA:799,47,1,2
BRDA:825,48,0,0
BRDA:857,49,0,0
BRDA:861,50,0,1
BRDA:871,51,0,0
BRDA:891,52,0,0
BRDA:895,53,0,3
BRDA:909,54,0,1
BRDA:932,55,0,4
BRDA:932,55,1,1
BRDA:934,56,0,1
BRDA:934,56,1,1
BRDA:977,57,0,0
BRDA:978,58,0,10
BRDA:978,58,1,10
BRDA:978,58,2,10
BRDA:993,59,0,0
BRDA:1020,60,0,0
BRDA:1020,60,1,0
BRDA:1034,61,0,5
BRDA:1038,62,0,8
BRDA:1042,63,0,1
BRDA:1051,64,0,0
BRDA:1051,64,1,0
BRDA:1067,65,0,1
BRDA:1068,66,0,0
BRDA:1093,67,0,0
BRDA:1101,68,0,0
BRDA:1102,69,0,0
BRDA:1142,70,0,0
BRDA:1149,71,0,5
BRDA:1149,71,1,0
BRDA:1154,72,0,5
BRDA:1174,73,0,0
BRDA:1179,74,0,9
BRDA:1180,75,0,2
BRDA:1180,75,1,7
BRDA:1201,76,0,0
BRDA:1204,77,0,0
BRDA:1216,78,0,0
BRDA:1216,78,1,0
BRDA:1219,79,0,0
BRDA:1237,80,0,0
BRDA:1238,81,0,1
BRDA:1238,81,1,1
BRDA:1238,81,2,1
BRDA:1253,82,0,0
BRDA:1314,83,0,0
BRDA:1314,84,0,1
BRDA:1314,84,1,1
BRDA:1328,85,0,0
BRDA:1328,86,0,3
BRDA:1328,86,1,2
BRDA:1332,87,0,2
BRDA:1338,88,0,0
BRDA:1342,89,0,0
BRDA:1379,90,0,0
BRDA:1379,90,1,1
BRDA:1397,91,0,1
BRDA:1398,92,0,1
BRDA:1410,93,0,0
BRDA:1438,94,0,1
BRDA:1462,95,0,1
BRF:138
BRH:89
end_of_record
TN:
SF:src\publishTab\domain\analytics\analyticsEvents.ts
FNF:0
FNH:0
DA:4,3
LF:1
LH:1
BRF:0
BRH:0
end_of_record
TN:
SF:src\publishTab\domain\analytics\index.ts
FN:23,(anonymous_0)
FNF:1
FNH:1
FNDA:38,(anonymous_0)
DA:23,41
LF:1
LH:1
BRF:0
BRH:0
end_of_record
TN:
SF:src\publishTab\infrastructure\analytics\GoogleAnalyticsTracker.ts
FN:25,(anonymous_0)
FN:29,(anonymous_1)
FN:33,(anonymous_2)
FN:37,(anonymous_3)
FN:43,(anonymous_4)
FN:47,(anonymous_5)
FN:68,(anonymous_6)
FN:83,(anonymous_7)
FN:105,(anonymous_8)
FN:114,(anonymous_9)
FN:137,mapGoogleAnalyticsEvent
FN:149,mapCommonParams
FN:163,getEventMapper
FN:175,mapOpenedEvent
FN:194,mapSelectedEvent
FN:214,mapDownloadClickedEvent
FN:233,mapDownloadFailedEvent
FN:253,mapLinkClickedEvent
FN:271,mapNavigationFailedEvent
FN:288,initializeGlobalTag
FN:292,(anonymous_20)
FN:304,injectGoogleAnalyticsScript
FN:325,createGoogleAnalyticsConfig
FN:346,isDoNotTrackEnabled
FNF:24
FNH:21
FNDA:0,(anonymous_0)
FNDA:1,(anonymous_1)
FNDA:1,(anonymous_2)
FNDA:1,(anonymous_3)
FNDA:2,(anonymous_4)
FNDA:1,(anonymous_5)
FNDA:2,(anonymous_6)
FNDA:3,(anonymous_7)
FNDA:3,(anonymous_8)
FNDA:2,(anonymous_9)
FNDA:6,mapGoogleAnalyticsEvent
FNDA:6,mapCommonParams
FNDA:6,getEventMapper
FNDA:2,mapOpenedEvent
FNDA:1,mapSelectedEvent
FNDA:0,mapDownloadClickedEvent
FNDA:1,mapDownloadFailedEvent
FNDA:1,mapLinkClickedEvent
FNDA:1,mapNavigationFailedEvent
FNDA:1,initializeGlobalTag
FNDA:0,(anonymous_20)
FNDA:1,injectGoogleAnalyticsScript
FNDA:1,createGoogleAnalyticsConfig
FNDA:3,isDoNotTrackEnabled
DA:1,1
DA:20,1
DA:24,1
DA:26,0
DA:30,1
DA:34,1
DA:38,1
DA:44,2
DA:48,1
DA:56,1
DA:57,2
DA:69,2
DA:73,2
DA:74,2
DA:84,3
DA:85,1
DA:88,2
DA:89,2
DA:90,2
DA:96,0
DA:106,3
DA:115,2
DA:116,1
DA:119,1
DA:120,1
DA:121,1
DA:122,1
DA:127,1
DA:137,1
DA:140,6
DA:150,6
DA:166,6
DA:178,2
DA:197,1
DA:217,0
DA:236,1
DA:256,1
DA:274,1
DA:289,1
DA:290,1
DA:293,0
DA:308,1
DA:309,0
DA:312,1
DA:313,1
DA:314,1
DA:315,1
DA:316,1
DA:328,1
DA:348,3
DA:349,3
LF:51
LH:46
BRDA:70,0,0,0
BRDA:71,1,0,0
BRDA:84,2,0,1
BRDA:106,3,0,3
BRDA:106,3,1,3
BRDA:115,4,0,1
BRDA:115,5,0,2
BRDA:115,5,1,1
BRDA:289,6,0,1
BRDA:289,6,1,0
BRDA:291,7,0,1
BRDA:291,7,1,0
BRDA:308,8,0,0
BRDA:348,9,0,3
BRDA:348,9,1,0
BRDA:348,9,2,0
BRDA:349,10,0,3
BRDA:349,10,1,2
BRF:18
BRH:11
end_of_record
TN:
SF:src\publishTab\infrastructure\analytics\analyticsConfig.ts
FN:21,createAnalyticsConfig
FNF:1
FNH:1
FNDA:2,createAnalyticsConfig
DA:1,1
DA:14,1
DA:21,1
DA:22,2
DA:24,2
LF:5
LH:5
BRDA:26,0,0,2
BRDA:26,0,1,0
BRF:2
BRH:1
end_of_record
TN:
SF:src\publishTab\infrastructure\analytics\hash.ts
FN:7,hashValue
FN:19,toHexString
FN:21,(anonymous_2)
FNF:3
FNH:3
FNDA:20,hashValue
FNDA:20,toHexString
FNDA:640,(anonymous_2)
DA:7,2
DA:8,20
DA:9,20
DA:10,20
DA:20,20
DA:21,640
LF:6
LH:6
BRF:0
BRH:0
end_of_record
TN:
SF:src\publishTab\infrastructure\analytics\sanitizers.ts
FN:25,sanitizeTrackedPath
FN:52,sanitizeLinkDetails
FN:83,bucketManifestSize
FN:100,normalizeErrorKind
FN:134,buildSanitizedLinkDetails
FN:152,sanitizeHrefLink
FNF:6
FNH:6
FNDA:21,sanitizeTrackedPath
FNDA:4,sanitizeLinkDetails
FNDA:7,bucketManifestSize
FNDA:4,normalizeErrorKind
FNDA:4,buildSanitizedLinkDetails
FNDA:1,sanitizeHrefLink
DA:8,2
DA:25,2
DA:28,21
DA:29,1
DA:32,20
DA:33,20
DA:34,0
DA:37,20
DA:38,0
DA:41,20
DA:42,20
DA:43,20
DA:52,2
DA:58,4
DA:59,2
DA:66,2
DA:67,1
DA:74,1
DA:83,2
DA:86,7
DA:87,3
DA:88,2
DA:89,1
DA:90,1
DA:91,1
DA:100,2
DA:102,4
DA:106,4
DA:112,1
DA:115,3
DA:116,1
DA:119,2
DA:120,2
DA:123,0
DA:139,4
DA:153,1
DA:154,0
DA:157,1
DA:158,0
DA:161,1
DA:162,1
DA:165,0
LF:42
LH:36
BRDA:28,0,0,1
BRDA:33,1,0,0
BRDA:37,2,0,0
BRDA:38,3,0,0
BRDA:38,3,1,0
BRDA:43,4,0,20
BRDA:43,4,1,0
BRDA:58,5,0,2
BRDA:66,6,0,1
BRDA:86,7,0,4
BRDA:87,8,0,1
BRDA:88,9,0,1
BRDA:89,10,0,0
BRDA:90,11,0,0
BRDA:102,12,0,4
BRDA:102,12,1,0
BRDA:106,13,0,1
BRDA:107,14,0,4
BRDA:107,14,1,4
BRDA:107,14,2,3
BRDA:107,14,3,3
BRDA:115,15,0,1
BRDA:115,16,0,3
BRDA:115,16,1,3
BRDA:119,17,0,2
BRDA:153,18,0,0
BRDA:157,19,0,0
BRDA:161,20,0,1
BRF:28
BRH:18
end_of_record
TN:
SF:src\publishTab\services\attachments\AttachmentClient.ts
FN:10,(anonymous_9)
FN:24,(anonymous_10)
FN:35,(anonymous_11)
FN:44,(anonymous_12)
FN:53,(anonymous_13)
FN:66,(anonymous_14)
FN:89,(anonymous_15)
FN:103,(anonymous_16)
FN:119,(anonymous_17)
FN:146,(anonymous_18)
FN:151,(anonymous_19)
FN:169,(anonymous_20)
FN:207,(anonymous_21)
FN:224,(anonymous_22)
FN:229,(anonymous_23)
FNF:15
FNH:14
FNDA:9,(anonymous_9)
FNDA:9,(anonymous_10)
FNDA:1,(anonymous_11)
FNDA:0,(anonymous_12)
FNDA:8,(anonymous_13)
FNDA:2,(anonymous_14)
FNDA:4,(anonymous_15)
FNDA:1,(anonymous_16)
FNDA:1,(anonymous_17)
FNDA:7,(anonymous_18)
FNDA:7,(anonymous_19)
FNDA:6,(anonymous_20)
FNDA:5,(anonymous_21)
FNDA:5,(anonymous_22)
FNDA:50,(anonymous_23)
DA:1,2
DA:10,2
DA:12,9
DA:13,9
DA:14,9
DA:16,9
DA:25,9
DA:26,9
DA:27,9
DA:36,1
DA:45,0
DA:54,8
DA:68,2
DA:69,1
DA:73,1
DA:79,2
DA:90,4
DA:93,4
DA:104,1
DA:107,1
DA:123,1
DA:127,1
DA:128,1
DA:129,1
DA:131,1
DA:132,1
DA:133,1
DA:135,1
DA:150,7
DA:151,7
DA:154,7
DA:155,0
DA:158,7
DA:174,6
DA:175,5
DA:176,5
DA:183,6
DA:187,6
DA:192,6
DA:193,1
DA:196,5
DA:211,5
DA:215,4
DA:226,5
DA:227,5
DA:229,5
DA:230,50
DA:233,5
LF:48
LH:46
BRDA:55,0,0,8
BRDA:55,0,1,8
BRDA:68,1,0,1
BRDA:90,2,0,4
BRDA:90,2,1,0
BRDA:104,3,0,1
BRDA:104,3,1,0
BRDA:154,4,0,0
BRDA:174,5,0,5
BRDA:192,6,0,1
BRF:10
BRH:7
end_of_record
TN:
SF:src\publishTab\services\attachments\BuildAttachmentClient.ts
FN:18,(anonymous_0)
FN:29,(anonymous_1)
FNF:2
FNH:2
FNDA:2,(anonymous_0)
FNDA:2,(anonymous_1)
DA:1,1
DA:2,1
DA:4,1
DA:9,1
DA:14,1
DA:19,2
DA:20,2
DA:31,2
DA:33,2
DA:51,1
LF:10
LH:10
BRF:0
BRH:0
end_of_record
TN:
SF:src\publishTab\services\navigation\HostNavigationService.ts
FN:22,(anonymous_9)
FN:41,(anonymous_10)
FN:66,(anonymous_11)
FNF:3
FNH:3
FNDA:2,(anonymous_9)
FNDA:4,(anonymous_10)
FNDA:5,(anonymous_11)
DA:1,1
DA:8,1
DA:13,1
DA:23,2
DA:24,2
DA:25,1
DA:30,1
DA:45,4
DA:46,1
DA:49,3
DA:51,3
DA:52,2
DA:57,1
DA:67,5
DA:68,4
DA:74,5
LF:16
LH:16
BRDA:45,0,0,1
BRDA:54,1,0,2
BRDA:54,1,1,0
BRDA:67,2,0,4
BRF:4
BRH:3
end_of_record
TN:
SF:src\publishTab\services\reports\ReportHtmlService.ts
FN:38,(anonymous_0)
FN:47,(anonymous_1)
FN:49,(anonymous_2)
FN:63,(anonymous_3)
FN:99,(anonymous_4)
FN:128,(anonymous_5)
FN:160,(anonymous_6)
FN:169,(anonymous_7)
FN:189,(anonymous_8)
FN:215,(anonymous_9)
FN:228,(anonymous_10)
FN:248,(anonymous_11)
FN:258,(anonymous_12)
FN:274,(anonymous_13)
FN:315,(anonymous_14)
FN:349,(anonymous_15)
FN:357,(anonymous_16)
FN:376,(anonymous_17)
FN:417,(anonymous_18)
FN:433,(anonymous_19)
FN:445,(anonymous_20)
FN:465,(anonymous_21)
FN:472,(anonymous_22)
FN:497,(anonymous_23)
FN:502,(anonymous_24)
FN:521,(anonymous_25)
FN:545,(anonymous_26)
FN:566,(anonymous_27)
FN:579,(anonymous_28)
FN:609,(anonymous_29)
FN:644,(anonymous_30)
FN:647,(anonymous_31)
FN:671,(anonymous_32)
FN:682,(anonymous_33)
FN:694,(anonymous_34)
FN:701,(anonymous_35)
FN:727,(anonymous_36)
FN:736,(anonymous_37)
FN:752,(anonymous_38)
FN:760,(anonymous_39)
FN:767,(anonymous_40)
FNF:41
FNH:39
FNDA:5,(anonymous_0)
FNDA:1,(anonymous_1)
FNDA:1,(anonymous_2)
FNDA:6,(anonymous_3)
FNDA:4,(anonymous_4)
FNDA:4,(anonymous_5)
FNDA:4,(anonymous_6)
FNDA:12,(anonymous_7)
FNDA:4,(anonymous_8)
FNDA:4,(anonymous_9)
FNDA:1,(anonymous_10)
FNDA:4,(anonymous_11)
FNDA:3,(anonymous_12)
FNDA:1,(anonymous_13)
FNDA:3,(anonymous_14)
FNDA:4,(anonymous_15)
FNDA:3,(anonymous_16)
FNDA:3,(anonymous_17)
FNDA:1,(anonymous_18)
FNDA:1,(anonymous_19)
FNDA:1,(anonymous_20)
FNDA:12,(anonymous_21)
FNDA:1,(anonymous_22)
FNDA:4,(anonymous_23)
FNDA:2,(anonymous_24)
FNDA:4,(anonymous_25)
FNDA:4,(anonymous_26)
FNDA:4,(anonymous_27)
FNDA:4,(anonymous_28)
FNDA:4,(anonymous_29)
FNDA:4,(anonymous_30)
FNDA:12,(anonymous_31)
FNDA:7,(anonymous_32)
FNDA:25,(anonymous_33)
FNDA:3,(anonymous_34)
FNDA:3,(anonymous_35)
FNDA:3,(anonymous_36)
FNDA:0,(anonymous_37)
FNDA:3,(anonymous_38)
FNDA:2,(anonymous_39)
FNDA:0,(anonymous_40)
DA:1,1
DA:9,1
DA:10,1
DA:16,1
DA:27,1
DA:29,5
DA:30,5
DA:31,5
DA:39,5
DA:49,1
DA:50,1
DA:51,1
DA:52,1
DA:67,6
DA:70,1
DA:71,1
DA:74,5
DA:78,5
DA:79,1
DA:82,4
DA:83,4
DA:88,4
DA:104,4
DA:105,4
DA:106,4
DA:107,4
DA:113,4
DA:114,4
DA:116,4
DA:134,4
DA:136,4
DA:142,4
DA:148,4
DA:149,4
DA:165,4
DA:170,12
DA:195,4
DA:221,4
DA:227,4
DA:229,1
DA:253,4
DA:257,4
DA:259,3
DA:281,1
DA:282,1
DA:283,0
DA:286,1
DA:291,1
DA:292,0
DA:295,1
DA:298,1
DA:299,1
DA:304,1
DA:320,3
DA:321,3
DA:322,0
DA:325,3
DA:330,3
DA:331,0
DA:334,3
DA:337,3
DA:355,4
DA:358,3
DA:382,3
DA:383,3
DA:384,0
DA:387,3
DA:392,3
DA:393,1
DA:394,1
DA:397,2
DA:401,2
DA:402,2
DA:403,1
DA:404,1
DA:407,1
DA:421,1
DA:422,1
DA:423,1
DA:434,1
DA:435,1
DA:449,1
DA:450,1
DA:451,1
DA:452,1
DA:472,12
DA:473,1
DA:474,1
DA:475,0
DA:478,1
DA:482,1
DA:483,1
DA:484,1
DA:502,4
DA:503,2
DA:504,0
DA:507,2
DA:522,4
DA:523,4
DA:530,4
DA:531,4
DA:532,4
DA:535,0
DA:549,4
DA:550,4
DA:552,4
DA:553,4
DA:554,4
DA:557,0
DA:567,4
DA:580,4
DA:610,4
DA:645,4
DA:647,4
DA:648,12
DA:650,12
DA:651,12
DA:656,0
DA:660,4
DA:676,7
DA:681,7
DA:682,25
DA:699,3
DA:702,3
DA:703,1
DA:706,2
DA:710,2
DA:711,2
DA:712,0
DA:715,2
DA:728,3
DA:729,3
DA:730,0
DA:734,3
DA:737,0
DA:738,0
DA:741,3
DA:742,3
DA:753,3
DA:754,3
DA:755,1
DA:759,2
DA:761,2
DA:764,2
DA:765,2
DA:768,0
DA:769,0
DA:772,2
DA:773,2
LF:149
LH:133
BRDA:67,0,0,1
BRDA:78,1,0,1
BRDA:282,2,0,0
BRDA:282,3,0,1
BRDA:282,3,1,1
BRDA:291,4,0,0
BRDA:321,5,0,0
BRDA:321,6,0,3
BRDA:321,6,1,3
BRDA:330,7,0,0
BRDA:383,8,0,0
BRDA:383,9,0,3
BRDA:383,9,1,3
BRDA:392,10,0,1
BRDA:402,11,0,1
BRDA:474,12,0,0
BRDA:474,13,0,1
BRDA:474,13,1,1
BRDA:483,14,0,1
BRDA:503,15,0,0
BRDA:530,16,0,4
BRDA:552,17,0,4
BRDA:702,18,0,1
BRDA:702,19,0,3
BRDA:702,19,1,3
BRDA:711,20,0,0
BRDA:729,21,0,0
BRDA:754,22,0,1
BRF:28
BRH:19
end_of_record
TN:
SF:src\publishTab\ui\components\AnimatedTabBar.tsx
FN:12,AnimatedTabBar
FN:49,renderTabViewport
FN:63,(anonymous_11)
FN:86,renderTabItem
FN:117,renderTabTrigger
FN:126,(anonymous_14)
FN:146,renderEndSection
FN:170,getTabItemClassName
FN:182,renderIndicator
FN:204,renderScrollButton
FN:229,renderScrollIcon
FNF:11
FNH:11
FNDA:3,AnimatedTabBar
FNDA:3,renderTabViewport
FNDA:6,(anonymous_11)
FNDA:6,renderTabItem
FNDA:6,renderTabTrigger
FNDA:1,(anonymous_14)
FNDA:3,renderEndSection
FNDA:6,getTabItemClassName
FNDA:3,renderIndicator
FNDA:6,renderScrollButton
FNDA:6,renderScrollIcon
DA:1,1
DA:4,1
DA:12,1
DA:20,3
DA:22,3
DA:55,3
DA:64,6
DA:92,6
DA:93,6
DA:97,6
DA:122,6
DA:127,1
DA:151,3
DA:171,6
DA:183,3
DA:210,6
DA:230,6
LF:17
LH:17
BRDA:26,0,0,3
BRDA:26,0,1,3
BRDA:33,1,0,3
BRDA:33,1,1,3
BRDA:93,2,0,6
BRDA:93,2,1,0
BRDA:130,3,0,3
BRDA:130,3,1,3
BRDA:172,4,0,3
BRDA:172,4,1,3
BRDA:238,5,0,3
BRDA:238,5,1,3
BRF:12
BRH:11
end_of_record
TN:
SF:src\publishTab\ui\components\PublishTabHeader.tsx
FN:14,PublishTabHeader
FN:34,renderLegacyHeader
FN:61,renderManifestHeader
FN:88,renderManifestMultiTabHeader
FN:100,(anonymous_13)
FN:123,renderSingleTitle
FN:159,renderVersionLink
FN:181,renderDownloadButton
FN:198,(anonymous_17)
FN:219,preventTabSelection
FNF:10
FNH:9
FNDA:3,PublishTabHeader
FNDA:1,renderLegacyHeader
FNDA:2,renderManifestHeader
FNDA:1,renderManifestMultiTabHeader
FNDA:1,(anonymous_13)
FNDA:1,renderSingleTitle
FNDA:3,renderVersionLink
FNDA:2,renderDownloadButton
FNDA:1,(anonymous_17)
FNDA:0,preventTabSelection
DA:1,1
DA:3,1
DA:5,1
DA:6,1
DA:14,1
DA:16,3
DA:18,3
DA:39,1
DA:40,1
DA:51,0
DA:65,2
DA:66,1
DA:70,1
DA:78,1
DA:92,1
DA:101,1
DA:129,1
DA:160,3
DA:186,2
DA:189,2
DA:192,2
DA:194,2
DA:199,1
DA:200,0
DA:202,1
DA:220,0
DA:221,0
LF:27
LH:23
BRDA:20,0,0,2
BRDA:20,0,1,1
BRDA:39,1,0,1
BRDA:65,2,0,1
BRDA:66,3,0,1
BRDA:66,3,1,0
BRDA:101,4,0,1
BRDA:101,4,1,0
BRDA:140,5,0,1
BRDA:140,5,1,0
BRDA:186,6,0,2
BRDA:186,6,1,0
BRDA:190,7,0,1
BRDA:190,7,1,1
BRDA:192,8,0,1
BRDA:192,8,1,1
BRDA:199,9,0,0
BRF:17
BRH:12
end_of_record
TN:
SF:src\publishTab\ui\components\PublishTabView.tsx
FN:14,PublishTabView
FN:47,renderWarningBanner
FN:63,renderReportTabs
FNF:3
FNH:3
FNDA:3,PublishTabView
FNDA:3,renderWarningBanner
FNDA:3,renderReportTabs
DA:1,1
DA:4,1
DA:5,1
DA:6,1
DA:14,1
DA:15,3
DA:50,3
DA:51,0
DA:54,3
DA:64,3
DA:65,2
DA:68,1
LF:12
LH:11
BRDA:50,0,0,0
BRDA:64,1,0,2
BRDA:64,2,0,3
BRDA:64,2,1,2
BRF:4
BRH:3
end_of_record
TN:
SF:src\publishTab\ui\components\ReportViewer.tsx
FN:13,ReportViewer
FNF:1
FNH:1
FNDA:3,ReportViewer
DA:1,1
DA:13,1
DA:14,3
DA:16,2
DA:29,1
LF:5
LH:5
BRDA:14,0,0,2
BRDA:23,1,0,2
BRDA:23,1,1,1
BRF:3
BRH:3
end_of_record
TN:
SF:src\publishTab\ui\hooks\useAnimatedTabs.ts
FN:26,useAnimatedTabs
FN:49,(anonymous_10)
FN:52,(anonymous_11)
FN:64,useTabRegistry
FN:72,(anonymous_13)
FN:73,(anonymous_14)
FN:90,useIndicatorState
FN:106,(anonymous_16)
FN:121,useIndicatorUpdater
FN:126,(anonymous_18)
FN:147,useIndicatorResizeSync
FN:152,(anonymous_20)
FN:159,(anonymous_21)
FN:166,(anonymous_22)
FN:181,useOverflowState
FN:193,(anonymous_24)
FN:204,(anonymous_25)
FN:220,useOverflowUpdater
FN:224,(anonymous_27)
FN:253,useSelectedTabReveal
FN:258,(anonymous_29)
FN:274,useScrollByStep
FN:278,(anonymous_31)
FNF:23
FNH:23
FNDA:14,useAnimatedTabs
FNDA:1,(anonymous_10)
FNDA:1,(anonymous_11)
FNDA:14,useTabRegistry
FNDA:28,(anonymous_13)
FNDA:56,(anonymous_14)
FNDA:14,useIndicatorState
FNDA:4,(anonymous_16)
FNDA:14,useIndicatorUpdater
FNDA:5,(anonymous_18)
FNDA:14,useIndicatorResizeSync
FNDA:4,(anonymous_20)
FNDA:8,(anonymous_21)
FNDA:4,(anonymous_22)
FNDA:14,useOverflowState
FNDA:8,(anonymous_24)
FNDA:8,(anonymous_25)
FNDA:14,useOverflowUpdater
FNDA:9,(anonymous_27)
FNDA:14,useSelectedTabReveal
FNDA:4,(anonymous_29)
FNDA:14,useScrollByStep
FNDA:2,(anonymous_31)
DA:1,1
DA:5,1
DA:6,1
DA:26,1
DA:37,14
DA:38,14
DA:39,14
DA:40,14
DA:41,14
DA:43,14
DA:45,14
DA:50,1
DA:53,1
DA:68,14
DA:71,14
DA:73,28
DA:74,56
DA:79,14
DA:95,14
DA:99,14
DA:105,14
DA:106,14
DA:107,4
DA:110,14
DA:126,14
DA:127,5
DA:128,5
DA:129,0
DA:132,5
DA:152,14
DA:154,4
DA:158,4
DA:159,4
DA:160,8
DA:161,8
DA:162,8
DA:166,4
DA:167,4
DA:168,4
DA:186,14
DA:191,14
DA:193,14
DA:194,8
DA:195,8
DA:196,0
DA:197,0
DA:200,8
DA:201,8
DA:202,8
DA:204,8
DA:205,8
DA:206,8
DA:210,14
DA:224,14
DA:225,9
DA:226,9
DA:227,0
DA:230,9
DA:234,9
DA:236,9
DA:258,14
DA:259,4
DA:260,4
DA:277,14
DA:279,2
DA:280,2
DA:281,0
DA:284,2
LF:68
LH:63
BRDA:128,0,0,0
BRDA:154,1,0,0
BRDA:154,1,1,4
BRDA:161,2,0,8
BRDA:195,3,0,0
BRDA:226,4,0,0
BRDA:237,5,0,9
BRDA:237,5,1,2
BRDA:239,6,0,9
BRDA:239,6,1,2
BRDA:280,7,0,0
BRF:11
BRH:6
end_of_record
TN:
SF:src\publishTab\ui\icons\DownloadIcon.tsx
FN:14,DownloadIcon
FN:24,(anonymous_10)
FNF:2
FNH:2
FNDA:2,DownloadIcon
FNDA:6,(anonymous_10)
DA:1,1
DA:3,1
DA:14,1
DA:15,2
DA:25,6
LF:5
LH:5
BRF:0
BRH:0
end_of_record
TN:
SF:src\publishTab\utils\html.ts
FN:11,escapeHtml
FN:14,(anonymous_1)
FN:31,formatErrorHtml
FN:42,formatNotFoundHtml
FN:53,wrapHtmlInReportFrame
FNF:5
FNH:5
FNDA:25,escapeHtml
FNDA:327,(anonymous_1)
FNDA:2,formatErrorHtml
FNDA:5,formatNotFoundHtml
FNDA:6,wrapHtmlInReportFrame
DA:1,3
DA:11,3
DA:12,25
DA:15,327
DA:31,3
DA:32,2
DA:42,3
DA:43,5
DA:53,3
DA:58,6
LF:10
LH:10
BRDA:15,0,0,327
BRDA:15,0,1,0
BRF:2
BRH:1
end_of_record
TN:
SF:src\publishTab\utils\reportManifest.ts
FN:10,getManifestEntries
FN:24,findManifestEntryByAttachmentName
FN:29,(anonymous_2)
FN:39,getReportPath
FN:49,getReportDirectory
FN:62,isIndexReport
FN:78,getPreferredReportEntry
FN:86,(anonymous_7)
FN:88,(anonymous_8)
FN:102,getLegacyTabTitle
FNF:10
FNH:10
FNDA:29,getManifestEntries
FNDA:12,findManifestEntryByAttachmentName
FNDA:13,(anonymous_2)
FNDA:64,getReportPath
FNDA:7,getReportDirectory
FNDA:11,isIndexReport
FNDA:5,getPreferredReportEntry
FNDA:8,(anonymous_7)
FNDA:1,(anonymous_8)
FNDA:73,getLegacyTabTitle
DA:2,3
DA:10,3
DA:14,29
DA:24,3
DA:28,12
DA:29,13
DA:39,3
DA:40,64
DA:49,3
DA:50,7
DA:51,7
DA:62,3
DA:63,11
DA:64,11
DA:78,3
DA:81,5
DA:82,0
DA:85,5
DA:86,8
DA:88,1
DA:91,5
DA:102,3
DA:103,73
LF:23
LH:22
BRDA:14,0,0,29
BRDA:14,0,1,28
BRDA:40,1,0,64
BRDA:40,1,1,4
BRDA:40,1,2,1
BRDA:51,2,0,2
BRDA:51,2,1,5
BRDA:65,3,0,11
BRDA:65,3,1,9
BRDA:65,3,2,9
BRDA:65,3,3,8
BRDA:81,4,0,0
BRDA:91,5,0,5
BRDA:91,5,1,4
BRF:14
BRH:13
end_of_record
TN:
SF:src\publishTab\utils\reportPaths.ts
FN:11,isExternalUrl
FN:25,normalizeReportPath
FN:36,resolveRelativeReportPath
FN:55,createInternalReportHash
FN:67,getAttachmentNameFromHash
FNF:5
FNH:5
FNDA:18,isExternalUrl
FNDA:79,normalizeReportPath
FNDA:14,resolveRelativeReportPath
FNDA:11,createInternalReportHash
FNDA:12,getAttachmentNameFromHash
DA:1,5
DA:3,5
DA:11,5
DA:12,18
DA:25,5
DA:26,79
DA:36,5
DA:41,14
DA:42,14
DA:43,14
DA:44,14
DA:55,5
DA:56,11
DA:57,11
DA:58,11
DA:67,5
DA:70,12
DA:71,10
DA:74,2
DA:75,2
LF:20
LH:20
BRDA:13,0,0,18
BRDA:13,0,1,17
BRDA:13,0,2,13
BRDA:42,1,0,14
BRDA:42,1,1,12
BRDA:70,2,0,10
BRDA:70,3,0,12
BRDA:70,3,1,3
BRDA:75,4,0,2
BRDA:75,4,1,0
BRF:10
BRH:9
end_of_record
